###############################################################################
#
# IAR ANSI C/C++ Compiler V8.50.1.245/W32 for ARM         08/Dec/2020  15:53:37
# Copyright 1999-2020 IAR Systems AB.
#
#    Cpu mode                        
#    Endian                       =  little
#    Source file                  =
#        C:\work\AtmelSoftPAck\atmel-software-package-2.17\drivers\audio\ad1934.c
#    Command line                 =
#        -f C:\Users\c40450\AppData\Local\Temp\EW6964.tmp
#        (C:\work\AtmelSoftPAck\atmel-software-package-2.17\drivers\audio\ad1934.c
#        -D "SOFTPACK_VERSION=\"2.17\"" -D TRACE_LEVEL=5 -D VARIANT_DDRAM -D
#        CONFIG_ARCH_ARMV7A -D CONFIG_ARCH_ARM -D CONFIG_SOC_SAMA5D2 -D
#        CONFIG_CHIP_SAMA5D27 -D CONFIG_PACKAGE_289PIN -D
#        CONFIG_BOARD_SAMA5D2_XPLAINED -D CONFIG_HAVE_AIC5 -D
#        CONFIG_HAVE_FLEXCOM -D CONFIG_HAVE_PIO4 -D CONFIG_HAVE_PIO4_SECURE -D
#        CONFIG_HAVE_NFC -D CONFIG_HAVE_PIT -D CONFIG_HAVE_SMC -D
#        CONFIG_HAVE_SMC_SCRAMBLING -D CONFIG_HAVE_GMAC_QUEUES -D
#        CONFIG_HAVE_MPDDRC -D CONFIG_HAVE_MPDDRC_DATA_PATH -D
#        CONFIG_HAVE_MPDDRC_IO_CALIBRATION -D CONFIG_HAVE_MPDDRC_DDR2 -D
#        CONFIG_HAVE_MPDDRC_LPDDR2 -D CONFIG_HAVE_MPDDRC_DDR3 -D
#        CONFIG_HAVE_MPDDRC_LPDDR3 -D CONFIG_HAVE_ADC_SETTLING_TIME -D
#        CONFIG_HAVE_ADC_DIFF_INPUT -D CONFIG_HAVE_ADC_SEQ_R2 -D
#        CONFIG_HAVE_PMC_FAST_STARTUP -D CONFIG_HAVE_PMC_GENERATED_CLOCKS -D
#        CONFIG_HAVE_PMC_AUDIO_CLOCK -D CONFIG_HAVE_PMC_PLLADIV2 -D
#        CONFIG_HAVE_PMC_H32MXDIV -D CONFIG_HAVE_PMC_UPLL_BIAS -D
#        CONFIG_HAVE_SCKC -D CONFIG_HAVE_PWMC_DMA -D
#        CONFIG_HAVE_PWMC_SPREAD_SPECTRUM -D CONFIG_HAVE_PWMC_EXTERNAL_TRIGGER
#        -D CONFIG_HAVE_PWMC_FAULT_PROT_HIZ -D CONFIG_HAVE_PWMC_STEPPER_MOTOR
#        -D CONFIG_HAVE_PWMC_CMP_UNIT -D CONFIG_HAVE_PWMC_SYNC_MODE -D
#        CONFIG_HAVE_PWMC_OOV -D CONFIG_HAVE_PWMC_FMODE -D CONFIG_HAVE_PWMC_WP
#        -D CONFIG_HAVE_PWMC_DTIME -D CONFIG_HAVE_PWMC_ELINE -D
#        CONFIG_HAVE_SFRBU -D CONFIG_HAVE_L2CC -D CONFIG_HAVE_SAIC -D
#        CONFIG_HAVE_XDMAC -D CONFIG_HAVE_XDMAC_DATA_WIDTH_DWORD -D
#        CONFIG_HAVE_I2C_BUS -D CONFIG_HAVE_SECUMOD -D CONFIG_HAVE_SFC -D
#        CONFIG_HAVE_PWMC -D CONFIG_HAVE_SECURE_MATRIX -D
#        CONFIG_HAVE_DDR3_MT41K128M16 -D
#        CONFIG_HAVE_RSTC_CONFIGURABLE_USER_RESET -D CONFIG_HAVE_TC_FAULT_MODE
#        -D CONFIG_HAVE_TC_DMA_MODE -D CONFIG_HAVE_RTC_CALIBRATION -D
#        CONFIG_HAVE_RTC_MODE_PERSIAN -D CONFIG_HAVE_RTC_MODE_UTC -D
#        CONFIG_HAVE_RTC_TAMPER -D CONFIG_HAVE_AUDIO -D CONFIG_HAVE_SSC -D
#        CONFIG_HAVE_CLASSD -D CONFIG_HAVE_I2SC -D CONFIG_HAVE_PDMIC -D
#        CONFIG_HAVE_AUDIO_AD1934 -D CONFIG_HAVE_SHDWC -D CONFIG_HAVE_SPI -D
#        CONFIG_HAVE_SPI_FIFO -D CONFIG_HAVE_MMU -D CONFIG_HAVE_L1CACHE -D
#        CONFIG_HAVE_L2CACHE -D CONFIG_HAVE_SPI_BUS -D CONFIG_HAVE_UART -D
#        CONFIG_HAVE_SERIALD_UART -D CONFIG_HAVE_USART -D
#        CONFIG_HAVE_USART_FIFO -D CONFIG_HAVE_AUDIO_WM8731 --preprocess
#        C:\work\AtmelSoftPAck\atmel-software-package-2.17\examples\iis_dma_codec\build\sama5d2-xplained\ddram\List
#        -lC
#        C:\work\AtmelSoftPAck\atmel-software-package-2.17\examples\iis_dma_codec\build\sama5d2-xplained\ddram\List
#        --diag_suppress Pa050 -o
#        C:\work\AtmelSoftPAck\atmel-software-package-2.17\examples\iis_dma_codec\build\sama5d2-xplained\ddram\Obj
#        --no_cse --no_unroll --no_inline --no_code_motion --no_tbaa
#        --no_clustering --no_scheduling --debug --endian=little
#        --cpu=Cortex-A5 -e --fpu=VFPv4_D16 --dlib_config "C:\Program Files
#        (x86)\IAR Systems\Embedded Workbench
#        8.4\arm\inc\c\DLib_Config_Normal.h" -I
#        C:\work\AtmelSoftPAck\atmel-software-package-2.17\examples\iis_dma_codec\..\..\arch\
#        -I
#        C:\work\AtmelSoftPAck\atmel-software-package-2.17\examples\iis_dma_codec\..\..\utils\
#        -I
#        C:\work\AtmelSoftPAck\atmel-software-package-2.17\examples\iis_dma_codec\..\..\target\common\
#        -I
#        C:\work\AtmelSoftPAck\atmel-software-package-2.17\examples\iis_dma_codec\..\..\target\sama5d2\
#        -I
#        C:\work\AtmelSoftPAck\atmel-software-package-2.17\examples\iis_dma_codec\..\..\drivers\
#        -I
#        C:\work\AtmelSoftPAck\atmel-software-package-2.17\examples\iis_dma_codec\..\..\lib\
#        --section .text=SOFTPACK --cpu_mode arm -On)
#    Locale                       =  C
#    List file                    =
#        C:\work\AtmelSoftPAck\atmel-software-package-2.17\examples\iis_dma_codec\build\sama5d2-xplained\ddram\List\ad1934.lst
#    Object file                  =
#        C:\work\AtmelSoftPAck\atmel-software-package-2.17\examples\iis_dma_codec\build\sama5d2-xplained\ddram\Obj\ad1934.o
#    Runtime model:                  
#      __SystemLibrary            =  DLib
#      __dlib_file_descriptor     =  0
#      __dlib_full_locale_support =  0
#      __dlib_version             =  6
#
###############################################################################

C:\work\AtmelSoftPAck\atmel-software-package-2.17\drivers\audio\ad1934.c
      1          /* ----------------------------------------------------------------------------
      2           *         SAM Software Package License
      3           * ----------------------------------------------------------------------------
      4           * Copyright (c) 2016, Atmel Corporation
      5           *
      6           * All rights reserved.
      7           *
      8           * Redistribution and use in source and binary forms, with or without
      9           * modification, are permitted provided that the following conditions are met:
     10           *
     11           * - Redistributions of source code must retain the above copyright notice,
     12           * this list of conditions and the disclaimer below.
     13           *
     14           * Atmel's name may not be used to endorse or promote products derived from
     15           * this software without specific prior written permission.
     16           *
     17           * DISCLAIMER: THIS SOFTWARE IS PROVIDED BY ATMEL "AS IS" AND ANY EXPRESS OR
     18           * IMPLIED WARRANTIES, INCLUDING, BUT NOT LIMITED TO, THE IMPLIED WARRANTIES OF
     19           * MERCHANTABILITY, FITNESS FOR A PARTICULAR PURPOSE AND NON-INFRINGEMENT ARE
     20           * DISCLAIMED. IN NO EVENT SHALL ATMEL BE LIABLE FOR ANY DIRECT, INDIRECT,
     21           * INCIDENTAL, SPECIAL, EXEMPLARY, OR CONSEQUENTIAL DAMAGES (INCLUDING, BUT NOT
     22           * LIMITED TO, PROCUREMENT OF SUBSTITUTE GOODS OR SERVICES; LOSS OF USE, DATA,
     23           * OR PROFITS; OR BUSINESS INTERRUPTION) HOWEVER CAUSED AND ON ANY THEORY OF
     24           * LIABILITY, WHETHER IN CONTRACT, STRICT LIABILITY, OR TORT (INCLUDING
     25           * NEGLIGENCE OR OTHERWISE) ARISING IN ANY WAY OUT OF THE USE OF THIS SOFTWARE,
     26           * EVEN IF ADVISED OF THE POSSIBILITY OF SUCH DAMAGE.
     27           * ----------------------------------------------------------------------------
     28           */
     29          
     30          /*----------------------------------------------------------------------------
     31           *        Headers
     32           *----------------------------------------------------------------------------*/
     33          
     34          #include "board.h"
     35          #include "chip.h"
     36          #include "trace.h"
     37          #include "compiler.h"
     38          
     39          #include "audio/ad1934.h"
     40          #include "peripherals/pmc.h"
     41          #include "gpio/pio.h"
     42          #include "spi/spid.h"
     43          #include "peripherals/bus.h"
     44          
     45          #include <stdbool.h>
     46          #include <stdio.h>
     47          #include <string.h>
     48          
     49          /*----------------------------------------------------------------------------
     50           *         Definitions
     51           *----------------------------------------------------------------------------*/
     52          
     53          #define AD1934_PLL_CLK_CTRL0    0x00
     54          #define AD1934_PLL_CLK_CTRL1    0x01
     55          #define AD1934_DAC_CTRL0        0x02
     56          #define AD1934_DAC_CTRL1        0x03
     57          #define AD1934_DAC_CTRL2        0x04
     58          #define AD1934_DAC_CHNL_MUTE    0x05
     59          #define AD1934_DAC_L1_VOL       0x06
     60          #define AD1934_DAC_R1_VOL       0x07
     61          #define AD1934_DAC_L2_VOL       0x08
     62          #define AD1934_DAC_R2_VOL       0x09
     63          #define AD1934_DAC_L3_VOL       0x0a
     64          #define AD1934_DAC_R3_VOL       0x0b
     65          #define AD1934_DAC_L4_VOL       0x0c
     66          #define AD1934_DAC_R4_VOL       0x0d
     67          #define AD1934_ADC_CTRL0        0x0f
     68          #define AD1934_ADC_CTRL1        0x10
     69          
     70          /* This is the chip address 4 shifted left one bit plus the Read bit set to read */
     71          #define AD1934_GLOBAL_ADDRESS_READ 0x09
     72          
     73          /* This is the chip address 4 shifted left one bit plus the Write bit set to write */
     74          #define AD1934_GLOBAL_ADDRESS_WRITE 0x08
     75          
     76          #define AD1934_PLL_NORMAL_OPERATION 0x00
     77          #define AD1934_PLL_POWERDOWN        0x01
     78          
     79          #define AD1934_PLL_INPUT_MASK   0x6
     80          #define AD1934_PLL_INPUT_256    (0 << 1)
     81          #define AD1934_PLL_INPUT_384    (1 << 1)
     82          #define AD1934_PLL_INPUT_512    (2 << 1)
     83          #define AD1934_PLL_INPUT_768    (3 << 1)
     84          
     85          #define AD1934_PLL_MCLKO_OFF    (3 << 3)
     86          #define AD1934_PLL_INPUT_MCLK   (0 << 5)
     87          
     88          #define AD1934_PLL_DAC_ACTIVE   (1 << 7)
     89          
     90          #define AD1934_DAC_POWERDOWN            0x01
     91          #define AD1934_DAC_SERFMT_MASK          0xC0
     92          #define AD1934_DAC_SERFMT_STEREO        (0 << 6)
     93          #define AD1934_DAC_SERFMT_TDM           (1 << 6)
     94          
     95          #define AD1934_CTRL1_BCLK_ACTIVE_EDGE_NORMAL (0 << 0)
     96          #define AD1934_CTRL1_LRCLK_LEFT_LOW          (0 << 3)
     97          #define AD1934_CTRL1_LRCLK_MODE_MASTER       (1 << 4)
     98          #define AD1934_CTRL1_BCLK_MODE_MASTER        (1 << 5)
     99          #define AD1934_CTRL1_BCLK_SOURCE_INTERNAL    (1 << 6)
    100          #define AD1934_CTRL1_BCLK_POLARITY_NORMAL    (0 << 7)
    101          
    102          #define AD1934_DAC_CTRL0_SAMPLE_RATE_SHFT    (1)
    103          #define AD1934_DAC_CTRL0_SAMPLE_RATE_MASK    (3 << AD1934_DAC_CTRL0_SAMPLE_RATE_SHFT)
    104          
    105          #define AD1934_DAC_WORD_LEN_SHFT         3
    106          #define AD1934_DAC_WORD_LEN_MASK        (3 << AD1934_DAC_WORD_LEN_SHFT)
    107          #define AD1934_DAC_MASTER_MUTE  1
    108          
    109          #define AD1934_DACL1_MUTE       0
    110          #define AD1934_DACR1_MUTE       1
    111          #define AD1934_DACL2_MUTE       2
    112          #define AD1934_DACR2_MUTE       3
    113          #define AD1934_DACL3_MUTE       4
    114          #define AD1934_DACR3_MUTE       5
    115          #define AD1934_DACL4_MUTE       6
    116          #define AD1934_DACR4_MUTE       7
    117          
    118          #define AD1934_DAC_CHAN_SHFT    1
    119          #define AD1934_DAC_CHAN_MASK    (3 << AD1934_DAC_CHAN_SHFT)
    120          #define AD1934_DAC_LCR_MASTER   (1 << 4)
    121          #define AD1934_DAC_BCLK_MASTER  (1 << 5)
    122          #define AD1934_DAC_LEFT_HIGH    (1 << 3)
    123          #define AD1934_DAC_BCLK_INV     (1 << 7)
    124          #define AD1934_DAC_FMT_MASK     (AD1934_DAC_LCR_MASTER | \
    125                   AD1934_DAC_BCLK_MASTER | AD1934_DAC_LEFT_HIGH | AD1934_DAC_BCLK_INV)
    126          
    127          #define AD1934_2_CHANNELS   0
    128          #define AD1934_4_CHANNELS   1
    129          #define AD1934_8_CHANNELS   2
    130          #define AD1934_16_CHANNELS  3
    131          
    132          /*----------------------------------------------------------------------------
    133           *        Local functions
    134           *----------------------------------------------------------------------------*/
    135          
    136          /**
    137           * \brief Read data from AD1934 Register.
    138           *
    139           * \param spid   Pointer to spi driver structure
    140           * \param reg_addr Register address to read.
    141           * \return value in the given register.
    142           */

   \                                 In section SOFTPACK, align 4, keep-with-next
    143          static uint8_t ad1934_read_reg(struct _ad1934_desc* ad1934, uint8_t reg_addr)
    144          {
   \                     ad1934_read_reg:
   \        0x0   0xE92D'4038        PUSH     {R3-R5,LR}
   \        0x4   0xE24D'D020        SUB      SP,SP,#+32
   \        0x8   0xE1B0'4000        MOVS     R4,R0
   \        0xC   0xE1B0'5001        MOVS     R5,R1
    145          	uint8_t spi_in_message[1], spi_out_message[2];
    146          
    147          	/* Global Address[23:17] R/W[16] Register Address[15:8] Data[7:0] */
    148          	spi_out_message[0] = AD1934_GLOBAL_ADDRESS_READ;
   \       0x10   0xE3A0'0009        MOV      R0,#+9
   \       0x14   0xE5CD'0006        STRB     R0,[SP, #+6]
    149          	spi_out_message[1] = reg_addr;
   \       0x18   0xE5CD'5007        STRB     R5,[SP, #+7]
    150          
    151          	struct _buffer buf[2] = {
    152          		{
    153          			.data = spi_out_message,
    154          			.size = sizeof(spi_out_message),
    155          			.attr = BUS_BUF_ATTR_TX,
    156          		},
    157          		{
    158          			.data = spi_in_message,
    159          			.size = sizeof(spi_in_message),
    160          			.attr = BUS_BUF_ATTR_RX | BUS_SPI_BUF_ATTR_RELEASE_CS,
    161          		},
    162          	};
   \       0x1C   0xE28D'0008        ADD      R0,SP,#+8
   \       0x20   0x....'....        LDR      R1,??DataTable1
   \       0x24   0xE3A0'2018        MOV      R2,#+24
   \       0x28   0x....'....        BL       __aeabi_memcpy4
   \       0x2C   0xE28D'0006        ADD      R0,SP,#+6
   \       0x30   0xE58D'0008        STR      R0,[SP, #+8]
   \       0x34   0xE28D'0004        ADD      R0,SP,#+4
   \       0x38   0xE58D'0014        STR      R0,[SP, #+20]
    163          
    164          	bus_start_transaction(ad1934->bus);
   \       0x3C   0xE5D4'0000        LDRB     R0,[R4, #+0]
   \       0x40   0x....'....        BL       bus_start_transaction
    165          	bus_transfer(ad1934->bus, ad1934->dev->spi_dev.chip_select, buf, 2, NULL);
   \       0x44   0xE3A0'0000        MOV      R0,#+0
   \       0x48   0xE58D'0000        STR      R0,[SP, #+0]
   \       0x4C   0xE3A0'3002        MOV      R3,#+2
   \       0x50   0xE28D'2008        ADD      R2,SP,#+8
   \       0x54   0xE594'0004        LDR      R0,[R4, #+4]
   \       0x58   0xE5D0'1004        LDRB     R1,[R0, #+4]
   \       0x5C   0xE6FF'1071        UXTH     R1,R1
   \       0x60   0xE5D4'0000        LDRB     R0,[R4, #+0]
   \       0x64   0x....'....        BL       bus_transfer
    166          	bus_stop_transaction(ad1934->bus);
   \       0x68   0xE5D4'0000        LDRB     R0,[R4, #+0]
   \       0x6C   0x....'....        BL       bus_stop_transaction
    167          
    168          	return spi_in_message[0];
   \       0x70   0xE5DD'0004        LDRB     R0,[SP, #+4]
   \       0x74   0xE28D'D024        ADD      SP,SP,#+36
   \       0x78   0xE8BD'8030        POP      {R4,R5,PC}       ;; return
    169          }

   \                                 In section .rodata, align 4
   \                     ?_0:
   \        0x0   0x0000'0000        DC32 0x0, 2, 2, 0x0, 1, 2'049

   \              0x0000'0002  

   \              0x0000'0002  

   \              0x0000'0000  

   \              0x0000'0001  

   \              0x0000'0801
    170          
    171          /**
    172           * \brief  Write data to AD1934 Register.
    173           *
    174           * \param spid   Pointer to spi driver structure
    175           * \param reg_addr Register address to read.
    176           * \param data    Data to write
    177           */

   \                                 In section SOFTPACK, align 4, keep-with-next
    178          static void ad1934_write_reg(struct _ad1934_desc* ad1934, uint8_t reg_addr, uint8_t data)
    179          {
   \                     ad1934_write_reg:
   \        0x0   0xE92D'4078        PUSH     {R3-R6,LR}
   \        0x4   0xE24D'D014        SUB      SP,SP,#+20
   \        0x8   0xE1B0'4000        MOVS     R4,R0
   \        0xC   0xE1B0'5001        MOVS     R5,R1
   \       0x10   0xE1B0'6002        MOVS     R6,R2
    180          	uint8_t spi_out_message[3];
    181          
    182          	/* Global Address[23:17] R/W[16] Register Address[15:8] Data[7:0] */
    183          	spi_out_message[0] = AD1934_GLOBAL_ADDRESS_WRITE;
   \       0x14   0xE3A0'0008        MOV      R0,#+8
   \       0x18   0xE5CD'0004        STRB     R0,[SP, #+4]
    184          	spi_out_message[1] = reg_addr;
   \       0x1C   0xE5CD'5005        STRB     R5,[SP, #+5]
    185          	spi_out_message[2] = data;
   \       0x20   0xE5CD'6006        STRB     R6,[SP, #+6]
    186          
    187          	struct _buffer out = {
    188          		.data = spi_out_message,
    189          		.size = 3,
    190          		.attr = BUS_BUF_ATTR_TX | BUS_SPI_BUF_ATTR_RELEASE_CS,
    191          	};
   \       0x24   0xE28D'0008        ADD      R0,SP,#+8
   \       0x28   0x....'....        LDR      R1,??DataTable1_1
   \       0x2C   0xE891'100C        LDM      R1,{R2,R3,R12}
   \       0x30   0xE880'100C        STM      R0,{R2,R3,R12}
   \       0x34   0xE28D'0004        ADD      R0,SP,#+4
   \       0x38   0xE58D'0008        STR      R0,[SP, #+8]
    192          
    193          	bus_start_transaction(ad1934->bus);
   \       0x3C   0xE5D4'0000        LDRB     R0,[R4, #+0]
   \       0x40   0x....'....        BL       bus_start_transaction
    194          	bus_transfer(ad1934->bus, ad1934->dev->spi_dev.chip_select, &out, 1, NULL);
   \       0x44   0xE3A0'0000        MOV      R0,#+0
   \       0x48   0xE58D'0000        STR      R0,[SP, #+0]
   \       0x4C   0xE3A0'3001        MOV      R3,#+1
   \       0x50   0xE28D'2008        ADD      R2,SP,#+8
   \       0x54   0xE594'0004        LDR      R0,[R4, #+4]
   \       0x58   0xE5D0'1004        LDRB     R1,[R0, #+4]
   \       0x5C   0xE6FF'1071        UXTH     R1,R1
   \       0x60   0xE5D4'0000        LDRB     R0,[R4, #+0]
   \       0x64   0x....'....        BL       bus_transfer
    195          	bus_stop_transaction(ad1934->bus);
   \       0x68   0xE5D4'0000        LDRB     R0,[R4, #+0]
   \       0x6C   0x....'....        BL       bus_stop_transaction
    196          
    197          	return;
   \       0x70   0xE28D'D018        ADD      SP,SP,#+24
   \       0x74   0xE8BD'8070        POP      {R4-R6,PC}       ;; return
    198          }

   \                                 In section .rodata, align 4
   \                     ?_1:
   \        0x0   0x0000'0000        DC32 0x0, 3, 2'050

   \              0x0000'0003  

   \              0x0000'0802
    199          
    200          /*----------------------------------------------------------------------------
    201           *        Exported functions
    202           *----------------------------------------------------------------------------*/
    203          

   \                                 In section SOFTPACK, align 4, keep-with-next
    204          void ad1934_configure(struct _ad1934_desc* ad1934)
    205          {
   \                     ad1934_configure:
   \        0x0   0xE92D'4010        PUSH     {R4,LR}
   \        0x4   0xE1B0'4000        MOVS     R4,R0
    206          	/* Configure spi chip select */
    207          	bus_configure_slave(ad1934->dev->bus, ad1934->dev);
   \        0x8   0xE594'1004        LDR      R1,[R4, #+4]
   \        0xC   0xE594'0004        LDR      R0,[R4, #+4]
   \       0x10   0xE5D0'0000        LDRB     R0,[R0, #+0]
   \       0x14   0x....'....        BL       bus_configure_slave
    208          
    209          	/* unmute all dac channels */
    210          	ad1934_write_reg(ad1934, AD1934_DAC_CHNL_MUTE, 0x0);
   \       0x18   0xE3A0'2000        MOV      R2,#+0
   \       0x1C   0xE3A0'1005        MOV      R1,#+5
   \       0x20   0xE1B0'0004        MOVS     R0,R4
   \       0x24   0x....'....        BL       ad1934_write_reg
    211          
    212          	/* mclk=12.288Mhz fs=48Khz, 256*fs mode */
    213          	ad1934_write_reg(ad1934, AD1934_PLL_CLK_CTRL0,
    214          		AD1934_PLL_NORMAL_OPERATION | AD1934_PLL_INPUT_256 | AD1934_PLL_MCLKO_OFF |
    215          		AD1934_PLL_INPUT_MCLK | AD1934_PLL_DAC_ACTIVE);
   \       0x28   0xE3A0'2098        MOV      R2,#+152
   \       0x2C   0xE3A0'1000        MOV      R1,#+0
   \       0x30   0xE1B0'0004        MOVS     R0,R4
   \       0x34   0x....'....        BL       ad1934_write_reg
    216          
    217          	/* Serial format in tdm mode, fs=48K, SDATA=1*/
    218          	ad1934_write_reg(ad1934, AD1934_DAC_CTRL0, AD1934_DAC_SERFMT_TDM);
   \       0x38   0xE3A0'2040        MOV      R2,#+64
   \       0x3C   0xE3A0'1002        MOV      R1,#+2
   \       0x40   0xE1B0'0004        MOVS     R0,R4
   \       0x44   0x....'....        BL       ad1934_write_reg
    219          
    220          	/* LRCLK polarity left low, BCLK source internally generated, master mode */
    221          	ad1934_write_reg(ad1934, AD1934_DAC_CTRL1,
    222          		AD1934_CTRL1_BCLK_ACTIVE_EDGE_NORMAL | AD1934_CTRL1_LRCLK_LEFT_LOW |
    223          		AD1934_CTRL1_LRCLK_MODE_MASTER | AD1934_CTRL1_BCLK_MODE_MASTER |
    224          		AD1934_CTRL1_BCLK_SOURCE_INTERNAL | AD1934_CTRL1_BCLK_POLARITY_NORMAL);
   \       0x48   0xE3A0'2070        MOV      R2,#+112
   \       0x4C   0xE3A0'1003        MOV      R1,#+3
   \       0x50   0xE1B0'0004        MOVS     R0,R4
   \       0x54   0x....'....        BL       ad1934_write_reg
    225          }
   \       0x58   0xE8BD'8010        POP      {R4,PC}          ;; return
    226          
    227          

   \                                 In section SOFTPACK, align 4, keep-with-next
    228          void ad1934_master_volume_mute(struct _ad1934_desc* ad1934, bool mute)
    229          {
   \                     ad1934_master_volume_mute:
   \        0x0   0xE92D'4070        PUSH     {R4-R6,LR}
   \        0x4   0xE1B0'4000        MOVS     R4,R0
   \        0x8   0xE1B0'5001        MOVS     R5,R1
    230          	uint8_t val = ad1934_read_reg(ad1934, AD1934_DAC_CTRL2);
   \        0xC   0xE3A0'1004        MOV      R1,#+4
   \       0x10   0xE1B0'0004        MOVS     R0,R4
   \       0x14   0x....'....        BL       ad1934_read_reg
   \       0x18   0xE1B0'6000        MOVS     R6,R0
    231          	if (mute)
   \       0x1C   0xE1B0'0005        MOVS     R0,R5
   \       0x20   0xE6EF'0070        UXTB     R0,R0
   \       0x24   0xE350'0000        CMP      R0,#+0
   \       0x28   0x0A00'0005        BEQ      ??ad1934_master_volume_mute_0
    232          		ad1934_write_reg(ad1934, AD1934_DAC_CTRL2, val | AD1934_DAC_MASTER_MUTE);
   \       0x2C   0xE396'2001        ORRS     R2,R6,#0x1
   \       0x30   0xE6EF'2072        UXTB     R2,R2
   \       0x34   0xE3A0'1004        MOV      R1,#+4
   \       0x38   0xE1B0'0004        MOVS     R0,R4
   \       0x3C   0x....'....        BL       ad1934_write_reg
   \       0x40   0xEA00'0003        B        ??ad1934_master_volume_mute_1
    233          	else
    234          		ad1934_write_reg(ad1934, AD1934_DAC_CTRL2, val & ~AD1934_DAC_MASTER_MUTE);
   \                     ??ad1934_master_volume_mute_0:
   \       0x44   0xE216'20FE        ANDS     R2,R6,#0xFE
   \       0x48   0xE3A0'1004        MOV      R1,#+4
   \       0x4C   0xE1B0'0004        MOVS     R0,R4
   \       0x50   0x....'....        BL       ad1934_write_reg
    235          }
   \                     ??ad1934_master_volume_mute_1:
   \       0x54   0xE8BD'8070        POP      {R4-R6,PC}       ;; return
    236          
    237          

   \                                 In section SOFTPACK, align 4, keep-with-next
    238          bool ad1934_set_tdm_slot(struct _ad1934_desc* ad1934, int slots)
    239          {
   \                     ad1934_set_tdm_slot:
   \        0x0   0xE92D'40F8        PUSH     {R3-R7,LR}
   \        0x4   0xE1B0'4000        MOVS     R4,R0
   \        0x8   0xE1B0'5001        MOVS     R5,R1
    240          	uint32_t channels;
    241          	uint8_t val;
    242          
    243          	switch (slots) {
   \        0xC   0xE1B0'0005        MOVS     R0,R5
   \       0x10   0xE350'0002        CMP      R0,#+2
   \       0x14   0x0A00'0006        BEQ      ??ad1934_set_tdm_slot_0
   \       0x18   0xE350'0004        CMP      R0,#+4
   \       0x1C   0x0A00'0006        BEQ      ??ad1934_set_tdm_slot_1
   \       0x20   0xE350'0008        CMP      R0,#+8
   \       0x24   0x0A00'0006        BEQ      ??ad1934_set_tdm_slot_2
   \       0x28   0xE350'0010        CMP      R0,#+16
   \       0x2C   0x0A00'0006        BEQ      ??ad1934_set_tdm_slot_3
   \       0x30   0xEA00'0007        B        ??ad1934_set_tdm_slot_4
    244          	case 2:
    245          		channels = AD1934_2_CHANNELS;
   \                     ??ad1934_set_tdm_slot_0:
   \       0x34   0xE3A0'6000        MOV      R6,#+0
    246          		break;
   \       0x38   0xEA00'0007        B        ??ad1934_set_tdm_slot_5
    247          	case 4:
    248          		channels = AD1934_4_CHANNELS;
   \                     ??ad1934_set_tdm_slot_1:
   \       0x3C   0xE3A0'6001        MOV      R6,#+1
    249          		break;
   \       0x40   0xEA00'0005        B        ??ad1934_set_tdm_slot_5
    250          	case 8:
    251          		channels = AD1934_8_CHANNELS;
   \                     ??ad1934_set_tdm_slot_2:
   \       0x44   0xE3A0'6002        MOV      R6,#+2
    252          		break;
   \       0x48   0xEA00'0003        B        ??ad1934_set_tdm_slot_5
    253          	case 16:
    254          		channels = AD1934_16_CHANNELS;
   \                     ??ad1934_set_tdm_slot_3:
   \       0x4C   0xE3A0'6003        MOV      R6,#+3
    255          		break;
   \       0x50   0xEA00'0001        B        ??ad1934_set_tdm_slot_5
    256          	default:
    257          		return false;
   \                     ??ad1934_set_tdm_slot_4:
   \       0x54   0xE3A0'0000        MOV      R0,#+0
   \       0x58   0xEA00'000D        B        ??ad1934_set_tdm_slot_6
    258          	}
    259          
    260          	val = ad1934_read_reg(ad1934, AD1934_DAC_CTRL1);
   \                     ??ad1934_set_tdm_slot_5:
   \       0x5C   0xE3A0'1003        MOV      R1,#+3
   \       0x60   0xE1B0'0004        MOVS     R0,R4
   \       0x64   0x....'....        BL       ad1934_read_reg
   \       0x68   0xE1B0'7000        MOVS     R7,R0
    261          	ad1934_write_reg(ad1934, AD1934_DAC_CTRL1,
    262          			(val & ~AD1934_DAC_CHAN_MASK) | (channels << AD1934_DAC_CHAN_SHFT));
   \       0x6C   0xE1B0'0007        MOVS     R0,R7
   \       0x70   0xE6EF'0070        UXTB     R0,R0
   \       0x74   0xE3D0'0006        BICS     R0,R0,#0x6
   \       0x78   0xE1B0'1006        MOVS     R1,R6
   \       0x7C   0xE190'2081        ORRS     R2,R0,R1, LSL #+1
   \       0x80   0xE6EF'2072        UXTB     R2,R2
   \       0x84   0xE3A0'1003        MOV      R1,#+3
   \       0x88   0xE1B0'0004        MOVS     R0,R4
   \       0x8C   0x....'....        BL       ad1934_write_reg
    263          
    264          	return true;
   \       0x90   0xE3A0'0001        MOV      R0,#+1
   \                     ??ad1934_set_tdm_slot_6:
   \       0x94   0xE8BD'80F2        POP      {R1,R4-R7,PC}    ;; return
    265          }
    266          
    267          

   \                                 In section SOFTPACK, align 4, keep-with-next
    268          bool ad1934_set_sample_rate(struct _ad1934_desc* ad1934, uint32_t sample_rate)
    269          {
   \                     ad1934_set_sample_rate:
   \        0x0   0xE92D'40F8        PUSH     {R3-R7,LR}
   \        0x4   0xE1B0'4000        MOVS     R4,R0
   \        0x8   0xE1B0'5001        MOVS     R5,R1
    270          	uint8_t val, fs;
    271          	switch (sample_rate) {
   \        0xC   0xE1B0'0005        MOVS     R0,R5
   \       0x10   0xE350'0C7D        CMP      R0,#+32000
   \       0x14   0x0A00'001A        BEQ      ??ad1934_set_sample_rate_0
   \       0x18   0xE30A'1C44        MOVW     R1,#+44100
   \       0x1C   0xE150'0001        CMP      R0,R1
   \       0x20   0x0A00'0017        BEQ      ??ad1934_set_sample_rate_0
   \       0x24   0xE30B'1B80        MOVW     R1,#+48000
   \       0x28   0xE150'0001        CMP      R0,R1
   \       0x2C   0x0A00'0014        BEQ      ??ad1934_set_sample_rate_0
   \       0x30   0xE350'0CFA        CMP      R0,#+64000
   \       0x34   0x0A00'0014        BEQ      ??ad1934_set_sample_rate_1
   \       0x38   0xE3A0'1088        MOV      R1,#+136
   \       0x3C   0xE381'1B56        ORR      R1,R1,#0x15800
   \       0x40   0xE150'0001        CMP      R0,R1
   \       0x44   0x0A00'0010        BEQ      ??ad1934_set_sample_rate_1
   \       0x48   0xE3A0'1B40        MOV      R1,#+65536
   \       0x4C   0xE381'1C77        ORR      R1,R1,#0x7700
   \       0x50   0xE150'0001        CMP      R0,R1
   \       0x54   0x0A00'000C        BEQ      ??ad1934_set_sample_rate_1
   \       0x58   0xE350'0B7D        CMP      R0,#+128000
   \       0x5C   0x0A00'000C        BEQ      ??ad1934_set_sample_rate_2
   \       0x60   0xE3A0'1BAC        MOV      R1,#+176128
   \       0x64   0xE381'1F44        ORR      R1,R1,#0x110
   \       0x68   0xE150'0001        CMP      R0,R1
   \       0x6C   0x0A00'0008        BEQ      ??ad1934_set_sample_rate_2
   \       0x70   0xE3A0'1B80        MOV      R1,#+131072
   \       0x74   0xE381'1CEE        ORR      R1,R1,#0xEE00
   \       0x78   0xE150'0001        CMP      R0,R1
   \       0x7C   0x0A00'0004        BEQ      ??ad1934_set_sample_rate_2
   \       0x80   0xEA00'0005        B        ??ad1934_set_sample_rate_3
    272          	case 32000:
    273          	case 44100:
    274          	case 48000:
    275          		fs = 0x0;
   \                     ??ad1934_set_sample_rate_0:
   \       0x84   0xE3A0'7000        MOV      R7,#+0
    276          		break;
   \       0x88   0xEA00'0005        B        ??ad1934_set_sample_rate_4
    277          	case 64000:
    278          	case 88200:
    279          	case 96000:
    280          		fs = 0x1;
   \                     ??ad1934_set_sample_rate_1:
   \       0x8C   0xE3A0'7001        MOV      R7,#+1
    281          		break;
   \       0x90   0xEA00'0003        B        ??ad1934_set_sample_rate_4
    282          	case 128000:
    283          	case 176400:
    284          	case 192000:
    285          		fs = 0x10;
   \                     ??ad1934_set_sample_rate_2:
   \       0x94   0xE3A0'7010        MOV      R7,#+16
    286          		break;
   \       0x98   0xEA00'0001        B        ??ad1934_set_sample_rate_4
    287          	default:
    288          		return false;
   \                     ??ad1934_set_sample_rate_3:
   \       0x9C   0xE3A0'0000        MOV      R0,#+0
   \       0xA0   0xEA00'000A        B        ??ad1934_set_sample_rate_5
    289          	}
    290          
    291          	val = ad1934_read_reg(ad1934, AD1934_DAC_CTRL0);
   \                     ??ad1934_set_sample_rate_4:
   \       0xA4   0xE3A0'1002        MOV      R1,#+2
   \       0xA8   0xE1B0'0004        MOVS     R0,R4
   \       0xAC   0x....'....        BL       ad1934_read_reg
   \       0xB0   0xE1B0'6000        MOVS     R6,R0
    292          	ad1934_write_reg(ad1934, AD1934_DAC_CTRL0,
    293          			(val & ~AD1934_DAC_CTRL0_SAMPLE_RATE_MASK)
    294          				| (fs << AD1934_DAC_CTRL0_SAMPLE_RATE_SHFT));
   \       0xB4   0xE216'00F9        ANDS     R0,R6,#0xF9
   \       0xB8   0xE190'2087        ORRS     R2,R0,R7, LSL #+1
   \       0xBC   0xE6EF'2072        UXTB     R2,R2
   \       0xC0   0xE3A0'1002        MOV      R1,#+2
   \       0xC4   0xE1B0'0004        MOVS     R0,R4
   \       0xC8   0x....'....        BL       ad1934_write_reg
    295          	return true;
   \       0xCC   0xE3A0'0001        MOV      R0,#+1
   \                     ??ad1934_set_sample_rate_5:
   \       0xD0   0xE8BD'80F2        POP      {R1,R4-R7,PC}    ;; return
    296          }
    297          
    298          

   \                                 In section SOFTPACK, align 4, keep-with-next
    299          bool ad1934_set_word_width(struct _ad1934_desc* ad1934, uint8_t word_len)
    300          {
   \                     ad1934_set_word_width:
   \        0x0   0xE92D'4070        PUSH     {R4-R6,LR}
   \        0x4   0xE1B0'4000        MOVS     R4,R0
    301          	uint8_t val;
    302          
    303          	 /* bit size */
    304          	switch (word_len) {
   \        0x8   0xE1B0'0001        MOVS     R0,R1
   \        0xC   0xE6EF'0070        UXTB     R0,R0
   \       0x10   0xE350'0010        CMP      R0,#+16
   \       0x14   0x0A00'0006        BEQ      ??ad1934_set_word_width_0
   \       0x18   0xE350'0014        CMP      R0,#+20
   \       0x1C   0x0A00'0006        BEQ      ??ad1934_set_word_width_1
   \       0x20   0xE350'0018        CMP      R0,#+24
   \       0x24   0x0A00'0006        BEQ      ??ad1934_set_word_width_2
   \       0x28   0xE350'0020        CMP      R0,#+32
   \       0x2C   0x0A00'0004        BEQ      ??ad1934_set_word_width_2
   \       0x30   0xEA00'0005        B        ??ad1934_set_word_width_3
    305          	case 16:
    306          		word_len = 3;
   \                     ??ad1934_set_word_width_0:
   \       0x34   0xE3A0'5003        MOV      R5,#+3
    307          		break;
   \       0x38   0xEA00'0005        B        ??ad1934_set_word_width_4
    308          	case 20:
    309          		word_len = 1;
   \                     ??ad1934_set_word_width_1:
   \       0x3C   0xE3A0'5001        MOV      R5,#+1
    310          		break;
   \       0x40   0xEA00'0003        B        ??ad1934_set_word_width_4
    311          	case 24:
    312          	case 32:
    313          		word_len = 0;
   \                     ??ad1934_set_word_width_2:
   \       0x44   0xE3A0'5000        MOV      R5,#+0
    314          		break;
   \       0x48   0xEA00'0001        B        ??ad1934_set_word_width_4
    315          	default:
    316          		return false;
   \                     ??ad1934_set_word_width_3:
   \       0x4C   0xE3A0'0000        MOV      R0,#+0
   \       0x50   0xEA00'000A        B        ??ad1934_set_word_width_5
    317          	}
    318          
    319          	val = ad1934_read_reg(ad1934, AD1934_DAC_CTRL2);
   \                     ??ad1934_set_word_width_4:
   \       0x54   0xE3A0'1004        MOV      R1,#+4
   \       0x58   0xE1B0'0004        MOVS     R0,R4
   \       0x5C   0x....'....        BL       ad1934_read_reg
   \       0x60   0xE1B0'6000        MOVS     R6,R0
    320          	ad1934_write_reg(ad1934, AD1934_DAC_CTRL2,
    321          			(val & ~AD1934_DAC_WORD_LEN_MASK) | (word_len << AD1934_DAC_WORD_LEN_SHFT));
   \       0x64   0xE216'00E7        ANDS     R0,R6,#0xE7
   \       0x68   0xE190'2185        ORRS     R2,R0,R5, LSL #+3
   \       0x6C   0xE6EF'2072        UXTB     R2,R2
   \       0x70   0xE3A0'1004        MOV      R1,#+4
   \       0x74   0xE1B0'0004        MOVS     R0,R4
   \       0x78   0x....'....        BL       ad1934_write_reg
    322          
    323          	return true;
   \       0x7C   0xE3A0'0001        MOV      R0,#+1
   \                     ??ad1934_set_word_width_5:
   \       0x80   0xE8BD'8070        POP      {R4-R6,PC}       ;; return
    324          }
    325          
    326          

   \                                 In section SOFTPACK, align 4, keep-with-next
    327          void ad1934_set_channel_volume(struct _ad1934_desc* ad1934, enum _ad1934_dac_channel channel, uint8_t volume)
    328          {
   \                     ad1934_set_channel_volume:
   \        0x0   0xE92D'40F8        PUSH     {R3-R7,LR}
   \        0x4   0xE1B0'4000        MOVS     R4,R0
   \        0x8   0xE1B0'5001        MOVS     R5,R1
   \        0xC   0xE1B0'6002        MOVS     R6,R2
    329          	uint8_t chan_reg;
    330          
    331          	switch (channel) {
   \       0x10   0xE1B0'0005        MOVS     R0,R5
   \       0x14   0xE6EF'0070        UXTB     R0,R0
   \       0x18   0xE350'0007        CMP      R0,#+7
   \       0x1C   0x8A00'0013        BHI      ??ad1934_set_channel_volume_1
   \       0x20   0xE7DF'1000        LDRB     R1,[PC, R0]
   \       0x24   0xE08F'F101        ADD      PC,PC,R1, LSL #+2
   \                     ??ad1934_set_channel_volume_0:
   \       0x28   0x01 0x03          DC8      0x1,0x3,0x5,0x7

   \              0x05 0x07
   \       0x2C   0x09 0x0B          DC8      0x9,0xB,0xD,0xF

   \              0x0D 0x0F
    332          	case AD1934_DAC_L1_CHANNEL:
    333          		chan_reg = AD1934_DAC_L1_VOL;
   \                     ??ad1934_set_channel_volume_2:
   \       0x30   0xE3A0'7006        MOV      R7,#+6
    334          		break;
   \       0x34   0xEA00'000E        B        ??ad1934_set_channel_volume_3
    335          	case AD1934_DAC_R1_CHANNEL:
    336          		chan_reg = AD1934_DAC_R1_VOL;
   \                     ??ad1934_set_channel_volume_4:
   \       0x38   0xE3A0'7007        MOV      R7,#+7
    337          		break;
   \       0x3C   0xEA00'000C        B        ??ad1934_set_channel_volume_3
    338          	case AD1934_DAC_L2_CHANNEL:
    339          		chan_reg = AD1934_DAC_L2_VOL;
   \                     ??ad1934_set_channel_volume_5:
   \       0x40   0xE3A0'7008        MOV      R7,#+8
    340          		break;
   \       0x44   0xEA00'000A        B        ??ad1934_set_channel_volume_3
    341          	case AD1934_DAC_R2_CHANNEL:
    342          		chan_reg = AD1934_DAC_R2_VOL;
   \                     ??ad1934_set_channel_volume_6:
   \       0x48   0xE3A0'7009        MOV      R7,#+9
    343          		break;
   \       0x4C   0xEA00'0008        B        ??ad1934_set_channel_volume_3
    344          	case AD1934_DAC_L3_CHANNEL:
    345          		chan_reg = AD1934_DAC_L3_VOL;
   \                     ??ad1934_set_channel_volume_7:
   \       0x50   0xE3A0'700A        MOV      R7,#+10
    346          		break;
   \       0x54   0xEA00'0006        B        ??ad1934_set_channel_volume_3
    347          	case AD1934_DAC_R3_CHANNEL:
    348          		chan_reg = AD1934_DAC_R3_VOL;
   \                     ??ad1934_set_channel_volume_8:
   \       0x58   0xE3A0'700B        MOV      R7,#+11
    349          		break;
   \       0x5C   0xEA00'0004        B        ??ad1934_set_channel_volume_3
    350          	case AD1934_DAC_L4_CHANNEL:
    351          		chan_reg = AD1934_DAC_L4_VOL;
   \                     ??ad1934_set_channel_volume_9:
   \       0x60   0xE3A0'700C        MOV      R7,#+12
    352          		break;
   \       0x64   0xEA00'0002        B        ??ad1934_set_channel_volume_3
    353          	case AD1934_DAC_R4_CHANNEL:
    354          		chan_reg = AD1934_DAC_R4_VOL;
   \                     ??ad1934_set_channel_volume_10:
   \       0x68   0xE3A0'700D        MOV      R7,#+13
    355          		break;
   \       0x6C   0xEA00'0000        B        ??ad1934_set_channel_volume_3
    356          	default:
    357          		return;
   \                     ??ad1934_set_channel_volume_1:
   \       0x70   0xEA00'0005        B        ??ad1934_set_channel_volume_11
    358          	}
    359          
    360          	/* 0 -> No attenuation, 1 to 254 -> -3/8 db per step, 255->Full attenuation */
    361          	ad1934_write_reg(ad1934, chan_reg, volume);
   \                     ??ad1934_set_channel_volume_3:
   \       0x74   0xE1B0'2006        MOVS     R2,R6
   \       0x78   0xE6EF'2072        UXTB     R2,R2
   \       0x7C   0xE1B0'1007        MOVS     R1,R7
   \       0x80   0xE6EF'1071        UXTB     R1,R1
   \       0x84   0xE1B0'0004        MOVS     R0,R4
   \       0x88   0x....'....        BL       ad1934_write_reg
    362          }
   \                     ??ad1934_set_channel_volume_11:
   \       0x8C   0xE8BD'80F1        POP      {R0,R4-R7,PC}    ;; return

   \                                 In section SOFTPACK, align 4, keep-with-next
   \                     ??DataTable1:
   \        0x0   0x....'....        DC32     ?_0

   \                                 In section SOFTPACK, align 4, keep-with-next
   \                     ??DataTable1_1:
   \        0x0   0x....'....        DC32     ?_1

   Maximum stack usage in bytes:

   .cstack Function
   ------- --------
       8   ad1934_configure
         8   -> ad1934_write_reg
         8   -> bus_configure_slave
      16   ad1934_master_volume_mute
        16   -> ad1934_read_reg
        16   -> ad1934_write_reg
      48   ad1934_read_reg
        48   -> __aeabi_memcpy4
        48   -> bus_start_transaction
        48   -> bus_stop_transaction
        48   -> bus_transfer
      24   ad1934_set_channel_volume
        24   -> ad1934_write_reg
      24   ad1934_set_sample_rate
        24   -> ad1934_read_reg
        24   -> ad1934_write_reg
      24   ad1934_set_tdm_slot
        24   -> ad1934_read_reg
        24   -> ad1934_write_reg
      16   ad1934_set_word_width
        16   -> ad1934_read_reg
        16   -> ad1934_write_reg
      40   ad1934_write_reg
        40   -> bus_start_transaction
        40   -> bus_stop_transaction
        40   -> bus_transfer


   Section sizes:

   Bytes  Function/Label
   -----  --------------
       4  ??DataTable1
       4  ??DataTable1_1
      24  ?_0
      12  ?_1
      92  ad1934_configure
      88  ad1934_master_volume_mute
     124  ad1934_read_reg
     144  ad1934_set_channel_volume
     212  ad1934_set_sample_rate
     152  ad1934_set_tdm_slot
     132  ad1934_set_word_width
     120  ad1934_write_reg

 
    36 bytes in section .rodata
 1'072 bytes in section SOFTPACK
 
 1'072 bytes of CODE  memory
    36 bytes of CONST memory

Errors: none
Warnings: none
