###############################################################################
#
# IAR ANSI C/C++ Compiler V8.50.1.245/W32 for ARM         15/Jan/2021  07:27:10
# Copyright 1999-2020 IAR Systems AB.
#
#    Cpu mode             
#    Endian            =  little
#    Source file       =
#        C:\work\AtmelSoftPAck\atmel-software-package-2.17\target\common\board_console.c
#    Command line      =
#        -f C:\Users\c40450\AppData\Local\Temp\EW4A44.tmp
#        (C:\work\AtmelSoftPAck\atmel-software-package-2.17\target\common\board_console.c
#        -D "SOFTPACK_VERSION=\"2.17\"" -D TRACE_LEVEL=5 -D VARIANT_DDRAM -D
#        CONFIG_ARCH_ARMV5TE -D CONFIG_ARCH_ARM -D CONFIG_SOC_SAM9X60 -D
#        CONFIG_CHIP_SAM9X60 -D CONFIG_BOARD_SAM9X60_EK -D CONFIG_HAVE_AIC5 -D
#        CONFIG_HAVE_FLEXCOM -D CONFIG_HAVE_PIO3 -D CONFIG_HAVE_PIT -D
#        CONFIG_HAVE_SMC -D CONFIG_HAVE_SDRAMC -D CONFIG_HAVE_MPDDRC -D
#        CONFIG_HAVE_MPDDRC_DATA_PATH -D CONFIG_HAVE_MPDDRC_IO_CALIBRATION -D
#        CONFIG_HAVE_MPDDRC_DDR2 -D CONFIG_HAVE_ADC_LOW_RES -D
#        CONFIG_HAVE_PMC_FAST_STARTUP -D CONFIG_HAVE_PMC_GENERATED_CLOCKS -D
#        CONFIG_HAVE_SCKC -D CONFIG_HAVE_NFD0_ON_D16 -D CONFIG_HAVE_XDMAC -D
#        CONFIG_HAVE_LCD -D CONFIG_HAVE_LCDC -D CONFIG_HAVE_LCDC_OVR1 -D
#        CONFIG_HAVE_LCDC_OVR2 -D CONFIG_HAVE_PWMC -D
#        CONFIG_HAVE_DDR2_W972GG6KB -D CONFIG_HAVE_RSTC_EXTERNAL_RESET -D
#        CONFIG_HAVE_RSTC_INDEPENDENT_RESET -D CONFIG_HAVE_RTT -D
#        CONFIG_HAVE_SHDWC -D CONFIG_HAVE_LED -D CONFIG_HAVE_MMU -D
#        CONFIG_HAVE_L1CACHE -D CONFIG_HAVE_OTPC -D CONFIG_HAVE_DBGU -D
#        CONFIG_HAVE_SERIALD_DBGU -D CONFIG_HAVE_USART -D
#        CONFIG_HAVE_USART_FIFO -D CONFIG_HAVE_DWDT --preprocess
#        C:\work\AtmelSoftPAck\atmel-software-package-2.17\examples\lcd\build\sam9x60-ek\ddram\List
#        -lC
#        C:\work\AtmelSoftPAck\atmel-software-package-2.17\examples\lcd\build\sam9x60-ek\ddram\List
#        --diag_suppress Pa050 -o
#        C:\work\AtmelSoftPAck\atmel-software-package-2.17\examples\lcd\build\sam9x60-ek\ddram\Obj
#        --debug --endian=little --cpu=ARM926EJ-S -e --fpu=None --dlib_config
#        "C:\Program Files (x86)\IAR Systems\Embedded Workbench
#        8.4\arm\inc\c\DLib_Config_Normal.h" -I
#        C:\work\AtmelSoftPAck\atmel-software-package-2.17\examples\lcd\..\..\arch\
#        -I
#        C:\work\AtmelSoftPAck\atmel-software-package-2.17\examples\lcd\..\..\utils\
#        -I
#        C:\work\AtmelSoftPAck\atmel-software-package-2.17\examples\lcd\..\..\target\common\
#        -I
#        C:\work\AtmelSoftPAck\atmel-software-package-2.17\examples\lcd\..\..\target\sam9x60\
#        -I
#        C:\work\AtmelSoftPAck\atmel-software-package-2.17\examples\lcd\..\..\drivers\
#        -I
#        C:\work\AtmelSoftPAck\atmel-software-package-2.17\examples\lcd\..\..\lib\
#        --section .text=SOFTPACK --cpu_mode arm -Oh)
#    Locale            =  C
#    List file         =
#        C:\work\AtmelSoftPAck\atmel-software-package-2.17\examples\lcd\build\sam9x60-ek\ddram\List\board_console.lst
#    Object file       =
#        C:\work\AtmelSoftPAck\atmel-software-package-2.17\examples\lcd\build\sam9x60-ek\ddram\Obj\board_console.o
#    Runtime model:       
#      __SystemLibrary =  DLib
#      __dlib_version  =  6
#
###############################################################################

C:\work\AtmelSoftPAck\atmel-software-package-2.17\target\common\board_console.c
      1          /* ----------------------------------------------------------------------------
      2           *         SAM Software Package License
      3           * ----------------------------------------------------------------------------
      4           * Copyright (c) 2017, Atmel Corporation
      5           *
      6           * All rights reserved.
      7           *
      8           * Redistribution and use in source and binary forms, with or without
      9           * modification, are permitted provided that the following conditions are met:
     10           *
     11           * - Redistributions of source code must retain the above copyright notice,
     12           * this list of conditions and the disclaimer below.
     13           *
     14           * Atmel's name may not be used to endorse or promote products derived from
     15           * this software without specific prior written permission.
     16           *
     17           * DISCLAIMER: THIS SOFTWARE IS PROVIDED BY ATMEL "AS IS" AND ANY EXPRESS OR
     18           * IMPLIED WARRANTIES, INCLUDING, BUT NOT LIMITED TO, THE IMPLIED WARRANTIES OF
     19           * MERCHANTABILITY, FITNESS FOR A PARTICULAR PURPOSE AND NON-INFRINGEMENT ARE
     20           * DISCLAIMED. IN NO EVENT SHALL ATMEL BE LIABLE FOR ANY DIRECT, INDIRECT,
     21           * INCIDENTAL, SPECIAL, EXEMPLARY, OR CONSEQUENTIAL DAMAGES (INCLUDING, BUT NOT
     22           * LIMITED TO, PROCUREMENT OF SUBSTITUTE GOODS OR SERVICES; LOSS OF USE, DATA,
     23           * OR PROFITS; OR BUSINESS INTERRUPTION) HOWEVER CAUSED AND ON ANY THEORY OF
     24           * LIABILITY, WHETHER IN CONTRACT, STRICT LIABILITY, OR TORT (INCLUDING
     25           * NEGLIGENCE OR OTHERWISE) ARISING IN ANY WAY OUT OF THE USE OF THIS SOFTWARE,
     26           * EVEN IF ADVISED OF THE POSSIBILITY OF SUCH DAMAGE.
     27           * ----------------------------------------------------------------------------
     28           */
     29          
     30          /*----------------------------------------------------------------------------
     31           *        Headers
     32           *----------------------------------------------------------------------------*/
     33          
     34          #include <string.h>
     35          
     36          #include "board.h"
     37          #include "board_console.h"
     38          #include "serial/console.h"
     39          
     40          /*----------------------------------------------------------------------------
     41           *        Public Functions
     42           *----------------------------------------------------------------------------*/
     43          

   \                                 In section SOFTPACK, align 4, keep-with-next
     44          void board_cfg_console(uint32_t baudrate)
     45          {
   \                     board_cfg_console:
   \        0x0   0xE92D'41F0        PUSH     {R4-R8,LR}
   \        0x4   0xE1B0'4000        MOVS     R4,R0
   \        0x8   0xE24D'D028        SUB      SP,SP,#+40
     46          	struct _console_cfg console_cfg;
     47          
     48          	if (!baudrate) {
     49          #ifdef BOARD_CONSOLE_BAUDRATE
     50          		baudrate = BOARD_CONSOLE_BAUDRATE;
   \        0xC   0x03A0'4B40        MOVEQ    R4,#+65536
   \       0x10   0x0384'4CC2        ORREQ    R4,R4,#0xC200
     51          #else
     52          		baudrate = 115200;
     53          #endif
     54          	}
     55          
     56          #ifdef BOARD_CONSOLE_ADDR
     57          	memset(&console_cfg, 0, sizeof(console_cfg));
   \       0x14   0xE3A0'1028        MOV      R1,#+40
   \       0x18   0xE1A0'000D        MOV      R0,SP
   \       0x1C   0x....'....        BL       __aeabi_memclr4
     58          	console_cfg.addr = BOARD_CONSOLE_ADDR;
     59          	console_cfg.baudrate = baudrate;
     60          #  ifdef BOARD_CONSOLE_TX_PIN
     61          	const struct _pin tx_pin = BOARD_CONSOLE_TX_PIN;
     62          	console_cfg.tx_pin = tx_pin;
   \       0x20   0x....'....        ADR      R1,`board_cfg_console::tx_pin`
   \       0x24   0xE3E0'00FF        MVN      R0,#+255
   \       0x28   0xE891'500C        LDM      R1,{R2,R3,R12,LR}
   \       0x2C   0xE3C0'0ED0        BIC      R0,R0,#0xD00
   \       0x30   0xE58D'0000        STR      R0,[SP, #+0]
   \       0x34   0xE28D'0008        ADD      R0,SP,#+8
   \       0x38   0xE58D'4004        STR      R4,[SP, #+4]
   \       0x3C   0xE880'500C        STM      R0,{R2,R3,R12,LR}
     63          #  endif
     64          #  ifdef BOARD_CONSOLE_RX_PIN
     65          	const struct _pin rx_pin = BOARD_CONSOLE_RX_PIN;
     66          	console_cfg.rx_pin = rx_pin;
   \       0x40   0x....'....        ADR      R0,`board_cfg_console::rx_pin`
   \       0x44   0xE28D'4018        ADD      R4,SP,#+24
   \       0x48   0xE890'01E0        LDM      R0,{R5-R8}
     67          #  endif
     68          #else
     69          	get_romcode_console(&console_cfg);
     70          #endif
     71          
     72          	console_configure(&console_cfg);
   \       0x4C   0xE1A0'000D        MOV      R0,SP
   \       0x50   0xE884'01E0        STM      R4,{R5-R8}
   \       0x54   0x....'....        BL       console_configure
     73          }
   \       0x58   0xE28D'D028        ADD      SP,SP,#+40
   \       0x5C   0xE8BD'81F0        POP      {R4-R8,PC}       ;; return

   \                                 In section SOFTPACK, align 4, keep-with-next
   \                     `board_cfg_console::tx_pin`:
   \        0x0   0x00 0x00          DC8 0, 0, 0, 0

   \              0x00 0x00
   \        0x4   0x0000'0400        DC32 1'024
   \        0x8   0x00 0x00          DC8 0, 0, 0, 0

   \              0x00 0x00
   \        0xC   0x0000'0000        DC32 0

   \                                 In section SOFTPACK, align 4, keep-with-next
   \                     `board_cfg_console::rx_pin`:
   \        0x0   0x00 0x00          DC8 0, 0, 0, 0

   \              0x00 0x00
   \        0x4   0x0000'0200        DC32 512
   \        0x8   0x00 0x00          DC8 0, 0, 0, 0

   \              0x00 0x00
   \        0xC   0x0000'0000        DC32 0
     74          

   Maximum stack usage in bytes:

   .cstack Function
   ------- --------
      64   board_cfg_console
        64   -> __aeabi_memclr4
        64   -> console_configure


   Section sizes:

   Bytes  Function/Label
   -----  --------------
      96  board_cfg_console
      16  rx_pin
      16  tx_pin

 
 128 bytes in section SOFTPACK
 
 128 bytes of CODE memory

Errors: none
Warnings: none
