###############################################################################
#
# IAR ANSI C/C++ Compiler V8.50.1.245/W32 for ARM         30/Apr/2020  10:57:00
# Copyright 1999-2020 IAR Systems AB.
#
#    Cpu mode                    
#    Endian                   =  little
#    Source file              =
#        C:\work\AtmelSoftPAck\atmel-software-package-2.17\examples\coremark\main.c
#    Command line             =
#        -f C:\Users\c40450\AppData\Local\Temp\EW9637.tmp
#        (C:\work\AtmelSoftPAck\atmel-software-package-2.17\examples\coremark\main.c
#        -D "SOFTPACK_VERSION=\"2.17\"" -D TRACE_LEVEL=5 -D VARIANT_SRAM -D
#        CONFIG_ARCH_ARMV5TE -D CONFIG_ARCH_ARM -D CONFIG_SOC_SAM9X60 -D
#        CONFIG_CHIP_SAM9X60 -D CONFIG_BOARD_SAM9X60_EK -D CONFIG_HAVE_AIC5 -D
#        CONFIG_HAVE_FLEXCOM -D CONFIG_HAVE_PIO3 -D CONFIG_HAVE_PIT -D
#        CONFIG_HAVE_SMC -D CONFIG_HAVE_SDRAMC -D CONFIG_HAVE_MPDDRC -D
#        CONFIG_HAVE_MPDDRC_DATA_PATH -D CONFIG_HAVE_MPDDRC_IO_CALIBRATION -D
#        CONFIG_HAVE_MPDDRC_DDR2 -D CONFIG_HAVE_ADC_LOW_RES -D
#        CONFIG_HAVE_PMC_FAST_STARTUP -D CONFIG_HAVE_PMC_GENERATED_CLOCKS -D
#        CONFIG_HAVE_SCKC -D CONFIG_HAVE_NFD0_ON_D16 -D CONFIG_HAVE_XDMAC -D
#        CONFIG_HAVE_PWMC -D CONFIG_HAVE_DDR2_W972GG6KB -D
#        CONFIG_HAVE_RSTC_EXTERNAL_RESET -D CONFIG_HAVE_RSTC_INDEPENDENT_RESET
#        -D CONFIG_HAVE_RTT -D CONFIG_HAVE_SHDWC -D CONFIG_HAVE_LED -D
#        CONFIG_HAVE_MMU -D CONFIG_HAVE_L1CACHE -D CONFIG_HAVE_OTPC -D
#        CONFIG_HAVE_DBGU -D CONFIG_HAVE_SERIALD_DBGU -D CONFIG_HAVE_USART -D
#        CONFIG_HAVE_USART_FIFO -D CONFIG_HAVE_DWDT --preprocess
#        C:\work\AtmelSoftPAck\atmel-software-package-2.17\examples\coremark\build\sam9x60-ek\sram\List
#        -lC
#        C:\work\AtmelSoftPAck\atmel-software-package-2.17\examples\coremark\build\sam9x60-ek\sram\List
#        --diag_suppress Pa050 -o
#        C:\work\AtmelSoftPAck\atmel-software-package-2.17\examples\coremark\build\sam9x60-ek\sram\Obj
#        --no_cse --no_unroll --no_inline --no_code_motion --no_tbaa
#        --no_clustering --no_scheduling --debug --endian=little
#        --cpu=ARM926EJ-S -e --fpu=None --dlib_config "C:\Program Files
#        (x86)\IAR Systems\Embedded Workbench
#        8.4\arm\inc\c\DLib_Config_Normal.h" -I
#        C:\work\AtmelSoftPAck\atmel-software-package-2.17\examples\coremark\..\..\arch\
#        -I
#        C:\work\AtmelSoftPAck\atmel-software-package-2.17\examples\coremark\..\..\utils\
#        -I
#        C:\work\AtmelSoftPAck\atmel-software-package-2.17\examples\coremark\..\..\target\common\
#        -I
#        C:\work\AtmelSoftPAck\atmel-software-package-2.17\examples\coremark\..\..\target\sam9x60\
#        -I
#        C:\work\AtmelSoftPAck\atmel-software-package-2.17\examples\coremark\..\..\drivers\
#        -I
#        C:\work\AtmelSoftPAck\atmel-software-package-2.17\examples\coremark\..\..\lib\
#        -I
#        C:\work\AtmelSoftPAck\atmel-software-package-2.17\examples\coremark\coremark\
#        --section .text=SOFTPACK --cpu_mode arm -On)
#    Locale                   =  C
#    List file                =
#        C:\work\AtmelSoftPAck\atmel-software-package-2.17\examples\coremark\build\sam9x60-ek\sram\List\main.lst
#    Object file              =
#        C:\work\AtmelSoftPAck\atmel-software-package-2.17\examples\coremark\build\sam9x60-ek\sram\Obj\main.o
#    Runtime model:              
#      __SystemLibrary        =  DLib
#      __dlib_file_descriptor =  0
#      __dlib_version         =  6
#      __iar_require _Printf     
#
###############################################################################

C:\work\AtmelSoftPAck\atmel-software-package-2.17\examples\coremark\main.c
      1          /* ----------------------------------------------------------------------------
      2           *         SAM Software Package License
      3           * ----------------------------------------------------------------------------
      4           * Copyright (c) 2015, Atmel Corporation
      5           *
      6           * All rights reserved.
      7           *
      8           * Redistribution and use in source and binary forms, with or without
      9           * modification, are permitted provided that the following conditions are met:
     10           *
     11           * - Redistributions of source code must retain the above copyright notice,
     12           * this list of conditions and the disclaimer below.
     13           *
     14           * Atmel's name may not be used to endorse or promote products derived from
     15           * this software without specific prior written permission.
     16           *
     17           * DISCLAIMER: THIS SOFTWARE IS PROVIDED BY ATMEL "AS IS" AND ANY EXPRESS OR
     18           * IMPLIED WARRANTIES, INCLUDING, BUT NOT LIMITED TO, THE IMPLIED WARRANTIES OF
     19           * MERCHANTABILITY, FITNESS FOR A PARTICULAR PURPOSE AND NON-INFRINGEMENT ARE
     20           * DISCLAIMED. IN NO EVENT SHALL ATMEL BE LIABLE FOR ANY DIRECT, INDIRECT,
     21           * INCIDENTAL, SPECIAL, EXEMPLARY, OR CONSEQUENTIAL DAMAGES (INCLUDING, BUT NOT
     22           * LIMITED TO, PROCUREMENT OF SUBSTITUTE GOODS OR SERVICES; LOSS OF USE, DATA,
     23           * OR PROFITS; OR BUSINESS INTERRUPTION) HOWEVER CAUSED AND ON ANY THEORY OF
     24           * LIABILITY, WHETHER IN CONTRACT, STRICT LIABILITY, OR TORT (INCLUDING
     25           * NEGLIGENCE OR OTHERWISE) ARISING IN ANY WAY OUT OF THE USE OF THIS SOFTWARE,
     26           * EVEN IF ADVISED OF THE POSSIBILITY OF SUCH DAMAGE.
     27           * ----------------------------------------------------------------------------
     28           */
     29          
     30          
     31          /*----------------------------------------------------------------------------
     32           *        Headers
     33           *----------------------------------------------------------------------------*/
     34          
     35          #include "board.h"
     36          #include "chip.h"
     37          #include "trace.h"
     38          #include "compiler.h"
     39          //#include "timer.h"
     40          
     41          #include "irq/irq.h"
     42          #include "gpio/pio.h"
     43          #include "peripherals/pmc.h"
     44          #include "fft_radix2.h"
     45          #include "serial/console.h"
     46          #include "peripherals/tcd.h"
     47          #include "peripherals/tc.h"
     48          #include "peripherals/pit.h"
     49          #include <stdbool.h>
     50          #include <stdio.h>
     51          
     52          /*----------------------------------------------------------------------------
     53           *        Local definitions
     54           *----------------------------------------------------------------------------*/
     55          
     56          /*----------------------------------------------------------------------------
     57           *        Local variables
     58           *----------------------------------------------------------------------------*/

   \                                 In section .bss, align 4
     59          uint32_t  fini;
   \                     fini:
   \        0x0                      DS8 4
     60          

   \                                 In section SOFTPACK, align 4, keep-with-next
     61          void do_test(void)
     62          {
   \                     do_test:
   \        0x0   0xE92D'4010        PUSH     {R4,LR}
   \        0x4   0xE24D'D018        SUB      SP,SP,#+24
     63              void *param;  
     64              TCDef tcomp;
     65              //pit_enable();
     66              //initialize testbench for N=256
     67              param = define_params_radix2();
   \        0x8   0x....'....        BL       define_params_radix2
   \        0xC   0xE1B0'4000        MOVS     R4,R0
     68              pit_get_pivr();
   \       0x10   0x....'....        BL       pit_get_pivr
     69             
     70              pit_enable();
   \       0x14   0x....'....        BL       pit_enable
     71              // run the test 
     72              t_run_test_radix2(&tcomp, param);
   \       0x18   0xE1B0'1004        MOVS     R1,R4
   \       0x1C   0xE1B0'000D        MOVS     R0,SP
   \       0x20   0x....'....        BL       t_run_test_radix2
     73              pit_disable();
   \       0x24   0x....'....        BL       pit_disable
     74              fini = pit_get_pivr();
   \       0x28   0x....'....        BL       pit_get_pivr
   \       0x2C   0x....'....        LDR      R1,??DataTable1
   \       0x30   0xE581'0000        STR      R0,[R1, #+0]
     75          
     76              bmark_clean_radix2(param);
   \       0x34   0xE1B0'0004        MOVS     R0,R4
   \       0x38   0x....'....        BL       bmark_clean_radix2
     77              return;
   \       0x3C   0xE28D'D018        ADD      SP,SP,#+24
   \       0x40   0xE8BD'8010        POP      {R4,PC}          ;; return
     78          }
     79          
     80          /*----------------------------------------------------------------------------
     81           *        Global functions
     82           *----------------------------------------------------------------------------*/
     83          
     84          /**
     85           *  \brief getting-started Application entry point.
     86           *
     87           *  \return Unused (ANSI-C compatibility).
     88           */

   \                                 In section SOFTPACK, align 4, keep-with-next
     89          int main(void)
     90          {
   \                     main:
   \        0x0   0xE92D'5000        PUSH     {R12,LR}
     91                pit_get_pivr();
   \        0x4   0x....'....        BL       pit_get_pivr
     92                pit_disable();
   \        0x8   0x....'....        BL       pit_disable
     93                pit_set_piv(5186);
   \        0xC   0xE3A0'0042        MOV      R0,#+66
   \       0x10   0xE380'0D50        ORR      R0,R0,#0x1400
   \       0x14   0x....'....        BL       pit_set_piv
     94          
     95              console_example_info("CoreMark PRO FFT benchmark");    
   \       0x18   0x....'....        LDR      R0,??DataTable1_1
   \       0x1C   0x....'....        BL       console_example_info
     96              printf("starting test\r\n");
   \       0x20   0x....'....        LDR      R0,??DataTable1_2
   \       0x24   0x....'....        BL       printf
     97          
     98              do_test(); 
   \       0x28   0x....'....        BL       do_test
     99          
    100              printf("Finished test in %d ticks.\r\n", fini);   
   \       0x2C   0x....'....        LDR      R0,??DataTable1
   \       0x30   0xE590'1000        LDR      R1,[R0, #+0]
   \       0x34   0x....'....        LDR      R0,??DataTable1_3
   \       0x38   0x....'....        BL       printf
    101            
    102              while (1);
   \                     ??main_0:
   \       0x3C   0xEAFF'FFFE        B        ??main_0
    103          
    104          }

   \                                 In section SOFTPACK, align 4, keep-with-next
   \                     ??DataTable1:
   \        0x0   0x....'....        DC32     fini

   \                                 In section SOFTPACK, align 4, keep-with-next
   \                     ??DataTable1_1:
   \        0x0   0x....'....        DC32     ?_0

   \                                 In section SOFTPACK, align 4, keep-with-next
   \                     ??DataTable1_2:
   \        0x0   0x....'....        DC32     ?_1

   \                                 In section SOFTPACK, align 4, keep-with-next
   \                     ??DataTable1_3:
   \        0x0   0x....'....        DC32     ?_2

   \                                 In section .rodata, align 4
   \                     ?_0:
   \        0x0   0x43 0x6F          DC8 "CoreMark PRO FFT benchmark"

   \              0x72 0x65    

   \              0x4D 0x61    

   \              0x72 0x6B    

   \              0x20 0x50    

   \              0x52 0x4F    

   \              0x20 0x46    

   \              0x46 0x54    

   \              0x20 0x62    

   \              0x65 0x6E    

   \              0x63 0x68    

   \              0x6D 0x61    

   \              0x72 0x6B    

   \              0x00
   \       0x1B   0x00               DC8 0

   \                                 In section .rodata, align 4
   \                     ?_1:
   \        0x0   0x73 0x74          DC8 "starting test\015\012"

   \              0x61 0x72    

   \              0x74 0x69    

   \              0x6E 0x67    

   \              0x20 0x74    

   \              0x65 0x73    

   \              0x74 0x0D    

   \              0x0A 0x00

   \                                 In section .rodata, align 4
   \                     ?_2:
   \        0x0   0x46 0x69          DC8 "Finished test in %d ticks.\015\012"

   \              0x6E 0x69    

   \              0x73 0x68    

   \              0x65 0x64    

   \              0x20 0x74    

   \              0x65 0x73    

   \              0x74 0x20    

   \              0x69 0x6E    

   \              0x20 0x25    

   \              0x64 0x20    

   \              0x74 0x69    

   \              0x63 0x6B    

   \              0x73 0x2E    

   \              0x0D 0x0A    

   \              0x00
   \       0x1D   0x00 0x00          DC8 0, 0, 0

   \              0x00

   Maximum stack usage in bytes:

   .cstack Function
   ------- --------
      32   do_test
        32   -> bmark_clean_radix2
        32   -> define_params_radix2
        32   -> pit_disable
        32   -> pit_enable
        32   -> pit_get_pivr
        32   -> t_run_test_radix2
       8   main
         8   -> console_example_info
         8   -> do_test
         8   -> pit_disable
         8   -> pit_get_pivr
         8   -> pit_set_piv
         8   -> printf


   Section sizes:

   Bytes  Function/Label
   -----  --------------
       4  ??DataTable1
       4  ??DataTable1_1
       4  ??DataTable1_2
       4  ??DataTable1_3
      28  ?_0
      16  ?_1
      32  ?_2
      68  do_test
       4  fini
      64  main

 
   4 bytes in section .bss
  76 bytes in section .rodata
 148 bytes in section SOFTPACK
 
 148 bytes of CODE  memory
  76 bytes of CONST memory
   4 bytes of DATA  memory

Errors: none
Warnings: none
