###############################################################################
#
# IAR ANSI C/C++ Compiler V8.50.1.245/W32 for ARM         26/May/2020  15:07:48
# Copyright 1999-2020 IAR Systems AB.
#
#    Cpu mode             
#    Endian            =  little
#    Source file       =
#        C:\work\AtmelSoftPAck\atmel-software-package-2.17\utils\intmath.c
#    Command line      =
#        -f C:\Users\c40450\AppData\Local\Temp\EW442.tmp
#        (C:\work\AtmelSoftPAck\atmel-software-package-2.17\utils\intmath.c -D
#        "SOFTPACK_VERSION=\"2.17\"" -D TRACE_LEVEL=5 -D VARIANT_SRAM -D
#        CONFIG_ARCH_ARMV7A -D CONFIG_ARCH_ARM -D CONFIG_SOC_SAMA5D2 -D
#        CONFIG_CHIP_SAMA5D27 -D CONFIG_PACKAGE_289PIN -D
#        CONFIG_BOARD_SAMA5D27_SOM1_EK -D CONFIG_HAVE_AIC5 -D
#        CONFIG_HAVE_FLEXCOM -D CONFIG_HAVE_PIO4 -D CONFIG_HAVE_PIO4_SECURE -D
#        CONFIG_HAVE_NFC -D CONFIG_HAVE_PIT -D CONFIG_HAVE_SMC -D
#        CONFIG_HAVE_SMC_SCRAMBLING -D CONFIG_HAVE_GMAC_QUEUES -D
#        CONFIG_HAVE_MPDDRC -D CONFIG_HAVE_MPDDRC_DATA_PATH -D
#        CONFIG_HAVE_MPDDRC_IO_CALIBRATION -D CONFIG_HAVE_MPDDRC_DDR2 -D
#        CONFIG_HAVE_MPDDRC_LPDDR2 -D CONFIG_HAVE_MPDDRC_DDR3 -D
#        CONFIG_HAVE_MPDDRC_LPDDR3 -D CONFIG_HAVE_ADC_SETTLING_TIME -D
#        CONFIG_HAVE_ADC_DIFF_INPUT -D CONFIG_HAVE_ADC_SEQ_R2 -D
#        CONFIG_HAVE_PMC_FAST_STARTUP -D CONFIG_HAVE_PMC_GENERATED_CLOCKS -D
#        CONFIG_HAVE_PMC_AUDIO_CLOCK -D CONFIG_HAVE_PMC_PLLADIV2 -D
#        CONFIG_HAVE_PMC_H32MXDIV -D CONFIG_HAVE_PMC_UPLL_BIAS -D
#        CONFIG_HAVE_SCKC -D CONFIG_HAVE_PWMC_DMA -D
#        CONFIG_HAVE_PWMC_SPREAD_SPECTRUM -D CONFIG_HAVE_PWMC_EXTERNAL_TRIGGER
#        -D CONFIG_HAVE_PWMC_FAULT_PROT_HIZ -D CONFIG_HAVE_PWMC_STEPPER_MOTOR
#        -D CONFIG_HAVE_PWMC_CMP_UNIT -D CONFIG_HAVE_PWMC_SYNC_MODE -D
#        CONFIG_HAVE_PWMC_OOV -D CONFIG_HAVE_PWMC_FMODE -D CONFIG_HAVE_PWMC_WP
#        -D CONFIG_HAVE_PWMC_DTIME -D CONFIG_HAVE_PWMC_ELINE -D
#        CONFIG_HAVE_SFRBU -D CONFIG_HAVE_L2CC -D CONFIG_HAVE_SAIC -D
#        CONFIG_HAVE_XDMAC -D CONFIG_HAVE_XDMAC_DATA_WIDTH_DWORD -D
#        CONFIG_HAVE_SECUMOD -D CONFIG_HAVE_SFC -D CONFIG_HAVE_PWMC -D
#        CONFIG_HAVE_SECURE_MATRIX -D CONFIG_HAVE_DDR2_W971GG6SB -D
#        CONFIG_HAVE_RSTC_CONFIGURABLE_USER_RESET -D CONFIG_HAVE_TC_FAULT_MODE
#        -D CONFIG_HAVE_TC_DMA_MODE -D CONFIG_HAVE_RTC_CALIBRATION -D
#        CONFIG_HAVE_RTC_MODE_PERSIAN -D CONFIG_HAVE_RTC_MODE_UTC -D
#        CONFIG_HAVE_RTC_TAMPER -D CONFIG_HAVE_SHDWC -D CONFIG_HAVE_LED -D
#        CONFIG_HAVE_MMU -D CONFIG_HAVE_L1CACHE -D CONFIG_HAVE_L2CACHE -D
#        CONFIG_HAVE_UART -D CONFIG_HAVE_SERIALD_UART -D CONFIG_HAVE_USART -D
#        CONFIG_HAVE_USART_FIFO --preprocess
#        C:\work\AtmelSoftPAck\atmel-software-package-2.17\examples\pwm\build\sama5d27-som1-ek\sram\List
#        -lC
#        C:\work\AtmelSoftPAck\atmel-software-package-2.17\examples\pwm\build\sama5d27-som1-ek\sram\List
#        --diag_suppress Pa050 -o
#        C:\work\AtmelSoftPAck\atmel-software-package-2.17\examples\pwm\build\sama5d27-som1-ek\sram\Obj
#        --debug --endian=little --cpu=Cortex-A5 -e --fpu=VFPv4_D16
#        --dlib_config "C:\Program Files (x86)\IAR Systems\Embedded Workbench
#        8.4\arm\inc\c\DLib_Config_Normal.h" -I
#        C:\work\AtmelSoftPAck\atmel-software-package-2.17\examples\pwm\..\..\arch\
#        -I
#        C:\work\AtmelSoftPAck\atmel-software-package-2.17\examples\pwm\..\..\utils\
#        -I
#        C:\work\AtmelSoftPAck\atmel-software-package-2.17\examples\pwm\..\..\target\common\
#        -I
#        C:\work\AtmelSoftPAck\atmel-software-package-2.17\examples\pwm\..\..\target\sama5d2\
#        -I
#        C:\work\AtmelSoftPAck\atmel-software-package-2.17\examples\pwm\..\..\drivers\
#        -I
#        C:\work\AtmelSoftPAck\atmel-software-package-2.17\examples\pwm\..\..\lib\
#        --section .text=SOFTPACK --cpu_mode arm -Oh)
#    Locale            =  C
#    List file         =
#        C:\work\AtmelSoftPAck\atmel-software-package-2.17\examples\pwm\build\sama5d27-som1-ek\sram\List\intmath.lst
#    Object file       =
#        C:\work\AtmelSoftPAck\atmel-software-package-2.17\examples\pwm\build\sama5d27-som1-ek\sram\Obj\intmath.o
#    Runtime model:       
#      __SystemLibrary =  DLib
#      __dlib_version  =  6
#
###############################################################################

C:\work\AtmelSoftPAck\atmel-software-package-2.17\utils\intmath.c
      1          #include "intmath.h"
      2          
      3          #ifndef HAVE_BSD_FLS

   \                                 In section SOFTPACK, align 4, keep-with-next
      4          int fls(int value)
      5          {
      6          	int i;
      7          
      8          	for (i = 31; i >= 0; i--)
   \                     fls:
   \        0x0   0xE3A0'101F        MOV      R1,#+31
   \        0x4   0xE3A0'2001        MOV      R2,#+1
      9          		if (value & (1 << i))
   \                     ??fls_0:
   \        0x8   0xE112'0150        TST      R2,R0, ASR R1
   \        0xC   0x1A00'0003        BNE      ??fls_1
   \       0x10   0xE251'1001        SUBS     R1,R1,#+1
   \       0x14   0x5AFF'FFFB        BPL      ??fls_0
     10          			return i + 1;
     11          
     12          	return 0;
   \       0x18   0xE3A0'0000        MOV      R0,#+0
   \       0x1C   0xE12F'FF1E        BX       LR
   \                     ??fls_1:
   \       0x20   0xE281'0001        ADD      R0,R1,#+1
   \       0x24   0xE12F'FF1E        BX       LR               ;; return
     13          }
     14          #endif

   Maximum stack usage in bytes:

   .cstack Function
   ------- --------
       0   fls


   Section sizes:

   Bytes  Function/Label
   -----  --------------
      40  fls

 
 40 bytes in section SOFTPACK
 
 40 bytes of CODE memory

Errors: none
Warnings: none
