###############################################################################
#
# IAR ANSI C/C++ Compiler V8.50.1.245/W32 for ARM         19/Aug/2020  13:39:16
# Copyright 1999-2020 IAR Systems AB.
#
#    Cpu mode             
#    Endian            =  little
#    Source file       =
#        C:\work\AtmelSoftPAck\atmel-software-package-2.17\drivers\gpio\piobu.c
#    Command line      =
#        -f C:\Users\c40450\AppData\Local\Temp\EW606B.tmp
#        (C:\work\AtmelSoftPAck\atmel-software-package-2.17\drivers\gpio\piobu.c
#        -D "SOFTPACK_VERSION=\"2.17\"" -D TRACE_LEVEL=5 -D VARIANT_SRAM -D
#        CONFIG_ARCH_ARMV7A -D CONFIG_ARCH_ARM -D CONFIG_SOC_SAMA5D2 -D
#        CONFIG_CHIP_SAMA5D27 -D CONFIG_PACKAGE_289PIN -D
#        CONFIG_BOARD_SAMA5D2_XPLAINED -D CONFIG_HAVE_AIC5 -D
#        CONFIG_HAVE_FLEXCOM -D CONFIG_HAVE_PIO4 -D CONFIG_HAVE_PIO4_SECURE -D
#        CONFIG_HAVE_NFC -D CONFIG_HAVE_PIT -D CONFIG_HAVE_SMC -D
#        CONFIG_HAVE_SMC_SCRAMBLING -D CONFIG_HAVE_GMAC_QUEUES -D
#        CONFIG_HAVE_MPDDRC -D CONFIG_HAVE_MPDDRC_DATA_PATH -D
#        CONFIG_HAVE_MPDDRC_IO_CALIBRATION -D CONFIG_HAVE_MPDDRC_DDR2 -D
#        CONFIG_HAVE_MPDDRC_LPDDR2 -D CONFIG_HAVE_MPDDRC_DDR3 -D
#        CONFIG_HAVE_MPDDRC_LPDDR3 -D CONFIG_HAVE_ADC_SETTLING_TIME -D
#        CONFIG_HAVE_ADC_DIFF_INPUT -D CONFIG_HAVE_ADC_SEQ_R2 -D
#        CONFIG_HAVE_PMC_FAST_STARTUP -D CONFIG_HAVE_PMC_GENERATED_CLOCKS -D
#        CONFIG_HAVE_PMC_AUDIO_CLOCK -D CONFIG_HAVE_PMC_PLLADIV2 -D
#        CONFIG_HAVE_PMC_H32MXDIV -D CONFIG_HAVE_PMC_UPLL_BIAS -D
#        CONFIG_HAVE_SCKC -D CONFIG_HAVE_PWMC_DMA -D
#        CONFIG_HAVE_PWMC_SPREAD_SPECTRUM -D CONFIG_HAVE_PWMC_EXTERNAL_TRIGGER
#        -D CONFIG_HAVE_PWMC_FAULT_PROT_HIZ -D CONFIG_HAVE_PWMC_STEPPER_MOTOR
#        -D CONFIG_HAVE_PWMC_CMP_UNIT -D CONFIG_HAVE_PWMC_SYNC_MODE -D
#        CONFIG_HAVE_PWMC_OOV -D CONFIG_HAVE_PWMC_FMODE -D CONFIG_HAVE_PWMC_WP
#        -D CONFIG_HAVE_PWMC_DTIME -D CONFIG_HAVE_PWMC_ELINE -D
#        CONFIG_HAVE_SFRBU -D CONFIG_HAVE_L2CC -D CONFIG_HAVE_SAIC -D
#        CONFIG_HAVE_XDMAC -D CONFIG_HAVE_XDMAC_DATA_WIDTH_DWORD -D
#        CONFIG_HAVE_SECUMOD -D CONFIG_HAVE_SFC -D CONFIG_HAVE_PWMC -D
#        CONFIG_HAVE_SECURE_MATRIX -D CONFIG_HAVE_DDR3_MT41K128M16 -D
#        CONFIG_HAVE_RSTC_CONFIGURABLE_USER_RESET -D CONFIG_HAVE_TC_FAULT_MODE
#        -D CONFIG_HAVE_TC_DMA_MODE -D CONFIG_HAVE_RTC_CALIBRATION -D
#        CONFIG_HAVE_RTC_MODE_PERSIAN -D CONFIG_HAVE_RTC_MODE_UTC -D
#        CONFIG_HAVE_RTC_TAMPER -D CONFIG_HAVE_SHDWC -D CONFIG_HAVE_SPI -D
#        CONFIG_HAVE_SPI_FIFO -D CONFIG_HAVE_SPI_AT25 -D CONFIG_DRV_AT25 -D
#        CONFIG_HAVE_SPI_NOR -D CONFIG_HAVE_MMU -D CONFIG_HAVE_L1CACHE -D
#        CONFIG_HAVE_L2CACHE -D CONFIG_HAVE_SPI_BUS -D CONFIG_HAVE_UART -D
#        CONFIG_HAVE_SERIALD_UART -D CONFIG_HAVE_USART -D
#        CONFIG_HAVE_USART_FIFO --preprocess
#        C:\work\AtmelSoftPAck\atmel-software-package-2.17\examples\spi_serialflash\build\sama5d2-xplained\sram\List
#        -lC
#        C:\work\AtmelSoftPAck\atmel-software-package-2.17\examples\spi_serialflash\build\sama5d2-xplained\sram\List
#        --diag_suppress Pa050 -o
#        C:\work\AtmelSoftPAck\atmel-software-package-2.17\examples\spi_serialflash\build\sama5d2-xplained\sram\Obj
#        --debug --endian=little --cpu=Cortex-A5 -e --fpu=VFPv4_D16
#        --dlib_config "C:\Program Files (x86)\IAR Systems\Embedded Workbench
#        8.4\arm\inc\c\DLib_Config_Normal.h" -I
#        C:\work\AtmelSoftPAck\atmel-software-package-2.17\examples\spi_serialflash\..\..\arch\
#        -I
#        C:\work\AtmelSoftPAck\atmel-software-package-2.17\examples\spi_serialflash\..\..\utils\
#        -I
#        C:\work\AtmelSoftPAck\atmel-software-package-2.17\examples\spi_serialflash\..\..\target\common\
#        -I
#        C:\work\AtmelSoftPAck\atmel-software-package-2.17\examples\spi_serialflash\..\..\target\sama5d2\
#        -I
#        C:\work\AtmelSoftPAck\atmel-software-package-2.17\examples\spi_serialflash\..\..\drivers\
#        -I
#        C:\work\AtmelSoftPAck\atmel-software-package-2.17\examples\spi_serialflash\..\..\lib\
#        --section .text=SOFTPACK --cpu_mode arm -Oh)
#    Locale            =  C
#    List file         =
#        C:\work\AtmelSoftPAck\atmel-software-package-2.17\examples\spi_serialflash\build\sama5d2-xplained\sram\List\piobu.lst
#    Object file       =
#        C:\work\AtmelSoftPAck\atmel-software-package-2.17\examples\spi_serialflash\build\sama5d2-xplained\sram\Obj\piobu.o
#    Runtime model:       
#      __SystemLibrary =  DLib
#      __dlib_version  =  6
#
###############################################################################

C:\work\AtmelSoftPAck\atmel-software-package-2.17\drivers\gpio\piobu.c
      1          /* ----------------------------------------------------------------------------
      2           *         SAM Software Package License
      3           * ----------------------------------------------------------------------------
      4           * Copyright (c) 2017, Atmel Corporation
      5           *
      6           * All rights reserved.
      7           *
      8           * Redistribution and use in source and binary forms, with or without
      9           * modification, are permitted provided that the following conditions are met:
     10           *
     11           * - Redistributions of source code must retain the above copyright notice,
     12           * this list of conditions and the disclaimer below.
     13           *
     14           * Atmel's name may not be used to endorse or promote products derived from
     15           * this software without specific prior written permission.
     16           *
     17           * DISCLAIMER: THIS SOFTWARE IS PROVIDED BY ATMEL "AS IS" AND ANY EXPRESS OR
     18           * IMPLIED WARRANTIES, INCLUDING, BUT NOT LIMITED TO, THE IMPLIED WARRANTIES OF
     19           * MERCHANTABILITY, FITNESS FOR A PARTICULAR PURPOSE AND NON-INFRINGEMENT ARE
     20           * DISCLAIMED. IN NO EVENT SHALL ATMEL BE LIABLE FOR ANY DIRECT, INDIRECT,
     21           * INCIDENTAL, SPECIAL, EXEMPLARY, OR CONSEQUENTIAL DAMAGES (INCLUDING, BUT NOT
     22           * LIMITED TO, PROCUREMENT OF SUBSTITUTE GOODS OR SERVICES; LOSS OF USE, DATA,
     23           * OR PROFITS; OR BUSINESS INTERRUPTION) HOWEVER CAUSED AND ON ANY THEORY OF
     24           * LIABILITY, WHETHER IN CONTRACT, STRICT LIABILITY, OR TORT (INCLUDING
     25           * NEGLIGENCE OR OTHERWISE) ARISING IN ANY WAY OUT OF THE USE OF THIS SOFTWARE,
     26           * EVEN IF ADVISED OF THE POSSIBILITY OF SUCH DAMAGE.
     27           * ----------------------------------------------------------------------------
     28           */
     29          
     30          /*----------------------------------------------------------------------------
     31           *        Headers
     32           *----------------------------------------------------------------------------*/
     33          
     34          #include <errno.h>
     35          #include <stdbool.h>
     36          
     37          #include "board.h"
     38          #include "gpio/piobu.h"
     39          
     40          /*----------------------------------------------------------------------------
     41           *        Global functions
     42           *----------------------------------------------------------------------------*/
     43          

   \                                 In section SOFTPACK, align 4, keep-with-next
     44          int piobu_configure(const struct _pin* pin_list, int size)
     45          {
   \                     piobu_configure:
   \        0x0   0xE92D'4030        PUSH     {R4,R5,LR}
     46          	int i, j;
     47          
     48          	for (i = 0; i < size; i++) {
   \        0x4   0xE351'0000        CMP      R1,#+0
   \        0x8   0xDA00'0025        BLE      ??piobu_configure_0
   \        0xC   0xE280'0004        ADD      R0,R0,#+4
   \       0x10   0xE3A0'4001        MOV      R4,#+1
     49          		const struct _pin* pin = &pin_list[i];
     50          		uint32_t piobu = 0;
     51          
     52          		switch (pin->type) {
   \                     ??piobu_configure_1:
   \       0x14   0xE5D0'3004        LDRB     R3,[R0, #+4]
   \       0x18   0xE3A0'2000        MOV      R2,#+0
   \       0x1C   0xE353'0007        CMP      R3,#+7
   \       0x20   0x0A00'0006        BEQ      ??piobu_configure_2
   \       0x24   0x3A00'0020        BCC      ??piobu_configure_3
   \       0x28   0xE353'0009        CMP      R3,#+9
   \       0x2C   0x0A00'0001        BEQ      ??piobu_configure_4
   \       0x30   0x3A00'0001        BCC      ??piobu_configure_5
   \       0x34   0xEA00'001C        B        ??piobu_configure_3
     53          		case PIO_INPUT:
     54          			break;
     55          		case PIO_OUTPUT_1:
     56          			piobu |= SECUMOD_PIOBU_PIO_SOD;
   \                     ??piobu_configure_4:
   \       0x38   0xE3A0'2F80        MOV      R2,#+512
     57          			/* fall-through */
     58          		case PIO_OUTPUT_0:
     59          			piobu |= SECUMOD_PIOBU_OUTPUT_ENABLED_OUTPUT;
   \                     ??piobu_configure_5:
   \       0x3C   0xE382'2F40        ORR      R2,R2,#0x100
     60          			break;
     61          		default:
     62          			return -EINVAL;
     63          		}
     64          
     65          		switch (pin->attribute) {
   \                     ??piobu_configure_2:
   \       0x40   0xE590'3008        LDR      R3,[R0, #+8]
   \       0x44   0xE353'0000        CMP      R3,#+0
   \       0x48   0x0A00'0006        BEQ      ??piobu_configure_6
   \       0x4C   0xE353'0002        CMP      R3,#+2
   \       0x50   0x0A00'0002        BEQ      ??piobu_configure_7
   \       0x54   0x2A00'0014        BCS      ??piobu_configure_3
     66          		case PIO_DEFAULT:
     67          			break;
     68          		case PIO_PULLUP:
     69          			piobu |= SECUMOD_PIOBU_PULLUP_PULL_UP;
   \       0x58   0xE382'2D40        ORR      R2,R2,#0x1000
     70          			break;
   \       0x5C   0xEA00'0000        B        ??piobu_configure_8
     71          		case PIO_PULLDOWN:
     72          			piobu |= SECUMOD_PIOBU_PULLUP_PULL_DOWN;
   \                     ??piobu_configure_7:
   \       0x60   0xE382'2D80        ORR      R2,R2,#0x2000
     73          			break;
     74          		default:
     75          			return -EINVAL;
     76          		}
     77          
     78          		for (j = 0; j < ARRAY_SIZE(SECUMOD->SECUMOD_PIOBU); j++) {
   \                     ??piobu_configure_8:
   \       0x64   0xE3A0'3000        MOV      R3,#+0
   \                     ??piobu_configure_6:
   \       0x68   0x....'....        LDR      R12,??DataTable3  ;; 0xfc040018
     79          			if (pin->mask & (1u << j))
   \                     ??piobu_configure_9:
   \       0x6C   0xE590'E000        LDR      LR,[R0, #+0]
   \       0x70   0xE114'033E        TST      R4,LR, LSR R3
     80          				SECUMOD->SECUMOD_PIOBU[j] = piobu;
   \       0x74   0xE283'3001        ADD      R3,R3,#+1
   \       0x78   0x158C'2000        STRNE    R2,[R12, #+0]
   \       0x7C   0xE590'5000        LDR      R5,[R0, #+0]
   \       0x80   0xE114'0335        TST      R4,R5, LSR R3
     81          		}
   \       0x84   0xE283'3001        ADD      R3,R3,#+1
   \       0x88   0x158C'2004        STRNE    R2,[R12, #+4]
   \       0x8C   0xE353'0008        CMP      R3,#+8
   \       0x90   0xE28C'C008        ADD      R12,R12,#+8
   \       0x94   0x3AFF'FFF4        BCC      ??piobu_configure_9
   \       0x98   0xE251'1001        SUBS     R1,R1,#+1
   \       0x9C   0xE280'0010        ADD      R0,R0,#+16
   \       0xA0   0x1AFF'FFDB        BNE      ??piobu_configure_1
     82          	}
     83          
     84          	return 0;
   \                     ??piobu_configure_0:
   \       0xA4   0xE3A0'0000        MOV      R0,#+0
   \       0xA8   0xE8BD'8030        POP      {R4,R5,PC}       ;; return
   \                     ??piobu_configure_3:
   \       0xAC   0xE3E0'001B        MVN      R0,#+27
   \       0xB0   0xE8BD'8030        POP      {R4,R5,PC}
     85          }
     86          

   \                                 In section SOFTPACK, align 4, keep-with-next
     87          uint32_t piobu_get(const struct _pin* pin)
     88          {
   \                     piobu_get:
   \        0x0   0xE92D'4010        PUSH     {R4,LR}
   \        0x4   0xE1A0'1000        MOV      R1,R0
     89          	uint32_t piobu = 0;
   \        0x8   0xE3A0'0000        MOV      R0,#+0
     90          	int i;
     91          
     92          	for (i = 0; i < ARRAY_SIZE(SECUMOD->SECUMOD_PIOBU); i++) {
   \        0xC   0xE3A0'2000        MOV      R2,#+0
   \       0x10   0x....'....        LDR      R3,??DataTable3  ;; 0xfc040018
     93          		if (pin->mask & (1u << i)) {
   \                     ??piobu_get_0:
   \       0x14   0xE591'C004        LDR      R12,[R1, #+4]
   \       0x18   0xE3A0'E001        MOV      LR,#+1
   \       0x1C   0xE11E'023C        TST      LR,R12, LSR R2
   \       0x20   0x0A00'0002        BEQ      ??piobu_get_1
     94          			if (SECUMOD->SECUMOD_PIOBU[i] & SECUMOD_PIOBU_PIO_PDS)
   \       0x24   0xE593'4000        LDR      R4,[R3, #+0]
   \       0x28   0xE314'0E40        TST      R4,#0x400
     95          				piobu |= (1u << i);
   \       0x2C   0x1180'021E        ORRNE    R0,R0,LR, LSL R2
     96          		}
     97          	}
   \                     ??piobu_get_1:
   \       0x30   0xE282'2001        ADD      R2,R2,#+1
   \       0x34   0xE283'3004        ADD      R3,R3,#+4
   \       0x38   0xE352'0008        CMP      R2,#+8
   \       0x3C   0x3AFF'FFF4        BCC      ??piobu_get_0
     98          
     99          	return piobu;
   \       0x40   0xE8BD'8010        POP      {R4,PC}          ;; return
    100          }
    101          

   \                                 In section SOFTPACK, align 4, keep-with-next
    102          void piobu_set(const struct _pin* pin)
    103          {
   \                     piobu_set:
   \        0x0   0xE92D'4010        PUSH     {R4,LR}
    104          	int i;
    105          
    106          	for (i = 0; i < ARRAY_SIZE(SECUMOD->SECUMOD_PIOBU); i++) {
   \        0x4   0xE3A0'1000        MOV      R1,#+0
   \        0x8   0x....'....        LDR      R2,??DataTable3  ;; 0xfc040018
   \        0xC   0xE3A0'C001        MOV      R12,#+1
    107          		if (pin->mask & (1u << i))
   \                     ??piobu_set_0:
   \       0x10   0xE590'3004        LDR      R3,[R0, #+4]
   \       0x14   0xE11C'0133        TST      R12,R3, LSR R1
    108          			SECUMOD->SECUMOD_PIOBU[i] |= SECUMOD_PIOBU_PIO_SOD;
    109          	}
   \       0x18   0xE281'1001        ADD      R1,R1,#+1
   \       0x1C   0x1592'E000        LDRNE    LR,[R2, #+0]
   \       0x20   0x138E'4F80        ORRNE    R4,LR,#0x200
   \       0x24   0x1582'4000        STRNE    R4,[R2, #+0]
   \       0x28   0xE351'0008        CMP      R1,#+8
   \       0x2C   0xE282'2004        ADD      R2,R2,#+4
   \       0x30   0x3AFF'FFF6        BCC      ??piobu_set_0
    110          }
   \       0x34   0xE8BD'8010        POP      {R4,PC}          ;; return
    111          

   \                                 In section SOFTPACK, align 4, keep-with-next
    112          void piobu_clear(const struct _pin* pin)
    113          {
   \                     piobu_clear:
   \        0x0   0xE92D'4010        PUSH     {R4,LR}
    114          	int i;
    115          
    116          	for (i = 0; i < ARRAY_SIZE(SECUMOD->SECUMOD_PIOBU); i++) {
   \        0x4   0xE3A0'1000        MOV      R1,#+0
   \        0x8   0x....'....        LDR      R2,??DataTable3  ;; 0xfc040018
   \        0xC   0xE3A0'C001        MOV      R12,#+1
    117          		if (pin->mask & (1u << i))
   \                     ??piobu_clear_0:
   \       0x10   0xE590'3004        LDR      R3,[R0, #+4]
   \       0x14   0xE11C'0133        TST      R12,R3, LSR R1
    118          			SECUMOD->SECUMOD_PIOBU[i] &= ~SECUMOD_PIOBU_PIO_SOD;
    119          	}
   \       0x18   0xE281'1001        ADD      R1,R1,#+1
   \       0x1C   0x1592'E000        LDRNE    LR,[R2, #+0]
   \       0x20   0x13CE'4F80        BICNE    R4,LR,#0x200
   \       0x24   0x1582'4000        STRNE    R4,[R2, #+0]
   \       0x28   0xE351'0008        CMP      R1,#+8
   \       0x2C   0xE282'2004        ADD      R2,R2,#+4
   \       0x30   0x3AFF'FFF6        BCC      ??piobu_clear_0
    120          }
   \       0x34   0xE8BD'8010        POP      {R4,PC}          ;; return

   \                                 In section SOFTPACK, align 4, keep-with-next
   \                     ??DataTable3:
   \        0x0   0xFC04'0018        DC32     0xfc040018

   Maximum stack usage in bytes:

   .cstack Function
   ------- --------
       8   piobu_clear
      12   piobu_configure
       8   piobu_get
       8   piobu_set


   Section sizes:

   Bytes  Function/Label
   -----  --------------
       4  ??DataTable3
      56  piobu_clear
     180  piobu_configure
      68  piobu_get
      56  piobu_set

 
 364 bytes in section SOFTPACK
 
 364 bytes of CODE memory

Errors: none
Warnings: none
