###############################################################################
#
# IAR ANSI C/C++ Compiler V8.50.1.245/W32 for ARM         20/Jan/2021  09:41:38
# Copyright 1999-2020 IAR Systems AB.
#
#    Cpu mode             
#    Endian            =  little
#    Source file       =
#        C:\work\AtmelSoftPAck\atmel-software-package-2.17\target\common\board_lcd.c
#    Command line      =
#        -f C:\Users\c40450\AppData\Local\Temp\EWCB1F.tmp
#        (C:\work\AtmelSoftPAck\atmel-software-package-2.17\target\common\board_lcd.c
#        -D "SOFTPACK_VERSION=\"2.17\"" -D TRACE_LEVEL=5 -D VARIANT_SRAM -D
#        CONFIG_ARCH_ARMV5TE -D CONFIG_ARCH_ARM -D CONFIG_SOC_SAM9X60 -D
#        CONFIG_CHIP_SAM9X60 -D CONFIG_BOARD_SAM9X60_EK -D CONFIG_HAVE_AIC5 -D
#        CONFIG_HAVE_FLEXCOM -D CONFIG_HAVE_PIO3 -D CONFIG_HAVE_PIT -D
#        CONFIG_HAVE_SMC -D CONFIG_HAVE_SDRAMC -D CONFIG_HAVE_MPDDRC -D
#        CONFIG_HAVE_MPDDRC_DATA_PATH -D CONFIG_HAVE_MPDDRC_IO_CALIBRATION -D
#        CONFIG_HAVE_MPDDRC_DDR2 -D CONFIG_HAVE_ADC_LOW_RES -D
#        CONFIG_HAVE_PMC_FAST_STARTUP -D CONFIG_HAVE_PMC_GENERATED_CLOCKS -D
#        CONFIG_HAVE_SCKC -D CONFIG_HAVE_NFD0_ON_D16 -D CONFIG_HAVE_XDMAC -D
#        CONFIG_HAVE_LCD -D CONFIG_HAVE_LCDC -D CONFIG_HAVE_LCDC_OVR1 -D
#        CONFIG_HAVE_LCDC_OVR2 -D CONFIG_HAVE_PWMC -D
#        CONFIG_HAVE_DDR2_W972GG6KB -D CONFIG_HAVE_RSTC_EXTERNAL_RESET -D
#        CONFIG_HAVE_RSTC_INDEPENDENT_RESET -D CONFIG_HAVE_RTT -D
#        CONFIG_HAVE_SHDWC -D CONFIG_HAVE_LED -D CONFIG_HAVE_MMU -D
#        CONFIG_HAVE_L1CACHE -D CONFIG_HAVE_OTPC -D CONFIG_HAVE_DBGU -D
#        CONFIG_HAVE_SERIALD_DBGU -D CONFIG_HAVE_USART -D
#        CONFIG_HAVE_USART_FIFO -D CONFIG_HAVE_DWDT --preprocess
#        C:\work\AtmelSoftPAck\atmel-software-package-2.17\examples\lcd\build\sam9x60-ek\sram\List
#        -lC
#        C:\work\AtmelSoftPAck\atmel-software-package-2.17\examples\lcd\build\sam9x60-ek\sram\List
#        --diag_suppress Pa050 -o
#        C:\work\AtmelSoftPAck\atmel-software-package-2.17\examples\lcd\build\sam9x60-ek\sram\Obj
#        --no_cse --no_unroll --no_inline --no_code_motion --no_tbaa
#        --no_clustering --no_scheduling --debug --endian=little
#        --cpu=ARM926EJ-S -e --fpu=None --dlib_config "C:\Program Files
#        (x86)\IAR Systems\Embedded Workbench
#        8.4\arm\inc\c\DLib_Config_Normal.h" -I
#        C:\work\AtmelSoftPAck\atmel-software-package-2.17\examples\lcd\..\..\arch\
#        -I
#        C:\work\AtmelSoftPAck\atmel-software-package-2.17\examples\lcd\..\..\utils\
#        -I
#        C:\work\AtmelSoftPAck\atmel-software-package-2.17\examples\lcd\..\..\target\common\
#        -I
#        C:\work\AtmelSoftPAck\atmel-software-package-2.17\examples\lcd\..\..\target\sam9x60\
#        -I
#        C:\work\AtmelSoftPAck\atmel-software-package-2.17\examples\lcd\..\..\drivers\
#        -I
#        C:\work\AtmelSoftPAck\atmel-software-package-2.17\examples\lcd\..\..\lib\
#        --section .text=SOFTPACK --cpu_mode arm -On)
#    Locale            =  C
#    List file         =
#        C:\work\AtmelSoftPAck\atmel-software-package-2.17\examples\lcd\build\sam9x60-ek\sram\List\board_lcd.lst
#    Object file       =
#        C:\work\AtmelSoftPAck\atmel-software-package-2.17\examples\lcd\build\sam9x60-ek\sram\Obj\board_lcd.o
#    Runtime model:       
#      __SystemLibrary =  DLib
#      __dlib_version  =  6
#
###############################################################################

C:\work\AtmelSoftPAck\atmel-software-package-2.17\target\common\board_lcd.c
      1          /* ----------------------------------------------------------------------------
      2           *         SAM Software Package License
      3           * ----------------------------------------------------------------------------
      4           * Copyright (c) 2016, Atmel Corporation
      5           *
      6           * All rights reserved.
      7           *
      8           * Redistribution and use in source and binary forms, with or without
      9           * modification, are permitted provided that the following conditions are met:
     10           *
     11           * - Redistributions of source code must retain the above copyright notice,
     12           * this list of conditions and the disclaimer below.
     13           *
     14           * Atmel's name may not be used to endorse or promote products derived from
     15           * this software without specific prior written permission.
     16           *
     17           * DISCLAIMER: THIS SOFTWARE IS PROVIDED BY ATMEL "AS IS" AND ANY EXPRESS OR
     18           * IMPLIED WARRANTIES, INCLUDING, BUT NOT LIMITED TO, THE IMPLIED WARRANTIES OF
     19           * MERCHANTABILITY, FITNESS FOR A PARTICULAR PURPOSE AND NON-INFRINGEMENT ARE
     20           * DISCLAIMED. IN NO EVENT SHALL ATMEL BE LIABLE FOR ANY DIRECT, INDIRECT,
     21           * INCIDENTAL, SPECIAL, EXEMPLARY, OR CONSEQUENTIAL DAMAGES (INCLUDING, BUT NOT
     22           * LIMITED TO, PROCUREMENT OF SUBSTITUTE GOODS OR SERVICES; LOSS OF USE, DATA,
     23           * OR PROFITS; OR BUSINESS INTERRUPTION) HOWEVER CAUSED AND ON ANY THEORY OF
     24           * LIABILITY, WHETHER IN CONTRACT, STRICT LIABILITY, OR TORT (INCLUDING
     25           * NEGLIGENCE OR OTHERWISE) ARISING IN ANY WAY OUT OF THE USE OF THIS SOFTWARE,
     26           * EVEN IF ADVISED OF THE POSSIBILITY OF SUCH DAMAGE.
     27           * ----------------------------------------------------------------------------
     28           */
     29          
     30          /*----------------------------------------------------------------------------
     31           *        Headers
     32           *----------------------------------------------------------------------------*/
     33          
     34          #include "board_lcd.h"
     35          #include "display/lcdc.h"
     36          #include "gpio/pio.h"
     37          
     38          /*----------------------------------------------------------------------------
     39           *        Public functions
     40           *----------------------------------------------------------------------------*/
     41          

   \                                 In section SOFTPACK, align 4, keep-with-next
     42          void board_cfg_lcd(void)
     43          {
   \                     board_cfg_lcd:
   \        0x0   0xE92D'4000        PUSH     {LR}
   \        0x4   0xE24D'D01C        SUB      SP,SP,#+28
     44          #ifdef BOARD_LCD_PINS
     45          	const struct _pin pins_lcd[] = BOARD_LCD_PINS;
   \        0x8   0xE28D'000C        ADD      R0,SP,#+12
   \        0xC   0xE59F'1030        LDR      R1,??board_cfg_lcd_0
   \       0x10   0xE3A0'2010        MOV      R2,#+16
   \       0x14   0x....'....        BL       __aeabi_memcpy4
     46          	const struct _lcdc_desc lcd_desc = {
     47          		.width = BOARD_LCD_WIDTH,
     48          		.height = BOARD_LCD_HEIGHT,
     49          		.framerate = BOARD_LCD_FRAMERATE,
     50          		.timing_vfp = BOARD_LCD_TIMING_VFP,
     51          		.timing_vbp = BOARD_LCD_TIMING_VBP,
     52          		.timing_vpw = BOARD_LCD_TIMING_VPW,
     53          		.timing_hfp = BOARD_LCD_TIMING_HFP,
     54          		.timing_hbp = BOARD_LCD_TIMING_HBP,
     55          		.timing_hpw = BOARD_LCD_TIMING_HPW,
     56          	};
   \       0x18   0xE1B0'000D        MOVS     R0,SP
   \       0x1C   0xE59F'1024        LDR      R1,??board_cfg_lcd_0+0x4
   \       0x20   0xE891'100C        LDM      R1,{R2,R3,R12}
   \       0x24   0xE880'100C        STM      R0,{R2,R3,R12}
     57          
     58          	pio_configure(pins_lcd, ARRAY_SIZE(pins_lcd));
   \       0x28   0xE3A0'1001        MOV      R1,#+1
   \       0x2C   0xE28D'000C        ADD      R0,SP,#+12
   \       0x30   0x....'....        BL       pio_configure
     59          	lcdc_configure(&lcd_desc);
   \       0x34   0xE1B0'000D        MOVS     R0,SP
   \       0x38   0x....'....        BL       lcdc_configure
     60          #endif
     61          }
   \       0x3C   0xE28D'D01C        ADD      SP,SP,#+28
   \       0x40   0xE8BD'8000        POP      {PC}             ;; return
   \                     ??board_cfg_lcd_0:
   \       0x44   0x....'....        DC32     ?_0
   \       0x48   0x....'....        DC32     ?_1

   \                                 In section .rodata, align 4
   \                     ?_1:
   \        0x0   0x0320 0x01E0      DC16 800, 480
   \        0x4   0x28 0x16          DC8 40, 22, 21, 2, 64, 64, 128, 0

   \              0x15 0x02    

   \              0x40 0x40    

   \              0x80 0x00

   \                                 In section .rodata, align 4
   \                     ?_0:
   \        0x0   0x02 0x00          DC8 2, 0, 0, 0

   \              0x00 0x00
   \        0x4   0x7DFF'FFFF        DC32 2'113'929'215
   \        0x8   0x00 0x00          DC8 0, 0, 0, 0

   \              0x00 0x00
   \        0xC   0x0000'0000        DC32 0

   Maximum stack usage in bytes:

   .cstack Function
   ------- --------
      32   board_cfg_lcd
        32   -> __aeabi_memcpy4
        32   -> lcdc_configure
        32   -> pio_configure


   Section sizes:

   Bytes  Function/Label
   -----  --------------
      16  ?_0
      12  ?_1
      76  board_cfg_lcd

 
 28 bytes in section .rodata
 76 bytes in section SOFTPACK
 
 76 bytes of CODE  memory
 28 bytes of CONST memory

Errors: none
Warnings: none
