###############################################################################
#
# IAR ANSI C/C++ Compiler V8.50.1.245/W32 for ARM         20/Jan/2021  09:41:40
# Copyright 1999-2020 IAR Systems AB.
#
#    Cpu mode             
#    Endian            =  little
#    Source file       =
#        C:\work\AtmelSoftPAck\atmel-software-package-2.17\drivers\led\led.c
#    Command line      =
#        -f C:\Users\c40450\AppData\Local\Temp\EWD661.tmp
#        (C:\work\AtmelSoftPAck\atmel-software-package-2.17\drivers\led\led.c
#        -D "SOFTPACK_VERSION=\"2.17\"" -D TRACE_LEVEL=5 -D VARIANT_SRAM -D
#        CONFIG_ARCH_ARMV5TE -D CONFIG_ARCH_ARM -D CONFIG_SOC_SAM9X60 -D
#        CONFIG_CHIP_SAM9X60 -D CONFIG_BOARD_SAM9X60_EK -D CONFIG_HAVE_AIC5 -D
#        CONFIG_HAVE_FLEXCOM -D CONFIG_HAVE_PIO3 -D CONFIG_HAVE_PIT -D
#        CONFIG_HAVE_SMC -D CONFIG_HAVE_SDRAMC -D CONFIG_HAVE_MPDDRC -D
#        CONFIG_HAVE_MPDDRC_DATA_PATH -D CONFIG_HAVE_MPDDRC_IO_CALIBRATION -D
#        CONFIG_HAVE_MPDDRC_DDR2 -D CONFIG_HAVE_ADC_LOW_RES -D
#        CONFIG_HAVE_PMC_FAST_STARTUP -D CONFIG_HAVE_PMC_GENERATED_CLOCKS -D
#        CONFIG_HAVE_SCKC -D CONFIG_HAVE_NFD0_ON_D16 -D CONFIG_HAVE_XDMAC -D
#        CONFIG_HAVE_LCD -D CONFIG_HAVE_LCDC -D CONFIG_HAVE_LCDC_OVR1 -D
#        CONFIG_HAVE_LCDC_OVR2 -D CONFIG_HAVE_PWMC -D
#        CONFIG_HAVE_DDR2_W972GG6KB -D CONFIG_HAVE_RSTC_EXTERNAL_RESET -D
#        CONFIG_HAVE_RSTC_INDEPENDENT_RESET -D CONFIG_HAVE_RTT -D
#        CONFIG_HAVE_SHDWC -D CONFIG_HAVE_LED -D CONFIG_HAVE_MMU -D
#        CONFIG_HAVE_L1CACHE -D CONFIG_HAVE_OTPC -D CONFIG_HAVE_DBGU -D
#        CONFIG_HAVE_SERIALD_DBGU -D CONFIG_HAVE_USART -D
#        CONFIG_HAVE_USART_FIFO -D CONFIG_HAVE_DWDT --preprocess
#        C:\work\AtmelSoftPAck\atmel-software-package-2.17\examples\lcd\build\sam9x60-ek\sram\List
#        -lC
#        C:\work\AtmelSoftPAck\atmel-software-package-2.17\examples\lcd\build\sam9x60-ek\sram\List
#        --diag_suppress Pa050 -o
#        C:\work\AtmelSoftPAck\atmel-software-package-2.17\examples\lcd\build\sam9x60-ek\sram\Obj
#        --no_cse --no_unroll --no_inline --no_code_motion --no_tbaa
#        --no_clustering --no_scheduling --debug --endian=little
#        --cpu=ARM926EJ-S -e --fpu=None --dlib_config "C:\Program Files
#        (x86)\IAR Systems\Embedded Workbench
#        8.4\arm\inc\c\DLib_Config_Normal.h" -I
#        C:\work\AtmelSoftPAck\atmel-software-package-2.17\examples\lcd\..\..\arch\
#        -I
#        C:\work\AtmelSoftPAck\atmel-software-package-2.17\examples\lcd\..\..\utils\
#        -I
#        C:\work\AtmelSoftPAck\atmel-software-package-2.17\examples\lcd\..\..\target\common\
#        -I
#        C:\work\AtmelSoftPAck\atmel-software-package-2.17\examples\lcd\..\..\target\sam9x60\
#        -I
#        C:\work\AtmelSoftPAck\atmel-software-package-2.17\examples\lcd\..\..\drivers\
#        -I
#        C:\work\AtmelSoftPAck\atmel-software-package-2.17\examples\lcd\..\..\lib\
#        --section .text=SOFTPACK --cpu_mode arm -On)
#    Locale            =  C
#    List file         =
#        C:\work\AtmelSoftPAck\atmel-software-package-2.17\examples\lcd\build\sam9x60-ek\sram\List\led.lst
#    Object file       =
#        C:\work\AtmelSoftPAck\atmel-software-package-2.17\examples\lcd\build\sam9x60-ek\sram\Obj\led.o
#    Runtime model:       
#      __SystemLibrary =  DLib
#      __dlib_version  =  6
#
###############################################################################

C:\work\AtmelSoftPAck\atmel-software-package-2.17\drivers\led\led.c
      1          /* ----------------------------------------------------------------------------
      2           *         SAM Software Package License
      3           * ----------------------------------------------------------------------------
      4           * Copyright (c) 2015, Atmel Corporation
      5           *
      6           * All rights reserved.
      7           *
      8           * Redistribution and use in source and binary forms, with or without
      9           * modification, are permitted provided that the following conditions are met:
     10           *
     11           * - Redistributions of source code must retain the above copyright notice,
     12           * this list of conditions and the disclaimer below.
     13           *
     14           * Atmel's name may not be used to endorse or promote products derived from
     15           * this software without specific prior written permission.
     16           *
     17           * DISCLAIMER: THIS SOFTWARE IS PROVIDED BY ATMEL "AS IS" AND ANY EXPRESS OR
     18           * IMPLIED WARRANTIES, INCLUDING, BUT NOT LIMITED TO, THE IMPLIED WARRANTIES OF
     19           * MERCHANTABILITY, FITNESS FOR A PARTICULAR PURPOSE AND NON-INFRINGEMENT ARE
     20           * DISCLAIMED. IN NO EVENT SHALL ATMEL BE LIABLE FOR ANY DIRECT, INDIRECT,
     21           * INCIDENTAL, SPECIAL, EXEMPLARY, OR CONSEQUENTIAL DAMAGES (INCLUDING, BUT NOT
     22           * LIMITED TO, PROCUREMENT OF SUBSTITUTE GOODS OR SERVICES; LOSS OF USE, DATA,
     23           * OR PROFITS; OR BUSINESS INTERRUPTION) HOWEVER CAUSED AND ON ANY THEORY OF
     24           * LIABILITY, WHETHER IN CONTRACT, STRICT LIABILITY, OR TORT (INCLUDING
     25           * NEGLIGENCE OR OTHERWISE) ARISING IN ANY WAY OUT OF THE USE OF THIS SOFTWARE,
     26           * EVEN IF ADVISED OF THE POSSIBILITY OF SUCH DAMAGE.
     27           * ----------------------------------------------------------------------------
     28           */
     29          
     30          /**
     31           * \file
     32           */
     33          
     34          /*------------------------------------------------------------------------------
     35           *         Headers
     36           *------------------------------------------------------------------------------*/
     37          
     38          #include "compiler.h"
     39          
     40          #include "led/led.h"
     41          
     42          #include "gpio/pio.h"
     43          
     44          /*------------------------------------------------------------------------------
     45           *         Local Variables
     46           *------------------------------------------------------------------------------*/
     47          
     48          /* Pins list asociated to LEDs */

   \                                 In section .bss, align 4
     49          static struct _pin *pins_leds;
   \                     pins_leds:
   \        0x0                      DS8 4
     50          
     51          /* Number of LEDs */

   \                                 In section .bss, align 4
     52          static uint32_t led_count = 0;
   \                     led_count:
   \        0x0                      DS8 4
     53          
     54          /*------------------------------------------------------------------------------
     55           *         Global Functions
     56           *------------------------------------------------------------------------------*/
     57          

   \                                 In section SOFTPACK, align 4, keep-with-next
     58          extern void led_configure(struct _pin *leds, uint32_t count)
     59          {
   \                     led_configure:
   \        0x0   0xE92D'4038        PUSH     {R3-R5,LR}
   \        0x4   0xE1B0'4000        MOVS     R4,R0
   \        0x8   0xE1B0'5001        MOVS     R5,R1
     60          	// Configure LED
     61          	led_count = count;
   \        0xC   0x....'....        LDR      R0,??DataTable3
   \       0x10   0xE580'5000        STR      R5,[R0, #+0]
     62          	pins_leds = leds;
   \       0x14   0x....'....        LDR      R2,??DataTable3_1
   \       0x18   0xE582'4000        STR      R4,[R2, #+0]
     63          	pio_configure(pins_leds, led_count);
   \       0x1C   0xE590'1000        LDR      R1,[R0, #+0]
   \       0x20   0xE592'0000        LDR      R0,[R2, #+0]
   \       0x24   0x....'....        BL       pio_configure
     64          }
   \       0x28   0xE8BD'8031        POP      {R0,R4,R5,PC}    ;; return
     65          

   \                                 In section SOFTPACK, align 4, keep-with-next
     66          extern uint32_t led_set(uint32_t led)
     67          {
   \                     led_set:
   \        0x0   0xE92D'4010        PUSH     {R4,LR}
   \        0x4   0xE1B0'4000        MOVS     R4,R0
     68          	/* Check if LED exists */
     69          	if (led >= led_count)
   \        0x8   0x....'....        LDR      R0,??DataTable3
   \        0xC   0xE590'0000        LDR      R0,[R0, #+0]
   \       0x10   0xE154'0000        CMP      R4,R0
   \       0x14   0x3A00'0001        BCC      ??led_set_0
     70          		return 0;
   \       0x18   0xE3A0'0000        MOV      R0,#+0
   \       0x1C   0xEA00'0010        B        ??led_set_1
     71          
     72          	/* Turn LED on */
     73          	if (pins_leds[led].type == PIO_OUTPUT_0)
   \                     ??led_set_0:
   \       0x20   0x....'....        LDR      R0,??DataTable3_1
   \       0x24   0xE590'1000        LDR      R1,[R0, #+0]
   \       0x28   0xE1B0'2204        LSLS     R2,R4,#+4
   \       0x2C   0xE091'1002        ADDS     R1,R1,R2
   \       0x30   0xE5D1'1008        LDRB     R1,[R1, #+8]
   \       0x34   0xE351'0008        CMP      R1,#+8
   \       0x38   0x1A00'0004        BNE      ??led_set_2
     74          		pio_set(&pins_leds[led]);
   \       0x3C   0xE590'0000        LDR      R0,[R0, #+0]
   \       0x40   0xE1B0'1204        LSLS     R1,R4,#+4
   \       0x44   0xE090'0001        ADDS     R0,R0,R1
   \       0x48   0x....'....        BL       pio_set
   \       0x4C   0xEA00'0003        B        ??led_set_3
     75          	else
     76          		pio_clear(&pins_leds[led]);
   \                     ??led_set_2:
   \       0x50   0xE590'0000        LDR      R0,[R0, #+0]
   \       0x54   0xE1B0'1204        LSLS     R1,R4,#+4
   \       0x58   0xE090'0001        ADDS     R0,R0,R1
   \       0x5C   0x....'....        BL       pio_clear
     77          
     78          	return 1;
   \                     ??led_set_3:
   \       0x60   0xE3A0'0001        MOV      R0,#+1
   \                     ??led_set_1:
   \       0x64   0xE8BD'8010        POP      {R4,PC}          ;; return
     79          }
     80          

   \                                 In section SOFTPACK, align 4, keep-with-next
     81          extern uint32_t led_clear (uint32_t led)
     82          {
   \                     led_clear:
   \        0x0   0xE92D'4010        PUSH     {R4,LR}
   \        0x4   0xE1B0'4000        MOVS     R4,R0
     83          	/* Check if LED exists */
     84          	if (led >= led_count)
   \        0x8   0x....'....        LDR      R0,??DataTable3
   \        0xC   0xE590'0000        LDR      R0,[R0, #+0]
   \       0x10   0xE154'0000        CMP      R4,R0
   \       0x14   0x3A00'0001        BCC      ??led_clear_0
     85          		return 0;
   \       0x18   0xE3A0'0000        MOV      R0,#+0
   \       0x1C   0xEA00'0010        B        ??led_clear_1
     86          
     87          	/* Turn LED off */
     88          	if (pins_leds[led].type == PIO_OUTPUT_0)
   \                     ??led_clear_0:
   \       0x20   0x....'....        LDR      R0,??DataTable3_1
   \       0x24   0xE590'1000        LDR      R1,[R0, #+0]
   \       0x28   0xE1B0'2204        LSLS     R2,R4,#+4
   \       0x2C   0xE091'1002        ADDS     R1,R1,R2
   \       0x30   0xE5D1'1008        LDRB     R1,[R1, #+8]
   \       0x34   0xE351'0008        CMP      R1,#+8
   \       0x38   0x1A00'0004        BNE      ??led_clear_2
     89          		pio_clear(&pins_leds[led]);
   \       0x3C   0xE590'0000        LDR      R0,[R0, #+0]
   \       0x40   0xE1B0'1204        LSLS     R1,R4,#+4
   \       0x44   0xE090'0001        ADDS     R0,R0,R1
   \       0x48   0x....'....        BL       pio_clear
   \       0x4C   0xEA00'0003        B        ??led_clear_3
     90          	else
     91          		pio_set(&pins_leds[led]);
   \                     ??led_clear_2:
   \       0x50   0xE590'0000        LDR      R0,[R0, #+0]
   \       0x54   0xE1B0'1204        LSLS     R1,R4,#+4
   \       0x58   0xE090'0001        ADDS     R0,R0,R1
   \       0x5C   0x....'....        BL       pio_set
     92          
     93          	return 1;
   \                     ??led_clear_3:
   \       0x60   0xE3A0'0001        MOV      R0,#+1
   \                     ??led_clear_1:
   \       0x64   0xE8BD'8010        POP      {R4,PC}          ;; return
     94          }
     95          

   \                                 In section SOFTPACK, align 4, keep-with-next
     96          extern uint32_t led_toggle(uint32_t led)
     97          {
   \                     led_toggle:
   \        0x0   0xE92D'4038        PUSH     {R3-R5,LR}
   \        0x4   0xE1B0'4000        MOVS     R4,R0
     98          	/* Check if LED exists */
     99          	if (led >= led_count)
   \        0x8   0x....'....        LDR      R0,??DataTable3
   \        0xC   0xE590'0000        LDR      R0,[R0, #+0]
   \       0x10   0xE154'0000        CMP      R4,R0
   \       0x14   0x3A00'0001        BCC      ??led_toggle_0
    100          		return 0;
   \       0x18   0xE3A0'0000        MOV      R0,#+0
   \       0x1C   0xEA00'0010        B        ??led_toggle_1
    101          
    102          	/* Toggle LED */
    103          	if (pio_get_output_data_status(&pins_leds[led]))
   \                     ??led_toggle_0:
   \       0x20   0x....'....        LDR      R5,??DataTable3_1
   \       0x24   0xE595'0000        LDR      R0,[R5, #+0]
   \       0x28   0xE1B0'1204        LSLS     R1,R4,#+4
   \       0x2C   0xE090'0001        ADDS     R0,R0,R1
   \       0x30   0x....'....        BL       pio_get_output_data_status
   \       0x34   0xE350'0000        CMP      R0,#+0
   \       0x38   0x0A00'0004        BEQ      ??led_toggle_2
    104          		pio_clear(&pins_leds[led]);
   \       0x3C   0xE595'0000        LDR      R0,[R5, #+0]
   \       0x40   0xE1B0'1204        LSLS     R1,R4,#+4
   \       0x44   0xE090'0001        ADDS     R0,R0,R1
   \       0x48   0x....'....        BL       pio_clear
   \       0x4C   0xEA00'0003        B        ??led_toggle_3
    105          	else
    106          		pio_set(&pins_leds[led]);
   \                     ??led_toggle_2:
   \       0x50   0xE595'0000        LDR      R0,[R5, #+0]
   \       0x54   0xE1B0'1204        LSLS     R1,R4,#+4
   \       0x58   0xE090'0001        ADDS     R0,R0,R1
   \       0x5C   0x....'....        BL       pio_set
    107          
    108          	return 1;
   \                     ??led_toggle_3:
   \       0x60   0xE3A0'0001        MOV      R0,#+1
   \                     ??led_toggle_1:
   \       0x64   0xE8BD'8032        POP      {R1,R4,R5,PC}    ;; return
    109          }

   \                                 In section SOFTPACK, align 4, keep-with-next
   \                     ??DataTable3:
   \        0x0   0x....'....        DC32     led_count

   \                                 In section SOFTPACK, align 4, keep-with-next
   \                     ??DataTable3_1:
   \        0x0   0x....'....        DC32     pins_leds

   Maximum stack usage in bytes:

   .cstack Function
   ------- --------
       8   led_clear
         8   -> pio_clear
         8   -> pio_set
      16   led_configure
        16   -> pio_configure
       8   led_set
         8   -> pio_clear
         8   -> pio_set
      16   led_toggle
        16   -> pio_clear
        16   -> pio_get_output_data_status
        16   -> pio_set


   Section sizes:

   Bytes  Function/Label
   -----  --------------
       4  ??DataTable3
       4  ??DataTable3_1
     104  led_clear
      44  led_configure
       4  led_count
     104  led_set
     104  led_toggle
       4  pins_leds

 
   8 bytes in section .bss
 364 bytes in section SOFTPACK
 
 364 bytes of CODE memory
   8 bytes of DATA memory

Errors: none
Warnings: none
