###############################################################################
#
# IAR ANSI C/C++ Compiler V8.50.1.245/W32 for ARM         20/Jan/2021  09:41:44
# Copyright 1999-2020 IAR Systems AB.
#
#    Cpu mode                    
#    Endian                   =  little
#    Source file              =
#        C:\work\AtmelSoftPAck\atmel-software-package-2.17\drivers\peripherals\wdt.c
#    Command line             =
#        -f C:\Users\c40450\AppData\Local\Temp\EWE4A7.tmp
#        (C:\work\AtmelSoftPAck\atmel-software-package-2.17\drivers\peripherals\wdt.c
#        -D "SOFTPACK_VERSION=\"2.17\"" -D TRACE_LEVEL=5 -D VARIANT_SRAM -D
#        CONFIG_ARCH_ARMV5TE -D CONFIG_ARCH_ARM -D CONFIG_SOC_SAM9X60 -D
#        CONFIG_CHIP_SAM9X60 -D CONFIG_BOARD_SAM9X60_EK -D CONFIG_HAVE_AIC5 -D
#        CONFIG_HAVE_FLEXCOM -D CONFIG_HAVE_PIO3 -D CONFIG_HAVE_PIT -D
#        CONFIG_HAVE_SMC -D CONFIG_HAVE_SDRAMC -D CONFIG_HAVE_MPDDRC -D
#        CONFIG_HAVE_MPDDRC_DATA_PATH -D CONFIG_HAVE_MPDDRC_IO_CALIBRATION -D
#        CONFIG_HAVE_MPDDRC_DDR2 -D CONFIG_HAVE_ADC_LOW_RES -D
#        CONFIG_HAVE_PMC_FAST_STARTUP -D CONFIG_HAVE_PMC_GENERATED_CLOCKS -D
#        CONFIG_HAVE_SCKC -D CONFIG_HAVE_NFD0_ON_D16 -D CONFIG_HAVE_XDMAC -D
#        CONFIG_HAVE_LCD -D CONFIG_HAVE_LCDC -D CONFIG_HAVE_LCDC_OVR1 -D
#        CONFIG_HAVE_LCDC_OVR2 -D CONFIG_HAVE_PWMC -D
#        CONFIG_HAVE_DDR2_W972GG6KB -D CONFIG_HAVE_RSTC_EXTERNAL_RESET -D
#        CONFIG_HAVE_RSTC_INDEPENDENT_RESET -D CONFIG_HAVE_RTT -D
#        CONFIG_HAVE_SHDWC -D CONFIG_HAVE_LED -D CONFIG_HAVE_MMU -D
#        CONFIG_HAVE_L1CACHE -D CONFIG_HAVE_OTPC -D CONFIG_HAVE_DBGU -D
#        CONFIG_HAVE_SERIALD_DBGU -D CONFIG_HAVE_USART -D
#        CONFIG_HAVE_USART_FIFO -D CONFIG_HAVE_DWDT --preprocess
#        C:\work\AtmelSoftPAck\atmel-software-package-2.17\examples\lcd\build\sam9x60-ek\sram\List
#        -lC
#        C:\work\AtmelSoftPAck\atmel-software-package-2.17\examples\lcd\build\sam9x60-ek\sram\List
#        --diag_suppress Pa050 -o
#        C:\work\AtmelSoftPAck\atmel-software-package-2.17\examples\lcd\build\sam9x60-ek\sram\Obj
#        --no_cse --no_unroll --no_inline --no_code_motion --no_tbaa
#        --no_clustering --no_scheduling --debug --endian=little
#        --cpu=ARM926EJ-S -e --fpu=None --dlib_config "C:\Program Files
#        (x86)\IAR Systems\Embedded Workbench
#        8.4\arm\inc\c\DLib_Config_Normal.h" -I
#        C:\work\AtmelSoftPAck\atmel-software-package-2.17\examples\lcd\..\..\arch\
#        -I
#        C:\work\AtmelSoftPAck\atmel-software-package-2.17\examples\lcd\..\..\utils\
#        -I
#        C:\work\AtmelSoftPAck\atmel-software-package-2.17\examples\lcd\..\..\target\common\
#        -I
#        C:\work\AtmelSoftPAck\atmel-software-package-2.17\examples\lcd\..\..\target\sam9x60\
#        -I
#        C:\work\AtmelSoftPAck\atmel-software-package-2.17\examples\lcd\..\..\drivers\
#        -I
#        C:\work\AtmelSoftPAck\atmel-software-package-2.17\examples\lcd\..\..\lib\
#        --section .text=SOFTPACK --cpu_mode arm -On)
#    Locale                   =  C
#    List file                =
#        C:\work\AtmelSoftPAck\atmel-software-package-2.17\examples\lcd\build\sam9x60-ek\sram\List\wdt.lst
#    Object file              =
#        C:\work\AtmelSoftPAck\atmel-software-package-2.17\examples\lcd\build\sam9x60-ek\sram\Obj\wdt.o
#    Runtime model:              
#      __SystemLibrary        =  DLib
#      __dlib_file_descriptor =  0
#      __dlib_version         =  6
#
###############################################################################

C:\work\AtmelSoftPAck\atmel-software-package-2.17\drivers\peripherals\wdt.c
      1          /* ----------------------------------------------------------------------------
      2           *        SAM Software Package License
      3           * ----------------------------------------------------------------------------
      4           * Copyright (c) 2015, Atmel Corporation
      5           *
      6           * All rights reserved.
      7           *
      8           * Redistribution and use in source and binary forms, with or without
      9           * modification, are permitted provided that the following conditions are met:
     10           *
     11           * - Redistributions of source code must retain the above copyright notice,
     12           * this list of conditions and the disclaimer below.
     13           *
     14           * Atmel's name may not be used to endorse or promote products derived from
     15           * this software without specific prior written permission.
     16           *
     17           * DISCLAIMER: THIS SOFTWARE IS PROVIDED BY ATMEL "AS IS" AND ANY EXPRESS OR
     18           * IMPLIED WARRANTIES, INCLUDING, BUT NOT LIMITED TO, THE IMPLIED WARRANTIES OF
     19           * MERCHANTABILITY, FITNESS FOR A PARTICULAR PURPOSE AND NON-INFRINGEMENT ARE
     20           * DISCLAIMED. IN NO EVENT SHALL ATMEL BE LIABLE FOR ANY DIRECT, INDIRECT,
     21           * INCIDENTAL, SPECIAL, EXEMPLARY, OR CONSEQUENTIAL DAMAGES (INCLUDING, BUT NOT
     22           * LIMITED TO, PROCUREMENT OF SUBSTITUTE GOODS OR SERVICES; LOSS OF USE, DATA,
     23           * OR PROFITS; OR BUSINESS INTERRUPTION) HOWEVER CAUSED AND ON ANY THEORY OF
     24           * LIABILITY, WHETHER IN CONTRACT, STRICT LIABILITY, OR TORT (INCLUDING
     25           * NEGLIGENCE OR OTHERWISE) ARISING IN ANY WAY OUT OF THE USE OF THIS SOFTWARE,
     26           * EVEN IF ADVISED OF THE POSSIBILITY OF SUCH DAMAGE.
     27           * ----------------------------------------------------------------------------
     28           */
     29          
     30          /**
     31           * \file
     32           *
     33           * Implementation of Watchdog Timer (WDT) controller.
     34           *
     35           */
     36          
     37          /** \addtogroup wdt_module Working with WDT
     38           * \section Purpose
     39           * The WDT driver provides the interface to configure and use the WDT
     40           * peripheral.
     41           *
     42           * The WDT can be used to prevent system lock-up if the software becomes
     43           * trapped in a deadlock. It can generate a general reset or a processor
     44           * reset only. It is clocked by slow clock divided by 128.
     45           *
     46           * The WDT is running at reset with 16 seconds watchdog period (slow clock at 32.768 kHz)
     47           * and external reset generation enabled. The user must either disable it or
     48           * reprogram it to meet the application requires.
     49           *
     50           * \section Usage
     51           * To use the WDT, the user could follow these few steps:
     52           * <ul>
     53           * <li>Enable watchdog with given mode using \ref wdt_enable().
     54           * <li>Restart the watchdog using \ref wdt_restart() within the watchdog period.
     55           * </ul>
     56           *
     57           * For more accurate information, please look at the WDT section of the
     58           * Datasheet.
     59           *
     60           * \note
     61           * The Watchdog Mode Register (WDT_MR) can be written only once.\n
     62           *
     63           * Related files :\n
     64           * \ref wdt.c\n
     65           * \ref wdt.h.\n
     66           */
     67          /*@{*/
     68          /*@}*/
     69          
     70          /*---------------------------------------------------------------------------
     71           *        Headers
     72           *---------------------------------------------------------------------------*/
     73          
     74          #include "chip.h"
     75          #include "peripherals/pmc.h"
     76          #include "peripherals/wdt.h"
     77          #include "trace.h"
     78          #include "timer.h"
     79          #include <stdio.h>
     80          
     81          /*----------------------------------------------------------------------------
     82           *        Local functions
     83           *----------------------------------------------------------------------------*/
     84          

   \                                 In section SOFTPACK, align 4, keep-with-next
     85          static uint32_t _wdt_compute_period(uint32_t timeout)
     86          {
   \                     _wdt_compute_period:
   \        0x0   0xE92D'4010        PUSH     {R4,LR}
   \        0x4   0xE1B0'4000        MOVS     R4,R0
     87          	/* Calculate the reload value to achive this (appoximate) timeout.
     88          	*
     89          	* Examples with WDT_FREQUENCY = 32768 / 128 = 256:
     90          	*  timeout = 4     -> reload = 1
     91          	*  timeout = 16000 -> reload = 4096
     92          	*/
     93          	uint32_t reload = (timeout * (pmc_get_slow_clock() >> 7) + 500) / 1000;
   \        0x8   0x....'....        BL       pmc_get_slow_clock
   \        0xC   0xE1B0'03A0        LSRS     R0,R0,#+7
   \       0x10   0xE011'0490        MULS     R1,R0,R4
   \       0x14   0xE291'0F7D        ADDS     R0,R1,#+500
   \       0x18   0xE3A0'1FFA        MOV      R1,#+1000
   \       0x1C   0x....'....        BL       __aeabi_uidiv
     94          	if (reload < 1) {
   \       0x20   0xE350'0000        CMP      R0,#+0
   \       0x24   0x1A00'0002        BNE      ??_wdt_compute_period_0
     95          		reload = 1;
   \       0x28   0xE3A0'1001        MOV      R1,#+1
   \       0x2C   0xE1B0'0001        MOVS     R0,R1
   \       0x30   0xEA00'0004        B        ??_wdt_compute_period_1
     96          	}
     97          	else if (reload > 4095) {
   \                     ??_wdt_compute_period_0:
   \       0x34   0xE350'0D40        CMP      R0,#+4096
   \       0x38   0x3A00'0002        BCC      ??_wdt_compute_period_1
     98          		reload = 4095;
   \       0x3C   0xE3A0'10FF        MOV      R1,#+255
   \       0x40   0xE381'1EF0        ORR      R1,R1,#0xF00
   \       0x44   0xE1B0'0001        MOVS     R0,R1
     99          	}
    100          	return reload;
   \                     ??_wdt_compute_period_1:
   \       0x48   0xE8BD'8010        POP      {R4,PC}          ;; return
    101          }
    102          
    103          /*----------------------------------------------------------------------------
    104           *        Exported functions
    105           *----------------------------------------------------------------------------*/
    106          

   \                                 In section SOFTPACK, align 4, keep-with-next
    107          void wdt_enable(bool en_int,
    108          				bool en_rst,
    109          				bool en_dbghlt,
    110          				bool en_idlehlt,
    111          				uint32_t delta,
    112          				uint32_t counter)
    113          {
   \                     wdt_enable:
   \        0x0   0xE92D'4FF7        PUSH     {R0-R2,R4-R11,LR}
   \        0x4   0xE24D'D008        SUB      SP,SP,#+8
   \        0x8   0xE1B0'4003        MOVS     R4,R3
   \        0xC   0xE59D'5038        LDR      R5,[SP, #+56]
   \       0x10   0xE59D'603C        LDR      R6,[SP, #+60]
    114          	uint32_t mode = 0;
   \       0x14   0xE3A0'7000        MOV      R7,#+0
   \       0x18   0xE1B0'0007        MOVS     R0,R7
    115          
    116          #ifdef CONFIG_HAVE_DWDT
    117          	uint32_t wc;
    118          
    119          	mode &= ~(WDT_MR_WDDIS);
   \       0x1C   0xE3D0'8D40        BICS     R8,R0,#0x1000
    120          	WDT->WDT_MR = mode;
   \       0x20   0xE3E0'907B        MVN      R9,#+123
   \       0x24   0xE589'8000        STR      R8,[R9, #+0]
    121          	wc = _wdt_compute_period(counter);
   \       0x28   0xE1B0'0006        MOVS     R0,R6
   \       0x2C   0x....'....        BL       _wdt_compute_period
   \       0x30   0xE1B0'A000        MOVS     R10,R0
    122          	WDT->WDT_WLR = WDT_WLR_PERIOD(wc) | WDT_WLR_RPTH(_wdt_compute_period(delta));
   \       0x34   0xE3A0'B0FF        MOV      R11,#+255
   \       0x38   0xE38B'BEF0        ORR      R11,R11,#0xF00
   \       0x3C   0xE01B'000A        ANDS     R0,R11,R10
   \       0x40   0xE58D'0000        STR      R0,[SP, #+0]
   \       0x44   0xE1B0'0005        MOVS     R0,R5
   \       0x48   0x....'....        BL       _wdt_compute_period
   \       0x4C   0xE3A0'16F0        MOV      R1,#+251658240
   \       0x50   0xE381'18FF        ORR      R1,R1,#0xFF0000
   \       0x54   0xE011'1800        ANDS     R1,R1,R0, LSL #+16
   \       0x58   0xE59D'0000        LDR      R0,[SP, #+0]
   \       0x5C   0xE191'0000        ORRS     R0,R1,R0
   \       0x60   0xE3E0'1073        MVN      R1,#+115
   \       0x64   0xE581'0000        STR      R0,[R1, #+0]
    123          	WDT->WDT_ILR = WDT_ILR_LVLTH(wc);
   \       0x68   0xE01B'000A        ANDS     R0,R11,R10
   \       0x6C   0xE3E0'106F        MVN      R1,#+111
   \       0x70   0xE581'0000        STR      R0,[R1, #+0]
    124          	if (en_int)
   \       0x74   0xE5DD'0008        LDRB     R0,[SP, #+8]
   \       0x78   0xE350'0000        CMP      R0,#+0
   \       0x7C   0x0A00'0003        BEQ      ??wdt_enable_0
    125          		WDT->WDT_IER = WDT_IER_PERINT | WDT_IER_RPTHINT | WDT_IER_LVLINT;
   \       0x80   0xE3A0'0007        MOV      R0,#+7
   \       0x84   0xE3E0'106B        MVN      R1,#+107
   \       0x88   0xE581'0000        STR      R0,[R1, #+0]
   \       0x8C   0xEA00'0001        B        ??wdt_enable_1
    126          	else
    127          		WDT->WDT_IER = 0;
   \                     ??wdt_enable_0:
   \       0x90   0xE3E0'006B        MVN      R0,#+107
   \       0x94   0xE580'7000        STR      R7,[R0, #+0]
    128          
    129          	if (en_rst)
   \                     ??wdt_enable_1:
   \       0x98   0xE5DD'000C        LDRB     R0,[SP, #+12]
   \       0x9C   0xE350'0000        CMP      R0,#+0
   \       0xA0   0x0A00'0000        BEQ      ??wdt_enable_2
    130          		mode |= WDT_MR_PERIODRST;
   \       0xA4   0xE398'8010        ORRS     R8,R8,#0x10
    131          	if (en_dbghlt)
   \                     ??wdt_enable_2:
   \       0xA8   0xE5DD'0010        LDRB     R0,[SP, #+16]
   \       0xAC   0xE350'0000        CMP      R0,#+0
   \       0xB0   0x0A00'0000        BEQ      ??wdt_enable_3
    132          		mode |= WDT_MR_WDDBGHLT;
   \       0xB4   0xE398'8540        ORRS     R8,R8,#0x10000000
    133          	if (en_idlehlt)
   \                     ??wdt_enable_3:
   \       0xB8   0xE1B0'0004        MOVS     R0,R4
   \       0xBC   0xE210'00FF        ANDS     R0,R0,#0xFF      ;; Zero extend
   \       0xC0   0xE350'0000        CMP      R0,#+0
   \       0xC4   0x0A00'0000        BEQ      ??wdt_enable_4
    134          		mode |= WDT_MR_WDIDLEHLT;
   \       0xC8   0xE398'8580        ORRS     R8,R8,#0x20000000
    135          	WDT->WDT_MR = mode;
   \                     ??wdt_enable_4:
   \       0xCC   0xE589'8000        STR      R8,[R9, #+0]
    136          
    137          #else
    138          	mode &= ~(WDT_MR_WDDIS | WDT_MR_WDD_Msk | WDT_MR_WDV_Msk);
    139          	mode &= ~(WDT_MR_WDD_Msk | WDT_MR_WDV_Msk);
    140          	WDT->WDT_MR = mode;
    141          	usleep(100);
    142          	if (en_int)
    143          		mode |= WDT_MR_WDFIEN;
    144          	if (en_rst)
    145          		mode |= WDT_MR_WDRSTEN;
    146          	if (en_dbghlt)
    147          		mode |= WDT_MR_WDDBGHLT;
    148          	if (en_idlehlt)
    149          		mode |= WDT_MR_WDIDLEHLT;
    150          	WDT->WDT_MR = mode |
    151          				  WDT_MR_WDD(_wdt_compute_period(delta)) |
    152          				  WDT_MR_WDV(_wdt_compute_period(counter));
    153          #endif
    154          }
   \       0xD0   0xE28D'D014        ADD      SP,SP,#+20
   \       0xD4   0xE8BD'8FF0        POP      {R4-R11,PC}      ;; return
    155          

   \                                 In section SOFTPACK, align 4, keep-with-next
    156          void wdt_disable(void)
    157          {
    158          	WDT->WDT_MR = WDT_MR_WDDIS;
   \                     wdt_disable:
   \        0x0   0xE3A0'0D40        MOV      R0,#+4096
   \        0x4   0xE3E0'107B        MVN      R1,#+123
   \        0x8   0xE581'0000        STR      R0,[R1, #+0]
    159          }
   \        0xC   0xE12F'FF1E        BX       LR               ;; return
    160          

   \                                 In section SOFTPACK, align 4, keep-with-next
    161          void wdt_restart()
    162          {
    163          	WDT->WDT_CR = WDT_CR_KEY_PASSWD | WDT_CR_WDRSTT;
   \                     wdt_restart:
   \        0x0   0xE3A0'0001        MOV      R0,#+1
   \        0x4   0xE380'04A5        ORR      R0,R0,#0xA5000000
   \        0x8   0xE3E0'107F        MVN      R1,#+127
   \        0xC   0xE581'0000        STR      R0,[R1, #+0]
    164          }
   \       0x10   0xE12F'FF1E        BX       LR               ;; return
    165          

   \                                 In section SOFTPACK, align 4, keep-with-next
    166          uint32_t wdt_get_status(void)
    167          {
    168          #ifdef CONFIG_HAVE_DWDT
    169          	return WDT->WDT_ISR;
   \                     wdt_get_status:
   \        0x0   0xE3E0'0063        MVN      R0,#+99
   \        0x4   0xE590'0000        LDR      R0,[R0, #+0]
   \        0x8   0xE12F'FF1E        BX       LR               ;; return
    170          #else
    171          	return WDT->WDT_SR & (WDT_SR_WDUNF | WDT_SR_WDERR);
    172          #endif
    173          }
    174          

   \                                 In section SOFTPACK, align 4, keep-with-next
    175          uint32_t wdt_get_counter_value(void)
    176          {
    177          #ifdef CONFIG_HAVE_DWDT
    178          	return (WDT->WDT_VR & WDT_VR_COUNTER_Msk) >> WDT_VR_COUNTER_Pos;
   \                     wdt_get_counter_value:
   \        0x0   0xE3E0'0077        MVN      R0,#+119
   \        0x4   0xE590'0000        LDR      R0,[R0, #+0]
   \        0x8   0xE1B0'0A00        LSLS     R0,R0,#+20
   \        0xC   0xE1B0'0A20        LSRS     R0,R0,#+20
   \       0x10   0xE12F'FF1E        BX       LR               ;; return
    179          #else
    180          	return (WDT->WDT_MR & WDT_MR_WDV_Msk) >> WDT_MR_WDV_Pos;
    181          #endif
    182          }

   Maximum stack usage in bytes:

   .cstack Function
   ------- --------
       8   _wdt_compute_period
         8   -> pmc_get_slow_clock
         8 __aeabi_uidiv
       0   wdt_disable
      56   wdt_enable
        56   -> _wdt_compute_period
       0   wdt_get_counter_value
       0   wdt_get_status
       0   wdt_restart


   Section sizes:

   Bytes  Function/Label
   -----  --------------
      76  _wdt_compute_period
      16  wdt_disable
     216  wdt_enable
      20  wdt_get_counter_value
      12  wdt_get_status
      20  wdt_restart

 
 360 bytes in section SOFTPACK
 
 360 bytes of CODE memory

Errors: none
Warnings: none
