###############################################################################
#
# IAR ANSI C/C++ Compiler V8.50.1.245/W32 for ARM         10/Dec/2020  08:15:43
# Copyright 1999-2020 IAR Systems AB.
#
#    Cpu mode             
#    Endian            =  little
#    Source file       =
#        C:\work\AtmelSoftPAck\atmel-software-package-2.17\target\common\board_audio.c
#    Command line      =
#        -f C:\Users\c40450\AppData\Local\Temp\EWB455.tmp
#        (C:\work\AtmelSoftPAck\atmel-software-package-2.17\target\common\board_audio.c
#        -D "SOFTPACK_VERSION=\"2.17\"" -D TRACE_LEVEL=5 -D VARIANT_SRAM -D
#        CONFIG_ARCH_ARMV7A -D CONFIG_ARCH_ARM -D CONFIG_SOC_SAMA5D2 -D
#        CONFIG_CHIP_SAMA5D27 -D CONFIG_PACKAGE_289PIN -D
#        CONFIG_BOARD_SAMA5D2_XPLAINED -D CONFIG_HAVE_AIC5 -D
#        CONFIG_HAVE_FLEXCOM -D CONFIG_HAVE_PIO4 -D CONFIG_HAVE_PIO4_SECURE -D
#        CONFIG_HAVE_NFC -D CONFIG_HAVE_PIT -D CONFIG_HAVE_SMC -D
#        CONFIG_HAVE_SMC_SCRAMBLING -D CONFIG_HAVE_GMAC_QUEUES -D
#        CONFIG_HAVE_MPDDRC -D CONFIG_HAVE_MPDDRC_DATA_PATH -D
#        CONFIG_HAVE_MPDDRC_IO_CALIBRATION -D CONFIG_HAVE_MPDDRC_DDR2 -D
#        CONFIG_HAVE_MPDDRC_LPDDR2 -D CONFIG_HAVE_MPDDRC_DDR3 -D
#        CONFIG_HAVE_MPDDRC_LPDDR3 -D CONFIG_HAVE_ADC_SETTLING_TIME -D
#        CONFIG_HAVE_ADC_DIFF_INPUT -D CONFIG_HAVE_ADC_SEQ_R2 -D
#        CONFIG_HAVE_PMC_FAST_STARTUP -D CONFIG_HAVE_PMC_GENERATED_CLOCKS -D
#        CONFIG_HAVE_PMC_AUDIO_CLOCK -D CONFIG_HAVE_PMC_PLLADIV2 -D
#        CONFIG_HAVE_PMC_H32MXDIV -D CONFIG_HAVE_PMC_UPLL_BIAS -D
#        CONFIG_HAVE_SCKC -D CONFIG_HAVE_PWMC_DMA -D
#        CONFIG_HAVE_PWMC_SPREAD_SPECTRUM -D CONFIG_HAVE_PWMC_EXTERNAL_TRIGGER
#        -D CONFIG_HAVE_PWMC_FAULT_PROT_HIZ -D CONFIG_HAVE_PWMC_STEPPER_MOTOR
#        -D CONFIG_HAVE_PWMC_CMP_UNIT -D CONFIG_HAVE_PWMC_SYNC_MODE -D
#        CONFIG_HAVE_PWMC_OOV -D CONFIG_HAVE_PWMC_FMODE -D CONFIG_HAVE_PWMC_WP
#        -D CONFIG_HAVE_PWMC_DTIME -D CONFIG_HAVE_PWMC_ELINE -D
#        CONFIG_HAVE_SFRBU -D CONFIG_HAVE_L2CC -D CONFIG_HAVE_SAIC -D
#        CONFIG_HAVE_XDMAC -D CONFIG_HAVE_XDMAC_DATA_WIDTH_DWORD -D
#        CONFIG_HAVE_SECUMOD -D CONFIG_HAVE_SFC -D CONFIG_HAVE_PWMC -D
#        CONFIG_HAVE_SECURE_MATRIX -D CONFIG_HAVE_DDR3_MT41K128M16 -D
#        CONFIG_HAVE_RSTC_CONFIGURABLE_USER_RESET -D CONFIG_HAVE_TC_FAULT_MODE
#        -D CONFIG_HAVE_TC_DMA_MODE -D CONFIG_HAVE_RTC_CALIBRATION -D
#        CONFIG_HAVE_RTC_MODE_PERSIAN -D CONFIG_HAVE_RTC_MODE_UTC -D
#        CONFIG_HAVE_RTC_TAMPER -D CONFIG_HAVE_AUDIO -D CONFIG_HAVE_SSC -D
#        CONFIG_HAVE_CLASSD -D CONFIG_HAVE_PDMIC -D CONFIG_HAVE_AUDIO_AD1934 -D
#        CONFIG_HAVE_SHDWC -D CONFIG_HAVE_SPI -D CONFIG_HAVE_SPI_FIFO -D
#        CONFIG_HAVE_MMU -D CONFIG_HAVE_L1CACHE -D CONFIG_HAVE_L2CACHE -D
#        CONFIG_HAVE_SPI_BUS -D CONFIG_HAVE_UART -D CONFIG_HAVE_SERIALD_UART -D
#        CONFIG_HAVE_USART -D CONFIG_HAVE_USART_FIFO -D CONFIG_HAVE_I2C_BUS -D
#        CONFIG_HAVE_I2SC -D CONFIG_HAVE_AUDIO_WM8731 --preprocess
#        C:\work\AtmelSoftPAck\atmel-software-package-2.17\examples\iis_dma_codec\build\sama5d2-xplained\sram\List
#        -lC
#        C:\work\AtmelSoftPAck\atmel-software-package-2.17\examples\iis_dma_codec\build\sama5d2-xplained\sram\List
#        --diag_suppress Pa050 -o
#        C:\work\AtmelSoftPAck\atmel-software-package-2.17\examples\iis_dma_codec\build\sama5d2-xplained\sram\Obj
#        --debug --endian=little --cpu=Cortex-A5 -e --fpu=VFPv4_D16
#        --dlib_config "C:\Program Files (x86)\IAR Systems\Embedded Workbench
#        8.4\arm\inc\c\DLib_Config_Normal.h" -I
#        C:\work\AtmelSoftPAck\atmel-software-package-2.17\examples\iis_dma_codec\..\..\arch\
#        -I
#        C:\work\AtmelSoftPAck\atmel-software-package-2.17\examples\iis_dma_codec\..\..\utils\
#        -I
#        C:\work\AtmelSoftPAck\atmel-software-package-2.17\examples\iis_dma_codec\..\..\target\common\
#        -I
#        C:\work\AtmelSoftPAck\atmel-software-package-2.17\examples\iis_dma_codec\..\..\target\sama5d2\
#        -I
#        C:\work\AtmelSoftPAck\atmel-software-package-2.17\examples\iis_dma_codec\..\..\drivers\
#        -I
#        C:\work\AtmelSoftPAck\atmel-software-package-2.17\examples\iis_dma_codec\..\..\lib\
#        --section .text=SOFTPACK --cpu_mode arm -Oh)
#    Locale            =  C
#    List file         =
#        C:\work\AtmelSoftPAck\atmel-software-package-2.17\examples\iis_dma_codec\build\sama5d2-xplained\sram\List\board_audio.lst
#    Object file       =
#        C:\work\AtmelSoftPAck\atmel-software-package-2.17\examples\iis_dma_codec\build\sama5d2-xplained\sram\Obj\board_audio.o
#    Runtime model:       
#      __SystemLibrary =  DLib
#      __dlib_version  =  6
#
###############################################################################

C:\work\AtmelSoftPAck\atmel-software-package-2.17\target\common\board_audio.c
      1          /* ----------------------------------------------------------------------------
      2           *         SAM Software Package License
      3           * ----------------------------------------------------------------------------
      4           * Copyright (c) 2016, Atmel Corporation
      5           *
      6           * All rights reserved.
      7           *
      8           * Redistribution and use in source and binary forms, with or without
      9           * modification, are permitted provided that the following conditions are met:
     10           *
     11           * - Redistributions of source code must retain the above copyright notice,
     12           * this list of conditions and the disclaimer below.
     13           *
     14           * Atmel's name may not be used to endorse or promote products derived from
     15           * this software without specific prior written permission.
     16           *
     17           * DISCLAIMER: THIS SOFTWARE IS PROVIDED BY ATMEL "AS IS" AND ANY EXPRESS OR
     18           * IMPLIED WARRANTIES, INCLUDING, BUT NOT LIMITED TO, THE IMPLIED WARRANTIES OF
     19           * MERCHANTABILITY, FITNESS FOR A PARTICULAR PURPOSE AND NON-INFRINGEMENT ARE
     20           * DISCLAIMED. IN NO EVENT SHALL ATMEL BE LIABLE FOR ANY DIRECT, INDIRECT,
     21           * INCIDENTAL, SPECIAL, EXEMPLARY, OR CONSEQUENTIAL DAMAGES (INCLUDING, BUT NOT
     22           * LIMITED TO, PROCUREMENT OF SUBSTITUTE GOODS OR SERVICES; LOSS OF USE, DATA,
     23           * OR PROFITS; OR BUSINESS INTERRUPTION) HOWEVER CAUSED AND ON ANY THEORY OF
     24           * LIABILITY, WHETHER IN CONTRACT, STRICT LIABILITY, OR TORT (INCLUDING
     25           * NEGLIGENCE OR OTHERWISE) ARISING IN ANY WAY OUT OF THE USE OF THIS SOFTWARE,
     26           * EVEN IF ADVISED OF THE POSSIBILITY OF SUCH DAMAGE.
     27           * ----------------------------------------------------------------------------
     28           */
     29          
     30          /*----------------------------------------------------------------------------
     31           *        Headers
     32           *----------------------------------------------------------------------------*/
     33          
     34          #include "board.h"
     35          #include "board_audio.h"
     36          
     37          #include "gpio/pio.h"
     38          
     39          #include "peripherals/pmc.h"
     40          
     41          /*----------------------------------------------------------------------------
     42           *        Public Functions
     43           *----------------------------------------------------------------------------*/
     44          
     45          #ifdef CONFIG_HAVE_PDMIC

   \                                 In section SOFTPACK, align 4, keep-with-next
     46          void board_cfg_pdmic(void)
     47          {
     48          #ifdef BOARD_PDMIC0_PINS
     49          	const struct _pin pins_pdmic[] = BOARD_PDMIC0_PINS;
     50          	pio_configure(pins_pdmic, ARRAY_SIZE(pins_pdmic));
   \                     board_cfg_pdmic:
   \        0x0   0xE3A0'1001        MOV      R1,#+1
   \        0x4   0x....'....        ADR      R0,`board_cfg_pdmic::pins_pdmic`
   \        0x8   0x....'....        B        pio_configure    ;; tailcall
     51          #endif
     52          }

   \                                 In section SOFTPACK, align 4, keep-with-next
   \                     `board_cfg_pdmic::pins_pdmic`:
   \        0x0   0x01 0x00          DC8 1, 0, 0, 0

   \              0x00 0x00
   \        0x4   0x0C00'0000        DC32 201'326'592
   \        0x8   0x03 0x00          DC8 3, 0, 0, 0

   \              0x00 0x00
   \        0xC   0x0000'0000        DC32 0
     53          #endif
     54          
     55          #ifdef CONFIG_HAVE_CLASSD

   \                                 In section SOFTPACK, align 4, keep-with-next
     56          void board_cfg_classd(void)
     57          {
     58          #ifdef BOARD_CLASSD0_PINS
     59          	const struct _pin pins_classd[] = BOARD_CLASSD0_PINS;
     60          	pio_configure(pins_classd, ARRAY_SIZE(pins_classd));
   \                     board_cfg_classd:
   \        0x0   0xE3A0'1004        MOV      R1,#+4
   \        0x4   0x....'....        LDR      R0,??DataTable5
   \        0x8   0x....'....        B        pio_configure    ;; tailcall
     61          #endif
     62          }

   \                                 In section .rodata, align 4
   \                     `board_cfg_classd::pins_classd`:
   \        0x0   0x01 0x00          DC8 1, 0, 0, 0

   \              0x00 0x00
   \        0x4   0x0000'0002        DC32 2
   \        0x8   0x05 0x00          DC8 5, 0, 0, 0

   \              0x00 0x00
   \        0xC   0x0000'0000        DC32 0
   \       0x10   0x01 0x00          DC8 1, 0, 0, 0

   \              0x00 0x00
   \       0x14   0x0000'0004        DC32 4
   \       0x18   0x05 0x00          DC8 5, 0, 0, 0

   \              0x00 0x00
   \       0x1C   0x0000'0000        DC32 0
   \       0x20   0x01 0x00          DC8 1, 0, 0, 0

   \              0x00 0x00
   \       0x24   0x0000'0008        DC32 8
   \       0x28   0x05 0x00          DC8 5, 0, 0, 0

   \              0x00 0x00
   \       0x2C   0x0000'0000        DC32 0
   \       0x30   0x01 0x00          DC8 1, 0, 0, 0

   \              0x00 0x00
   \       0x34   0x0000'0010        DC32 16
   \       0x38   0x05 0x00          DC8 5, 0, 0, 0

   \              0x00 0x00
   \       0x3C   0x0000'0000        DC32 0
     63          #endif
     64          
     65          #ifdef CONFIG_HAVE_I2SC 

   \                                 In section SOFTPACK, align 4, keep-with-next
     66          void board_cfg_i2sc(void)
     67          {
     68          #ifdef BOARD_I2SC0_PINS 
     69          	const struct _pin pins_i2sc0[] = BOARD_I2SC0_PINS;
     70          	pio_configure(pins_i2sc0, ARRAY_SIZE(pins_i2sc0));
   \                     board_cfg_i2sc:
   \        0x0   0xE3A0'1001        MOV      R1,#+1
   \        0x4   0x....'....        ADR      R0,`board_cfg_i2sc::pins_i2sc0`
   \        0x8   0x....'....        B        pio_configure    ;; tailcall
     71          #endif
     72          }

   \                                 In section SOFTPACK, align 4, keep-with-next
   \                     `board_cfg_i2sc::pins_i2sc0`:
   \        0x0   0x02 0x00          DC8 2, 0, 0, 0

   \              0x00 0x00
   \        0x4   0x0000'003E        DC32 62
   \        0x8   0x04 0x00          DC8 4, 0, 0, 0

   \              0x00 0x00
   \        0xC   0x0000'0000        DC32 0
     73          #endif
     74          
     75          #ifdef CONFIG_HAVE_SSC  

   \                                 In section SOFTPACK, align 4, keep-with-next
     76          void board_cfg_ssc(void)
     77          {
   \                     board_cfg_ssc:
   \        0x0   0xE92D'5000        PUSH     {R12,LR}
     78          #ifdef BOARD_SSC0_PINS
     79          	const struct _pin pins_ssc0[] = BOARD_SSC0_PINS;
     80          	pio_configure(pins_ssc0, ARRAY_SIZE(pins_ssc0));
   \        0x4   0xE3A0'1001        MOV      R1,#+1
   \        0x8   0x....'....        ADR      R0,`board_cfg_ssc::pins_ssc0`
   \        0xC   0x....'....        BL       pio_configure
     81          #endif
     82          #ifdef BOARD_SSC1_PINS
     83          	const struct _pin pins_ssc1[] = BOARD_SSC1_PINS;
     84          	pio_configure(pins_ssc1, ARRAY_SIZE(pins_ssc1));
   \       0x10   0xE8BD'4004        POP      {R2,LR}
   \       0x14   0xE3A0'1001        MOV      R1,#+1
   \       0x18   0x....'....        ADR      R0,`board_cfg_ssc::pins_ssc1`
   \       0x1C   0x....'....        B        pio_configure    ;; tailcall
     85          #endif
     86          }

   \                                 In section SOFTPACK, align 4, keep-with-next
   \                     `board_cfg_ssc::pins_ssc0`:
   \        0x0   0x02 0x00          DC8 2, 0, 0, 0

   \              0x00 0x00
   \        0x4   0x03F0'0000        DC32 66'060'288
   \        0x8   0x02 0x00          DC8 2, 0, 0, 0

   \              0x00 0x00
   \        0xC   0x0000'0000        DC32 0

   \                                 In section SOFTPACK, align 4, keep-with-next
   \                     `board_cfg_ssc::pins_ssc1`:
   \        0x0   0x00 0x00          DC8 0, 0, 0, 0

   \              0x00 0x00
   \        0x4   0x000F'C000        DC32 1'032'192
   \        0x8   0x01 0x00          DC8 1, 0, 0, 0

   \              0x00 0x00
   \        0xC   0x0000'0000        DC32 0

   \                                 In section SOFTPACK, align 4, keep-with-next
   \                     ??DataTable5:
   \        0x0   0x....'....        DC32     `board_cfg_classd::pins_classd`
     87          #endif /* CONFIG_HAVE_SSC */

   Maximum stack usage in bytes:

   .cstack Function
   ------- --------
       0   board_cfg_classd
         0   -> pio_configure
       0   board_cfg_i2sc
         0   -> pio_configure
       0   board_cfg_pdmic
         0   -> pio_configure
       8   board_cfg_ssc
         0   -> pio_configure
         8   -> pio_configure


   Section sizes:

   Bytes  Function/Label
   -----  --------------
       4  ??DataTable5
      12  board_cfg_classd
      12  board_cfg_i2sc
      12  board_cfg_pdmic
      32  board_cfg_ssc
      64  pins_classd
      16  pins_i2sc0
      16  pins_pdmic
      16  pins_ssc0
      16  pins_ssc1

 
  64 bytes in section .rodata
 136 bytes in section SOFTPACK
 
 136 bytes of CODE  memory
  64 bytes of CONST memory

Errors: none
Warnings: none
