###############################################################################
#
# IAR ANSI C/C++ Compiler V8.50.1.245/W32 for ARM         30/Nov/2020  16:11:17
# Copyright 1999-2020 IAR Systems AB.
#
#    Cpu mode                    
#    Endian                   =  little
#    Source file              =
#        C:\work\AtmelSoftPAck\atmel-software-package-2.17\utils\wav.c
#    Command line             =
#        -f C:\Users\c40450\AppData\Local\Temp\EWABE7.tmp
#        (C:\work\AtmelSoftPAck\atmel-software-package-2.17\utils\wav.c -D
#        "SOFTPACK_VERSION=\"2.17\"" -D TRACE_LEVEL=5 -D VARIANT_SRAM -D
#        CONFIG_ARCH_ARMV5TE -D CONFIG_ARCH_ARM -D CONFIG_SOC_SAM9X60 -D
#        CONFIG_CHIP_SAM9X60 -D CONFIG_BOARD_SAM9X60_EK -D CONFIG_HAVE_AIC5 -D
#        CONFIG_HAVE_FLEXCOM -D CONFIG_HAVE_PIO3 -D CONFIG_HAVE_PIT -D
#        CONFIG_HAVE_SMC -D CONFIG_HAVE_SDRAMC -D CONFIG_HAVE_MPDDRC -D
#        CONFIG_HAVE_MPDDRC_DATA_PATH -D CONFIG_HAVE_MPDDRC_IO_CALIBRATION -D
#        CONFIG_HAVE_MPDDRC_DDR2 -D CONFIG_HAVE_ADC_LOW_RES -D
#        CONFIG_HAVE_PMC_FAST_STARTUP -D CONFIG_HAVE_PMC_GENERATED_CLOCKS -D
#        CONFIG_HAVE_SCKC -D CONFIG_HAVE_NFD0_ON_D16 -D CONFIG_HAVE_XDMAC -D
#        CONFIG_HAVE_PWMC -D CONFIG_HAVE_DDR2_W972GG6KB -D
#        CONFIG_HAVE_RSTC_EXTERNAL_RESET -D CONFIG_HAVE_RSTC_INDEPENDENT_RESET
#        -D CONFIG_HAVE_RTT -D CONFIG_HAVE_AUDIO -D CONFIG_HAVE_SSC -D
#        CONFIG_HAVE_CLASSD -D CONFIG_HAVE_SHDWC -D CONFIG_HAVE_MMU -D
#        CONFIG_HAVE_L1CACHE -D CONFIG_HAVE_OTPC -D CONFIG_HAVE_DBGU -D
#        CONFIG_HAVE_SERIALD_DBGU -D CONFIG_HAVE_USART -D
#        CONFIG_HAVE_USART_FIFO -D CONFIG_HAVE_DWDT --preprocess
#        C:\work\AtmelSoftPAck\atmel-software-package-2.17\examples\ssc_dma_audio\build\sam9x60-ek\sram\List
#        -lC
#        C:\work\AtmelSoftPAck\atmel-software-package-2.17\examples\ssc_dma_audio\build\sam9x60-ek\sram\List
#        --diag_suppress Pa050 -o
#        C:\work\AtmelSoftPAck\atmel-software-package-2.17\examples\ssc_dma_audio\build\sam9x60-ek\sram\Obj
#        --debug --endian=little --cpu=ARM926EJ-S -e --fpu=None --dlib_config
#        "C:\Program Files (x86)\IAR Systems\Embedded Workbench
#        8.4\arm\inc\c\DLib_Config_Normal.h" -I
#        C:\work\AtmelSoftPAck\atmel-software-package-2.17\examples\ssc_dma_audio\..\..\arch\
#        -I
#        C:\work\AtmelSoftPAck\atmel-software-package-2.17\examples\ssc_dma_audio\..\..\utils\
#        -I
#        C:\work\AtmelSoftPAck\atmel-software-package-2.17\examples\ssc_dma_audio\..\..\target\common\
#        -I
#        C:\work\AtmelSoftPAck\atmel-software-package-2.17\examples\ssc_dma_audio\..\..\target\sam9x60\
#        -I
#        C:\work\AtmelSoftPAck\atmel-software-package-2.17\examples\ssc_dma_audio\..\..\drivers\
#        -I
#        C:\work\AtmelSoftPAck\atmel-software-package-2.17\examples\ssc_dma_audio\..\..\lib\
#        --section .text=SOFTPACK --cpu_mode arm -Oh)
#    Locale                   =  C
#    List file                =
#        C:\work\AtmelSoftPAck\atmel-software-package-2.17\examples\ssc_dma_audio\build\sam9x60-ek\sram\List\wav.lst
#    Object file              =
#        C:\work\AtmelSoftPAck\atmel-software-package-2.17\examples\ssc_dma_audio\build\sam9x60-ek\sram\Obj\wav.o
#    Runtime model:              
#      __SystemLibrary        =  DLib
#      __dlib_file_descriptor =  0
#      __dlib_version         =  6
#      __iar_require _Printf  =  flags,int_specials,widths
#
###############################################################################

C:\work\AtmelSoftPAck\atmel-software-package-2.17\utils\wav.c
      1          /* ----------------------------------------------------------------------------
      2           *         SAM Software Package License
      3           * ----------------------------------------------------------------------------
      4           * Copyright (c) 2015, Atmel Corporation
      5           *
      6           * All rights reserved.
      7           *
      8           * Redistribution and use in source and binary forms, with or without
      9           * modification, are permitted provided that the following conditions are met:
     10           *
     11           * - Redistributions of source code must retain the above copyright notice,
     12           * this list of conditions and the disclaimer below.
     13           *
     14           * Atmel's name may not be used to endorse or promote products derived from
     15           * this software without specific prior written permission.
     16           *
     17           * DISCLAIMER: THIS SOFTWARE IS PROVIDED BY ATMEL "AS IS" AND ANY EXPRESS OR
     18           * IMPLIED WARRANTIES, INCLUDING, BUT NOT LIMITED TO, THE IMPLIED WARRANTIES OF
     19           * MERCHANTABILITY, FITNESS FOR A PARTICULAR PURPOSE AND NON-INFRINGEMENT ARE
     20           * DISCLAIMED. IN NO EVENT SHALL ATMEL BE LIABLE FOR ANY DIRECT, INDIRECT,
     21           * INCIDENTAL, SPECIAL, EXEMPLARY, OR CONSEQUENTIAL DAMAGES (INCLUDING, BUT NOT
     22           * LIMITED TO, PROCUREMENT OF SUBSTITUTE GOODS OR SERVICES; LOSS OF USE, DATA,
     23           * OR PROFITS; OR BUSINESS INTERRUPTION) HOWEVER CAUSED AND ON ANY THEORY OF
     24           * LIABILITY, WHETHER IN CONTRACT, STRICT LIABILITY, OR TORT (INCLUDING
     25           * NEGLIGENCE OR OTHERWISE) ARISING IN ANY WAY OUT OF THE USE OF THIS SOFTWARE,
     26           * EVEN IF ADVISED OF THE POSSIBILITY OF SUCH DAMAGE.
     27           * ----------------------------------------------------------------------------
     28           */
     29          
     30          /** \file */
     31          
     32          /*----------------------------------------------------------------------------
     33           *        Headers
     34           *----------------------------------------------------------------------------*/
     35          
     36          #include <stdio.h>
     37          
     38          #include "wav.h"
     39          
     40          /*----------------------------------------------------------------------------
     41           *        Definitions
     42           *----------------------------------------------------------------------------*/
     43          
     44          /** WAV letters "RIFF" */
     45          #define WAV_CHUNKID       0x46464952
     46          
     47          /** WAV letters "WAVE"*/
     48          #define WAV_FORMAT        0x45564157
     49          
     50          /** WAV letters "fmt "*/
     51          #define WAV_SUBCHUNKID    0x20746D66
     52          
     53          /*----------------------------------------------------------------------------
     54           *        Exported functions
     55           *----------------------------------------------------------------------------*/
     56          
     57          /**
     58           * \brief Check if the header of a Wav file is valid or not.
     59           *
     60           * \param header Wav header information.
     61           * \return true if the header of a Wav file is valid; otherwise returns false.
     62           */

   \                                 In section SOFTPACK, align 4, keep-with-next
     63          bool wav_is_valid(const struct _wav_header *header)
     64          {
     65          	return (header->chunk_id == WAV_CHUNKID
     66          			&& header->format == WAV_FORMAT
     67          			&& header->subchunk1_size == 0x10);
   \                     wav_is_valid:
   \        0x0   0xE590'1000        LDR      R1,[R0, #+0]
   \        0x4   0x....'....        LDR      R2,??DataTable15  ;; 0x46464952
   \        0x8   0xE151'0002        CMP      R1,R2
   \        0xC   0x1A00'0008        BNE      ??wav_is_valid_0
   \       0x10   0xE590'1008        LDR      R1,[R0, #+8]
   \       0x14   0x....'....        LDR      R2,??DataTable15_1  ;; 0x45564157
   \       0x18   0xE151'0002        CMP      R1,R2
   \       0x1C   0x1A00'0004        BNE      ??wav_is_valid_0
   \       0x20   0xE590'0010        LDR      R0,[R0, #+16]
   \       0x24   0xE350'0010        CMP      R0,#+16
   \       0x28   0x1A00'0001        BNE      ??wav_is_valid_0
   \       0x2C   0xE3A0'0001        MOV      R0,#+1
   \       0x30   0xE12F'FF1E        BX       LR
   \                     ??wav_is_valid_0:
   \       0x34   0xE3A0'0000        MOV      R0,#+0
   \       0x38   0xE12F'FF1E        BX       LR               ;; return
     68          }
     69          
     70          /**
     71           * \brief Display the information of the WAV file (sample rate, stereo/mono
     72           * and frame size).
     73           *
     74           * \param header Wav header information.
     75           */
     76          

   \                                 In section SOFTPACK, align 4, keep-with-next
     77          void wav_display_info(const struct _wav_header *header)
     78          {
   \                     wav_display_info:
   \        0x0   0xE92D'4010        PUSH     {R4,LR}
   \        0x4   0xE1A0'4000        MOV      R4,R0
     79          	printf("Wave file header information\n\r");
   \        0x8   0x....'....        ADR      R0,?_1
   \        0xC   0x....'....        BL       printf
     80          	printf("--------------------------------\n\r");
   \       0x10   0x....'....        LDR      R0,??DataTable15_2
   \       0x14   0x....'....        BL       printf
     81          	printf("  - Chunk ID        = 0x%08X\n\r",
     82          			(unsigned int)header->chunk_id);
   \       0x18   0xE594'1000        LDR      R1,[R4, #+0]
   \       0x1C   0x....'....        ADR      R0,?_2
   \       0x20   0x....'....        BL       printf
     83          	printf("  - Chunk Size      = %u\n\r",
     84          			(unsigned int)header->chunk_size);
   \       0x24   0xE594'1004        LDR      R1,[R4, #+4]
   \       0x28   0x....'....        ADR      R0,?_3
   \       0x2C   0x....'....        BL       printf
     85          	printf("  - Format          = 0x%08X\n\r",
     86          			(unsigned int)header->format);
   \       0x30   0xE594'1008        LDR      R1,[R4, #+8]
   \       0x34   0x....'....        ADR      R0,?_4
   \       0x38   0x....'....        BL       printf
     87          	printf("  - SubChunk ID     = 0x%08X\n\r",
     88          			(unsigned int)header->subchunk1_id);
   \       0x3C   0xE594'100C        LDR      R1,[R4, #+12]
   \       0x40   0x....'....        ADR      R0,?_5
   \       0x44   0x....'....        BL       printf
     89          	printf("  - Subchunk1 Size  = %u\n\r",
     90          			(unsigned int)header->subchunk1_size);
   \       0x48   0xE594'1010        LDR      R1,[R4, #+16]
   \       0x4C   0x....'....        ADR      R0,?_6
   \       0x50   0x....'....        BL       printf
     91          	printf("  - Audio Format    = 0x%04X\n\r",
     92          			(unsigned int)header->audio_format);
   \       0x54   0xE1D4'11B4        LDRH     R1,[R4, #+20]
   \       0x58   0x....'....        ADR      R0,?_7
   \       0x5C   0x....'....        BL       printf
     93          	printf("  - Num. Channels   = %d\n\r",
     94          			(unsigned int)header->num_channels);
   \       0x60   0xE1D4'11B6        LDRH     R1,[R4, #+22]
   \       0x64   0x....'....        ADR      R0,?_8
   \       0x68   0x....'....        BL       printf
     95          	printf("  - Sample Rate     = %u\n\r",
     96          			(unsigned int)header->sample_rate);
   \       0x6C   0xE594'1018        LDR      R1,[R4, #+24]
   \       0x70   0x....'....        ADR      R0,?_9
   \       0x74   0x....'....        BL       printf
     97          	printf("  - Byte Rate       = %u\n\r",
     98          			(unsigned int)header->byte_rate);
   \       0x78   0xE594'101C        LDR      R1,[R4, #+28]
   \       0x7C   0x....'....        ADR      R0,?_10
   \       0x80   0x....'....        BL       printf
     99          	printf("  - Block Align     = %d\n\r",
    100          			(unsigned int)header->block_align);
   \       0x84   0xE1D4'12B0        LDRH     R1,[R4, #+32]
   \       0x88   0x....'....        ADR      R0,?_11
   \       0x8C   0x....'....        BL       printf
    101          	printf("  - Bits Per Sample = %d\n\r",
    102          			(unsigned int)header->bits_per_sample);
   \       0x90   0xE1D4'12B2        LDRH     R1,[R4, #+34]
   \       0x94   0x....'....        ADR      R0,?_12
   \       0x98   0x....'....        BL       printf
    103          	printf("  - Subchunk2 ID    = 0x%08X\n\r",
    104          			(unsigned int)header->subchunk2_id);
   \       0x9C   0xE594'1024        LDR      R1,[R4, #+36]
   \       0xA0   0x....'....        ADR      R0,?_13
   \       0xA4   0x....'....        BL       printf
    105          	printf("  - Subchunk2 Size  = %u\n\r",
    106          			(unsigned int)header->subchunk2_size);
   \       0xA8   0xE594'1028        LDR      R1,[R4, #+40]
   \       0xAC   0xE8BD'4010        POP      {R4,LR}
   \       0xB0   0x....'....        ADR      R0,?_14
   \       0xB4   0x....'....        B        printf           ;; tailcall
    107          }

   \                                 In section SOFTPACK, align 4, keep-with-next
   \                     ??DataTable15:
   \        0x0   0x4646'4952        DC32     0x46464952

   \                                 In section SOFTPACK, align 4, keep-with-next
   \                     ??DataTable15_1:
   \        0x0   0x4556'4157        DC32     0x45564157

   \                                 In section SOFTPACK, align 4, keep-with-next
   \                     ??DataTable15_2:
   \        0x0   0x....'....        DC32     ?_0

   \                                 In section .rodata, align 4
   \                     ?_0:
   \        0x0   0x2D 0x2D          DC8 "--------------------------------\012\015"

   \              0x2D 0x2D    

   \              0x2D 0x2D    

   \              0x2D 0x2D    

   \              0x2D 0x2D    

   \              0x2D 0x2D    

   \              0x2D 0x2D    

   \              0x2D 0x2D    

   \              0x2D 0x2D    

   \              0x2D 0x2D    

   \              0x2D 0x2D    

   \              0x2D 0x2D    

   \              0x2D 0x2D    

   \              0x2D 0x2D    

   \              0x2D 0x2D    

   \              0x2D 0x2D    

   \              0x0A 0x0D    

   \              0x00
   \       0x23   0x00               DC8 0

   \                                 In section SOFTPACK, align 4, keep-with-next
   \                     ?_1:
   \        0x0   0x57 0x61          DC8 "Wave file header information\012\015"

   \              0x76 0x65    

   \              0x20 0x66    

   \              0x69 0x6C    

   \              0x65 0x20    

   \              0x68 0x65    

   \              0x61 0x64    

   \              0x65 0x72    

   \              0x20 0x69    

   \              0x6E 0x66    

   \              0x6F 0x72    

   \              0x6D 0x61    

   \              0x74 0x69    

   \              0x6F 0x6E    

   \              0x0A 0x0D    

   \              0x00
   \       0x1F   0x00               DC8 0

   \                                 In section SOFTPACK, align 4, keep-with-next
   \                     ?_2:
   \        0x0   0x20 0x20          DC8 "  - Chunk ID        = 0x%08X\012\015"

   \              0x2D 0x20    

   \              0x43 0x68    

   \              0x75 0x6E    

   \              0x6B 0x20    

   \              0x49 0x44    

   \              0x20 0x20    

   \              0x20 0x20    

   \              0x20 0x20    

   \              0x20 0x20    

   \              0x3D 0x20    

   \              0x30 0x78    

   \              0x25 0x30    

   \              0x38 0x58    

   \              0x0A 0x0D    

   \              0x00
   \       0x1F   0x00               DC8 0

   \                                 In section SOFTPACK, align 4, keep-with-next
   \                     ?_3:
   \        0x0   0x20 0x20          DC8 "  - Chunk Size      = %u\012\015"

   \              0x2D 0x20    

   \              0x43 0x68    

   \              0x75 0x6E    

   \              0x6B 0x20    

   \              0x53 0x69    

   \              0x7A 0x65    

   \              0x20 0x20    

   \              0x20 0x20    

   \              0x20 0x20    

   \              0x3D 0x20    

   \              0x25 0x75    

   \              0x0A 0x0D    

   \              0x00
   \       0x1B   0x00               DC8 0

   \                                 In section SOFTPACK, align 4, keep-with-next
   \                     ?_4:
   \        0x0   0x20 0x20          DC8 "  - Format          = 0x%08X\012\015"

   \              0x2D 0x20    

   \              0x46 0x6F    

   \              0x72 0x6D    

   \              0x61 0x74    

   \              0x20 0x20    

   \              0x20 0x20    

   \              0x20 0x20    

   \              0x20 0x20    

   \              0x20 0x20    

   \              0x3D 0x20    

   \              0x30 0x78    

   \              0x25 0x30    

   \              0x38 0x58    

   \              0x0A 0x0D    

   \              0x00
   \       0x1F   0x00               DC8 0

   \                                 In section SOFTPACK, align 4, keep-with-next
   \                     ?_5:
   \        0x0   0x20 0x20          DC8 "  - SubChunk ID     = 0x%08X\012\015"

   \              0x2D 0x20    

   \              0x53 0x75    

   \              0x62 0x43    

   \              0x68 0x75    

   \              0x6E 0x6B    

   \              0x20 0x49    

   \              0x44 0x20    

   \              0x20 0x20    

   \              0x20 0x20    

   \              0x3D 0x20    

   \              0x30 0x78    

   \              0x25 0x30    

   \              0x38 0x58    

   \              0x0A 0x0D    

   \              0x00
   \       0x1F   0x00               DC8 0

   \                                 In section SOFTPACK, align 4, keep-with-next
   \                     ?_6:
   \        0x0   0x20 0x20          DC8 "  - Subchunk1 Size  = %u\012\015"

   \              0x2D 0x20    

   \              0x53 0x75    

   \              0x62 0x63    

   \              0x68 0x75    

   \              0x6E 0x6B    

   \              0x31 0x20    

   \              0x53 0x69    

   \              0x7A 0x65    

   \              0x20 0x20    

   \              0x3D 0x20    

   \              0x25 0x75    

   \              0x0A 0x0D    

   \              0x00
   \       0x1B   0x00               DC8 0

   \                                 In section SOFTPACK, align 4, keep-with-next
   \                     ?_7:
   \        0x0   0x20 0x20          DC8 "  - Audio Format    = 0x%04X\012\015"

   \              0x2D 0x20    

   \              0x41 0x75    

   \              0x64 0x69    

   \              0x6F 0x20    

   \              0x46 0x6F    

   \              0x72 0x6D    

   \              0x61 0x74    

   \              0x20 0x20    

   \              0x20 0x20    

   \              0x3D 0x20    

   \              0x30 0x78    

   \              0x25 0x30    

   \              0x34 0x58    

   \              0x0A 0x0D    

   \              0x00
   \       0x1F   0x00               DC8 0

   \                                 In section SOFTPACK, align 4, keep-with-next
   \                     ?_8:
   \        0x0   0x20 0x20          DC8 "  - Num. Channels   = %d\012\015"

   \              0x2D 0x20    

   \              0x4E 0x75    

   \              0x6D 0x2E    

   \              0x20 0x43    

   \              0x68 0x61    

   \              0x6E 0x6E    

   \              0x65 0x6C    

   \              0x73 0x20    

   \              0x20 0x20    

   \              0x3D 0x20    

   \              0x25 0x64    

   \              0x0A 0x0D    

   \              0x00
   \       0x1B   0x00               DC8 0

   \                                 In section SOFTPACK, align 4, keep-with-next
   \                     ?_9:
   \        0x0   0x20 0x20          DC8 "  - Sample Rate     = %u\012\015"

   \              0x2D 0x20    

   \              0x53 0x61    

   \              0x6D 0x70    

   \              0x6C 0x65    

   \              0x20 0x52    

   \              0x61 0x74    

   \              0x65 0x20    

   \              0x20 0x20    

   \              0x20 0x20    

   \              0x3D 0x20    

   \              0x25 0x75    

   \              0x0A 0x0D    

   \              0x00
   \       0x1B   0x00               DC8 0

   \                                 In section SOFTPACK, align 4, keep-with-next
   \                     ?_10:
   \        0x0   0x20 0x20          DC8 "  - Byte Rate       = %u\012\015"

   \              0x2D 0x20    

   \              0x42 0x79    

   \              0x74 0x65    

   \              0x20 0x52    

   \              0x61 0x74    

   \              0x65 0x20    

   \              0x20 0x20    

   \              0x20 0x20    

   \              0x20 0x20    

   \              0x3D 0x20    

   \              0x25 0x75    

   \              0x0A 0x0D    

   \              0x00
   \       0x1B   0x00               DC8 0

   \                                 In section SOFTPACK, align 4, keep-with-next
   \                     ?_11:
   \        0x0   0x20 0x20          DC8 "  - Block Align     = %d\012\015"

   \              0x2D 0x20    

   \              0x42 0x6C    

   \              0x6F 0x63    

   \              0x6B 0x20    

   \              0x41 0x6C    

   \              0x69 0x67    

   \              0x6E 0x20    

   \              0x20 0x20    

   \              0x20 0x20    

   \              0x3D 0x20    

   \              0x25 0x64    

   \              0x0A 0x0D    

   \              0x00
   \       0x1B   0x00               DC8 0

   \                                 In section SOFTPACK, align 4, keep-with-next
   \                     ?_12:
   \        0x0   0x20 0x20          DC8 "  - Bits Per Sample = %d\012\015"

   \              0x2D 0x20    

   \              0x42 0x69    

   \              0x74 0x73    

   \              0x20 0x50    

   \              0x65 0x72    

   \              0x20 0x53    

   \              0x61 0x6D    

   \              0x70 0x6C    

   \              0x65 0x20    

   \              0x3D 0x20    

   \              0x25 0x64    

   \              0x0A 0x0D    

   \              0x00
   \       0x1B   0x00               DC8 0

   \                                 In section SOFTPACK, align 4, keep-with-next
   \                     ?_13:
   \        0x0   0x20 0x20          DC8 "  - Subchunk2 ID    = 0x%08X\012\015"

   \              0x2D 0x20    

   \              0x53 0x75    

   \              0x62 0x63    

   \              0x68 0x75    

   \              0x6E 0x6B    

   \              0x32 0x20    

   \              0x49 0x44    

   \              0x20 0x20    

   \              0x20 0x20    

   \              0x3D 0x20    

   \              0x30 0x78    

   \              0x25 0x30    

   \              0x38 0x58    

   \              0x0A 0x0D    

   \              0x00
   \       0x1F   0x00               DC8 0

   \                                 In section SOFTPACK, align 4, keep-with-next
   \                     ?_14:
   \        0x0   0x20 0x20          DC8 "  - Subchunk2 Size  = %u\012\015"

   \              0x2D 0x20    

   \              0x53 0x75    

   \              0x62 0x63    

   \              0x68 0x75    

   \              0x6E 0x6B    

   \              0x32 0x20    

   \              0x53 0x69    

   \              0x7A 0x65    

   \              0x20 0x20    

   \              0x3D 0x20    

   \              0x25 0x75    

   \              0x0A 0x0D    

   \              0x00
   \       0x1B   0x00               DC8 0

   Maximum stack usage in bytes:

   .cstack Function
   ------- --------
       8   wav_display_info
         0   -> printf
         8   -> printf
       0   wav_is_valid


   Section sizes:

   Bytes  Function/Label
   -----  --------------
       4  ??DataTable15
       4  ??DataTable15_1
       4  ??DataTable15_2
      36  ?_0
      32  ?_1
      28  ?_10
      28  ?_11
      28  ?_12
      32  ?_13
      28  ?_14
      32  ?_2
      28  ?_3
      32  ?_4
      32  ?_5
      28  ?_6
      32  ?_7
      28  ?_8
      28  ?_9
     184  wav_display_info
      60  wav_is_valid

 
  36 bytes in section .rodata
 672 bytes in section SOFTPACK
 
 672 bytes of CODE  memory
  36 bytes of CONST memory

Errors: none
Warnings: none
