###############################################################################
#
# IAR ANSI C/C++ Compiler V8.50.1.245/W32 for ARM         24/Nov/2020  14:09:01
# Copyright 1999-2020 IAR Systems AB.
#
#    Cpu mode                    
#    Endian                   =  little
#    Source file              =
#        C:\work\AtmelSoftPAck\atmel-software-package-2.17\drivers\extram\smc.c
#    Command line             =
#        -f C:\Users\c40450\AppData\Local\Temp\EWD623.tmp
#        (C:\work\AtmelSoftPAck\atmel-software-package-2.17\drivers\extram\smc.c
#        -D "SOFTPACK_VERSION=\"2.17\"" -D TRACE_LEVEL=5 -D VARIANT_DDRAM -D
#        CONFIG_ARCH_ARMV7A -D CONFIG_ARCH_ARM -D CONFIG_SOC_SAMA5D2 -D
#        CONFIG_CHIP_SAMA5D27 -D CONFIG_PACKAGE_289PIN -D
#        CONFIG_BOARD_SAMA5D27_SOM1_EK -D CONFIG_HAVE_AIC5 -D
#        CONFIG_HAVE_FLEXCOM -D CONFIG_HAVE_PIO4 -D CONFIG_HAVE_PIO4_SECURE -D
#        CONFIG_HAVE_NFC -D CONFIG_HAVE_PIT -D CONFIG_HAVE_SMC -D
#        CONFIG_HAVE_SMC_SCRAMBLING -D CONFIG_HAVE_GMAC_QUEUES -D
#        CONFIG_HAVE_MPDDRC -D CONFIG_HAVE_MPDDRC_DATA_PATH -D
#        CONFIG_HAVE_MPDDRC_IO_CALIBRATION -D CONFIG_HAVE_MPDDRC_DDR2 -D
#        CONFIG_HAVE_MPDDRC_LPDDR2 -D CONFIG_HAVE_MPDDRC_DDR3 -D
#        CONFIG_HAVE_MPDDRC_LPDDR3 -D CONFIG_HAVE_ADC_SETTLING_TIME -D
#        CONFIG_HAVE_ADC_DIFF_INPUT -D CONFIG_HAVE_ADC_SEQ_R2 -D
#        CONFIG_HAVE_PMC_FAST_STARTUP -D CONFIG_HAVE_PMC_GENERATED_CLOCKS -D
#        CONFIG_HAVE_PMC_AUDIO_CLOCK -D CONFIG_HAVE_PMC_PLLADIV2 -D
#        CONFIG_HAVE_PMC_H32MXDIV -D CONFIG_HAVE_PMC_UPLL_BIAS -D
#        CONFIG_HAVE_SCKC -D CONFIG_HAVE_PWMC_DMA -D
#        CONFIG_HAVE_PWMC_SPREAD_SPECTRUM -D CONFIG_HAVE_PWMC_EXTERNAL_TRIGGER
#        -D CONFIG_HAVE_PWMC_FAULT_PROT_HIZ -D CONFIG_HAVE_PWMC_STEPPER_MOTOR
#        -D CONFIG_HAVE_PWMC_CMP_UNIT -D CONFIG_HAVE_PWMC_SYNC_MODE -D
#        CONFIG_HAVE_PWMC_OOV -D CONFIG_HAVE_PWMC_FMODE -D CONFIG_HAVE_PWMC_WP
#        -D CONFIG_HAVE_PWMC_DTIME -D CONFIG_HAVE_PWMC_ELINE -D
#        CONFIG_HAVE_SFRBU -D CONFIG_HAVE_L2CC -D CONFIG_HAVE_SAIC -D
#        CONFIG_HAVE_XDMAC -D CONFIG_HAVE_XDMAC_DATA_WIDTH_DWORD -D
#        CONFIG_HAVE_SECUMOD -D CONFIG_HAVE_SFC -D CONFIG_HAVE_PWMC -D
#        CONFIG_HAVE_SECURE_MATRIX -D CONFIG_HAVE_DDR2_W971GG6SB -D
#        CONFIG_HAVE_RSTC_CONFIGURABLE_USER_RESET -D CONFIG_HAVE_TC_FAULT_MODE
#        -D CONFIG_HAVE_TC_DMA_MODE -D CONFIG_HAVE_RTC_CALIBRATION -D
#        CONFIG_HAVE_RTC_MODE_PERSIAN -D CONFIG_HAVE_RTC_MODE_UTC -D
#        CONFIG_HAVE_RTC_TAMPER -D CONFIG_HAVE_SHDWC -D CONFIG_HAVE_LED -D
#        CONFIG_HAVE_MMU -D CONFIG_HAVE_L1CACHE -D CONFIG_HAVE_L2CACHE -D
#        CONFIG_HAVE_UART -D CONFIG_HAVE_SERIALD_UART -D CONFIG_HAVE_USART -D
#        CONFIG_HAVE_USART_FIFO --preprocess
#        C:\work\AtmelSoftPAck\atmel-software-package-2.17\examples\getting_started\build\sama5d27-som1-ek\ddram\List
#        -lC
#        C:\work\AtmelSoftPAck\atmel-software-package-2.17\examples\getting_started\build\sama5d27-som1-ek\ddram\List
#        --diag_suppress Pa050 -o
#        C:\work\AtmelSoftPAck\atmel-software-package-2.17\examples\getting_started\build\sama5d27-som1-ek\ddram\Obj
#        --debug --endian=little --cpu=Cortex-A5 -e --fpu=VFPv4_D16
#        --dlib_config "C:\Program Files (x86)\IAR Systems\Embedded Workbench
#        8.4\arm\inc\c\DLib_Config_Normal.h" -I
#        C:\work\AtmelSoftPAck\atmel-software-package-2.17\examples\getting_started\..\..\arch\
#        -I
#        C:\work\AtmelSoftPAck\atmel-software-package-2.17\examples\getting_started\..\..\utils\
#        -I
#        C:\work\AtmelSoftPAck\atmel-software-package-2.17\examples\getting_started\..\..\target\common\
#        -I
#        C:\work\AtmelSoftPAck\atmel-software-package-2.17\examples\getting_started\..\..\target\sama5d2\
#        -I
#        C:\work\AtmelSoftPAck\atmel-software-package-2.17\examples\getting_started\..\..\drivers\
#        -I
#        C:\work\AtmelSoftPAck\atmel-software-package-2.17\examples\getting_started\..\..\lib\
#        --section .text=SOFTPACK --cpu_mode arm -Oh)
#    Locale                   =  C
#    List file                =
#        C:\work\AtmelSoftPAck\atmel-software-package-2.17\examples\getting_started\build\sama5d27-som1-ek\ddram\List\smc.lst
#    Object file              =
#        C:\work\AtmelSoftPAck\atmel-software-package-2.17\examples\getting_started\build\sama5d27-som1-ek\ddram\Obj\smc.o
#    Runtime model:              
#      __SystemLibrary        =  DLib
#      __dlib_file_descriptor =  0
#      __dlib_version         =  6
#
###############################################################################

C:\work\AtmelSoftPAck\atmel-software-package-2.17\drivers\extram\smc.c
      1          /* ----------------------------------------------------------------------------
      2           *         SAM Software Package License
      3           * ----------------------------------------------------------------------------
      4           * Copyright (c) 2015, Atmel Corporation
      5           *
      6           * All rights reserved.
      7           *
      8           * Redistribution and use in source and binary forms, with or without
      9           * modification, are permitted provided that the following conditions are met:
     10           *
     11           * - Redistributions of source code must retain the above copyright notice,
     12           * this list of conditions and the disclaimer below.
     13           *
     14           * Atmel's name may not be used to endorse or promote products derived from
     15           * this software without specific prior written permission.
     16           *
     17           * DISCLAIMER: THIS SOFTWARE IS PROVIDED BY ATMEL "AS IS" AND ANY EXPRESS OR
     18           * IMPLIED WARRANTIES, INCLUDING, BUT NOT LIMITED TO, THE IMPLIED WARRANTIES OF
     19           * MERCHANTABILITY, FITNESS FOR A PARTICULAR PURPOSE AND NON-INFRINGEMENT ARE
     20           * DISCLAIMED. IN NO EVENT SHALL ATMEL BE LIABLE FOR ANY DIRECT, INDIRECT,
     21           * INCIDENTAL, SPECIAL, EXEMPLARY, OR CONSEQUENTIAL DAMAGES (INCLUDING, BUT NOT
     22           * LIMITED TO, PROCUREMENT OF SUBSTITUTE GOODS OR SERVICES; LOSS OF USE, DATA,
     23           * OR PROFITS; OR BUSINESS INTERRUPTION) HOWEVER CAUSED AND ON ANY THEORY OF
     24           * LIABILITY, WHETHER IN CONTRACT, STRICT LIABILITY, OR TORT (INCLUDING
     25           * NEGLIGENCE OR OTHERWISE) ARISING IN ANY WAY OUT OF THE USE OF THIS SOFTWARE,
     26           * EVEN IF ADVISED OF THE POSSIBILITY OF SUCH DAMAGE.
     27           * ----------------------------------------------------------------------------
     28           */
     29          
     30          /**
     31            *  \file
     32            *
     33            *  Implementation of SMC functions.
     34            */
     35          
     36          /*----------------------------------------------------------------------------
     37           *        Headers
     38           *----------------------------------------------------------------------------*/
     39          
     40          #include "chip.h"
     41          #include "trace.h"
     42          
     43          #include "peripherals/pmc.h"
     44          #include "extram/smc.h"
     45          
     46          /*----------------------------------------------------------------------------
     47           *        Exported functions
     48           *----------------------------------------------------------------------------*/
     49          

   \                                 In section SOFTPACK, align 4, keep-with-next
     50          void smc_nand_configure(uint8_t bus_width)
     51          {
   \                     smc_nand_configure:
   \        0x0   0xE92D'4010        PUSH     {R4,LR}
   \        0x4   0xE1A0'4000        MOV      R4,R0
     52          #ifdef ID_SMC
     53          	pmc_configure_peripheral(ID_SMC, NULL, true);
   \        0x8   0xE3A0'2001        MOV      R2,#+1
   \        0xC   0xE3A0'1000        MOV      R1,#+0
   \       0x10   0xE3A0'0011        MOV      R0,#+17
   \       0x14   0x....'....        BL       pmc_configure_peripheral
     54          #endif
     55          
     56          	SMC->SMC_CS[NAND_EBI_CS].SMC_SETUP =
     57          		SMC_SETUP_NWE_SETUP(2) |
     58          		SMC_SETUP_NCS_WR_SETUP(2) |
     59          		SMC_SETUP_NRD_SETUP(2) |
     60          		SMC_SETUP_NCS_RD_SETUP(2);
   \       0x18   0x....'....        LDR      R0,??DataTable5  ;; 0xf801473c
   \       0x1C   0x....'....        LDR      R2,??DataTable5_1  ;; 0x2020202
   \       0x20   0xE580'2000        STR      R2,[R0, #+0]
     61          
     62          	SMC->SMC_CS[NAND_EBI_CS].SMC_PULSE =
     63          		SMC_PULSE_NWE_PULSE(7) |
     64          		SMC_PULSE_NCS_WR_PULSE(7) |
     65          		SMC_PULSE_NRD_PULSE(7) |
     66          		SMC_PULSE_NCS_RD_PULSE(7);
   \       0x24   0x....'....        LDR      R1,??DataTable5_2  ;; 0x7070707
     67          
     68          	SMC->SMC_CS[NAND_EBI_CS].SMC_CYCLE =
     69          		SMC_CYCLE_NWE_CYCLE(13) |
     70          		SMC_CYCLE_NRD_CYCLE(13);
   \       0x28   0xE3A0'300D        MOV      R3,#+13
   \       0x2C   0xE580'1004        STR      R1,[R0, #+4]
   \       0x30   0xE383'3AD0        ORR      R3,R3,#0xD0000
     71          
     72          #ifdef SMC_TIMINGS_NFSEL
     73          	SMC->SMC_CS[NAND_EBI_CS].SMC_TIMINGS =
     74          		SMC_TIMINGS_TCLR(3) |
     75          		SMC_TIMINGS_TADL(27) |
     76          		SMC_TIMINGS_TAR(3) |
     77          		SMC_TIMINGS_TRR(6) |
     78          		SMC_TIMINGS_TWB(5) |
     79          		SMC_TIMINGS_NFSEL;
   \       0x34   0x....'....        LDR      R12,??DataTable5_3  ;; 0x850603b3
   \       0x38   0xE580'3008        STR      R3,[R0, #+8]
     80          #endif
     81          
     82          	SMC->SMC_CS[NAND_EBI_CS].SMC_MODE =
     83          		SMC_MODE_READ_MODE |
     84          		SMC_MODE_WRITE_MODE |
     85          		((bus_width == 8 ) ? SMC_MODE_DBW_BIT_8 : SMC_MODE_DBW_BIT_16) |
     86          		SMC_MODE_TDF_CYCLES(1);
   \       0x3C   0xE354'0008        CMP      R4,#+8
   \       0x40   0xE3A0'1003        MOV      R1,#+3
   \       0x44   0xE580'C00C        STR      R12,[R0, #+12]
   \       0x48   0x0381'1B40        ORREQ    R1,R1,#0x10000
   \       0x4C   0x1381'1B44        ORRNE    R1,R1,#0x11000
   \       0x50   0xE580'1010        STR      R1,[R0, #+16]
     87          }
   \       0x54   0xE8BD'8010        POP      {R4,PC}          ;; return
     88          

   \                                 In section SOFTPACK, align 4, keep-with-next
     89          void smc_nor_configure(uint8_t cs, uint8_t bus_width)
     90          {
   \                     smc_nor_configure:
   \        0x0   0xE92D'4038        PUSH     {R3-R5,LR}
   \        0x4   0xE1A0'5000        MOV      R5,R0
   \        0x8   0xE1A0'4001        MOV      R4,R1
     91          #ifdef ID_SMC
     92          	pmc_configure_peripheral(ID_SMC, NULL, true);
   \        0xC   0xE3A0'2001        MOV      R2,#+1
   \       0x10   0xE3A0'1000        MOV      R1,#+0
   \       0x14   0xE3A0'0011        MOV      R0,#+17
   \       0x18   0x....'....        BL       pmc_configure_peripheral
     93          #endif
     94          
     95          	SMC->SMC_CS[cs].SMC_SETUP =
     96          		SMC_SETUP_NWE_SETUP(1) |
     97          		SMC_SETUP_NCS_WR_SETUP(0) |
     98          		SMC_SETUP_NRD_SETUP(2) |
     99          		SMC_SETUP_NCS_RD_SETUP(0);
   \       0x1C   0xE085'0105        ADD      R0,R5,R5, LSL #+2
   \       0x20   0xE3A0'2001        MOV      R2,#+1
   \       0x24   0x....'....        LDR      R1,??DataTable5_4  ;; 0xf8014700
   \       0x28   0xE1A0'0100        LSL      R0,R0,#+2
   \       0x2C   0xE382'2B80        ORR      R2,R2,#0x20000
   \       0x30   0xE781'2000        STR      R2,[R1, +R0]
    100          
    101          	SMC->SMC_CS[cs].SMC_PULSE =
    102          		SMC_PULSE_NWE_PULSE(10) |
    103          		SMC_PULSE_NCS_WR_PULSE(10) |
    104          		SMC_PULSE_NRD_PULSE(11) |
    105          		SMC_PULSE_NCS_RD_PULSE(11);
   \       0x34   0xE081'0000        ADD      R0,R1,R0
   \       0x38   0x....'....        LDR      R1,??DataTable5_5  ;; 0xb0b0a0a
    106          
    107          	SMC->SMC_CS[cs].SMC_CYCLE =
    108          		SMC_CYCLE_NWE_CYCLE(11) |
    109          		SMC_CYCLE_NRD_CYCLE(14);
   \       0x3C   0xE3A0'300B        MOV      R3,#+11
   \       0x40   0xE580'1004        STR      R1,[R0, #+4]
   \       0x44   0xE383'3AE0        ORR      R3,R3,#0xE0000
    110          
    111          #ifdef SMC_TIMINGS_NFSEL
    112          	SMC->SMC_CS[cs].SMC_TIMINGS = 0;
   \       0x48   0xE3A0'C000        MOV      R12,#+0
   \       0x4C   0xE580'3008        STR      R3,[R0, #+8]
    113          #endif
    114          
    115          	SMC->SMC_CS[cs].SMC_MODE =
    116          		SMC_MODE_READ_MODE |
    117          		SMC_MODE_WRITE_MODE |
    118          		(bus_width == 8 ? SMC_MODE_DBW_BIT_8 : SMC_MODE_DBW_BIT_16) |
    119          		SMC_MODE_EXNW_MODE_DISABLED |
    120          		SMC_MODE_TDF_CYCLES(1);
   \       0x50   0xE354'0008        CMP      R4,#+8
   \       0x54   0xE3A0'1003        MOV      R1,#+3
   \       0x58   0xE580'C00C        STR      R12,[R0, #+12]
   \       0x5C   0x0381'1B40        ORREQ    R1,R1,#0x10000
   \       0x60   0x1381'1B44        ORRNE    R1,R1,#0x11000
   \       0x64   0xE580'1010        STR      R1,[R0, #+16]
    121          }
   \       0x68   0xE8BD'8031        POP      {R0,R4,R5,PC}    ;; return
    122          
    123          #ifdef CONFIG_HAVE_SMC_SCRAMBLING
    124          

   \                                 In section SOFTPACK, align 4, keep-with-next
    125          void smc_scrambling_set_key(uint32_t key1, uint32_t key2)
    126          {
    127          	SMC->SMC_KEY1 = key1;
   \                     smc_scrambling_set_key:
   \        0x0   0x....'....        LDR      R2,??DataTable5_6  ;; 0xf80147a4
   \        0x4   0xE582'0000        STR      R0,[R2, #+0]
    128          	SMC->SMC_KEY2 = key2;
   \        0x8   0xE582'1004        STR      R1,[R2, #+4]
    129          }
   \        0xC   0xE12F'FF1E        BX       LR               ;; return
    130          

   \                                 In section SOFTPACK, align 4, keep-with-next
    131          void smc_scrambling_enable(void)
    132          {
    133          	SMC->SMC_OCMS |= SMC_OCMS_SMSE;
   \                     smc_scrambling_enable:
   \        0x0   0x....'....        LDR      R0,??DataTable5_7  ;; 0xf80147a0
   \        0x4   0xE590'1000        LDR      R1,[R0, #+0]
   \        0x8   0xE381'2001        ORR      R2,R1,#0x1
   \        0xC   0x....'....        B        ?Subroutine0
    134          }

   \                                 In section SOFTPACK, align 4, keep-with-next
   \                     ?Subroutine0:
   \        0x0   0xE580'2000        STR      R2,[R0, #+0]
   \        0x4   0xE12F'FF1E        BX       LR               ;; return
    135          

   \                                 In section SOFTPACK, align 4, keep-with-next
    136          void smc_scrambling_disable(void)
    137          {
    138          	SMC->SMC_OCMS &= ~SMC_OCMS_SMSE;
   \                     smc_scrambling_disable:
   \        0x0   0x....'....        LDR      R0,??DataTable5_7  ;; 0xf80147a0
   \        0x4   0xE590'1000        LDR      R1,[R0, #+0]
   \        0x8   0xE3C1'2001        BIC      R2,R1,#0x1
   \        0xC                      REQUIRE ?Subroutine0
   \        0xC                      ;; // Fall through to label ?Subroutine0
    139          }
    140          

   \                                 In section SOFTPACK, align 4, keep-with-next
    141          bool smc_scrambling_is_enabled(void)
    142          {
    143          	return SMC->SMC_OCMS & SMC_OCMS_SMSE;
   \                     smc_scrambling_is_enabled:
   \        0x0   0x....'....        LDR      R0,??DataTable5_7  ;; 0xf80147a0
   \        0x4   0xE590'1000        LDR      R1,[R0, #+0]
   \        0x8   0xE201'0001        AND      R0,R1,#0x1
   \        0xC   0xE12F'FF1E        BX       LR               ;; return
    144          }

   \                                 In section SOFTPACK, align 4, keep-with-next
   \                     ??DataTable5:
   \        0x0   0xF801'473C        DC32     0xf801473c

   \                                 In section SOFTPACK, align 4, keep-with-next
   \                     ??DataTable5_1:
   \        0x0   0x0202'0202        DC32     0x2020202

   \                                 In section SOFTPACK, align 4, keep-with-next
   \                     ??DataTable5_2:
   \        0x0   0x0707'0707        DC32     0x7070707

   \                                 In section SOFTPACK, align 4, keep-with-next
   \                     ??DataTable5_3:
   \        0x0   0x8506'03B3        DC32     0x850603b3

   \                                 In section SOFTPACK, align 4, keep-with-next
   \                     ??DataTable5_4:
   \        0x0   0xF801'4700        DC32     0xf8014700

   \                                 In section SOFTPACK, align 4, keep-with-next
   \                     ??DataTable5_5:
   \        0x0   0x0B0B'0A0A        DC32     0xb0b0a0a

   \                                 In section SOFTPACK, align 4, keep-with-next
   \                     ??DataTable5_6:
   \        0x0   0xF801'47A4        DC32     0xf80147a4

   \                                 In section SOFTPACK, align 4, keep-with-next
   \                     ??DataTable5_7:
   \        0x0   0xF801'47A0        DC32     0xf80147a0
    145          
    146          #endif /* CONFIG_HAVE_SMC_SCRAMBLING */

   Maximum stack usage in bytes:

   .cstack Function
   ------- --------
       8   smc_nand_configure
         8   -> pmc_configure_peripheral
      16   smc_nor_configure
        16   -> pmc_configure_peripheral
       0   smc_scrambling_disable
       0   smc_scrambling_enable
       0   smc_scrambling_is_enabled
       0   smc_scrambling_set_key


   Section sizes:

   Bytes  Function/Label
   -----  --------------
       4  ??DataTable5
       4  ??DataTable5_1
       4  ??DataTable5_2
       4  ??DataTable5_3
       4  ??DataTable5_4
       4  ??DataTable5_5
       4  ??DataTable5_6
       4  ??DataTable5_7
       8  ?Subroutine0
      88  smc_nand_configure
     108  smc_nor_configure
      12  smc_scrambling_disable
      16  smc_scrambling_enable
      16  smc_scrambling_is_enabled
      16  smc_scrambling_set_key

 
 296 bytes in section SOFTPACK
 
 296 bytes of CODE memory

Errors: none
Warnings: none
