###############################################################################
#
# IAR ANSI C/C++ Compiler V8.50.1.245/W32 for ARM         22/Jul/2020  10:36:45
# Copyright 1999-2020 IAR Systems AB.
#
#    Cpu mode             
#    Endian            =  little
#    Source file       =
#        C:\work\AtmelSoftPAck\atmel-software-package-2.17\target\common\board_console.c
#    Command line      =
#        -f C:\Users\c40450\AppData\Local\Temp\EW2099.tmp
#        (C:\work\AtmelSoftPAck\atmel-software-package-2.17\target\common\board_console.c
#        -D "SOFTPACK_VERSION=\"2.17\"" -D TRACE_LEVEL=5 -D VARIANT_SRAM -D
#        CONFIG_ARCH_ARMV5TE -D CONFIG_ARCH_ARM -D CONFIG_SOC_SAM9X60 -D
#        CONFIG_CHIP_SAM9X60 -D CONFIG_BOARD_SAM9X60_GENERIC -D
#        CONFIG_HAVE_AIC5 -D CONFIG_HAVE_FLEXCOM -D CONFIG_HAVE_PIO3 -D
#        CONFIG_HAVE_PIT -D CONFIG_HAVE_SMC -D CONFIG_HAVE_SDRAMC -D
#        CONFIG_HAVE_MPDDRC -D CONFIG_HAVE_MPDDRC_DATA_PATH -D
#        CONFIG_HAVE_MPDDRC_IO_CALIBRATION -D CONFIG_HAVE_MPDDRC_DDR2 -D
#        CONFIG_HAVE_ADC_LOW_RES -D CONFIG_HAVE_PMC_FAST_STARTUP -D
#        CONFIG_HAVE_PMC_GENERATED_CLOCKS -D CONFIG_HAVE_SCKC -D
#        CONFIG_TIMER_POLLING -D CONFIG_HAVE_NFD0_ON_D16 -D CONFIG_HAVE_XDMAC
#        -D CONFIG_HAVE_PWMC -D CONFIG_HAVE_SDRAM_W9864G6KH -D
#        CONFIG_HAVE_DDR2_MT47H64M16 -D CONFIG_HAVE_DDR2_W972GG6KB -D
#        CONFIG_HAVE_RSTC_EXTERNAL_RESET -D CONFIG_HAVE_RSTC_INDEPENDENT_RESET
#        -D CONFIG_HAVE_RTT -D CONFIG_HAVE_SHDWC -D CONFIG_HAVE_MMU -D
#        CONFIG_HAVE_L1CACHE -D CONFIG_HAVE_OTPC -D CONFIG_HAVE_DBGU -D
#        CONFIG_HAVE_SERIALD_DBGU -D CONFIG_HAVE_USART -D
#        CONFIG_HAVE_USART_FIFO -D CONFIG_HAVE_SERIALD_USART -D
#        CONFIG_HAVE_DWDT --preprocess
#        C:\work\AtmelSoftPAck\atmel-software-package-2.17\flash_loaders\applets\extram\build\sam9x60-generic\sram\List
#        -lC
#        C:\work\AtmelSoftPAck\atmel-software-package-2.17\flash_loaders\applets\extram\build\sam9x60-generic\sram\List
#        --diag_suppress Pa050 -o
#        C:\work\AtmelSoftPAck\atmel-software-package-2.17\flash_loaders\applets\extram\build\sam9x60-generic\sram\Obj
#        --debug --endian=little --cpu=ARM926EJ-S -e --fpu=None --dlib_config
#        "C:\Program Files (x86)\IAR Systems\Embedded Workbench
#        8.4\arm\inc\c\DLib_Config_Normal.h" -I
#        C:\work\AtmelSoftPAck\atmel-software-package-2.17\flash_loaders\applets\extram\..\..\..\flash_loaders\applets\common\
#        -I
#        C:\work\AtmelSoftPAck\atmel-software-package-2.17\flash_loaders\applets\extram\..\..\..\flash_loaders\applets\common\framework2\
#        -I
#        C:\work\AtmelSoftPAck\atmel-software-package-2.17\flash_loaders\applets\extram\..\..\..\arch\
#        -I
#        C:\work\AtmelSoftPAck\atmel-software-package-2.17\flash_loaders\applets\extram\..\..\..\utils\
#        -I
#        C:\work\AtmelSoftPAck\atmel-software-package-2.17\flash_loaders\applets\extram\..\..\..\target\common\
#        -I
#        C:\work\AtmelSoftPAck\atmel-software-package-2.17\flash_loaders\applets\extram\..\..\..\target\sam9x60\
#        -I
#        C:\work\AtmelSoftPAck\atmel-software-package-2.17\flash_loaders\applets\extram\..\..\..\drivers\
#        -I
#        C:\work\AtmelSoftPAck\atmel-software-package-2.17\flash_loaders\applets\extram\..\..\..\lib\
#        --section .text=SOFTPACK --cpu_mode arm -Oh)
#    Locale            =  C
#    List file         =
#        C:\work\AtmelSoftPAck\atmel-software-package-2.17\flash_loaders\applets\extram\build\sam9x60-generic\sram\List\board_console.lst
#    Object file       =
#        C:\work\AtmelSoftPAck\atmel-software-package-2.17\flash_loaders\applets\extram\build\sam9x60-generic\sram\Obj\board_console.o
#    Runtime model:       
#      __SystemLibrary =  DLib
#      __dlib_version  =  6
#
###############################################################################

C:\work\AtmelSoftPAck\atmel-software-package-2.17\target\common\board_console.c
      1          /* ----------------------------------------------------------------------------
      2           *         SAM Software Package License
      3           * ----------------------------------------------------------------------------
      4           * Copyright (c) 2017, Atmel Corporation
      5           *
      6           * All rights reserved.
      7           *
      8           * Redistribution and use in source and binary forms, with or without
      9           * modification, are permitted provided that the following conditions are met:
     10           *
     11           * - Redistributions of source code must retain the above copyright notice,
     12           * this list of conditions and the disclaimer below.
     13           *
     14           * Atmel's name may not be used to endorse or promote products derived from
     15           * this software without specific prior written permission.
     16           *
     17           * DISCLAIMER: THIS SOFTWARE IS PROVIDED BY ATMEL "AS IS" AND ANY EXPRESS OR
     18           * IMPLIED WARRANTIES, INCLUDING, BUT NOT LIMITED TO, THE IMPLIED WARRANTIES OF
     19           * MERCHANTABILITY, FITNESS FOR A PARTICULAR PURPOSE AND NON-INFRINGEMENT ARE
     20           * DISCLAIMED. IN NO EVENT SHALL ATMEL BE LIABLE FOR ANY DIRECT, INDIRECT,
     21           * INCIDENTAL, SPECIAL, EXEMPLARY, OR CONSEQUENTIAL DAMAGES (INCLUDING, BUT NOT
     22           * LIMITED TO, PROCUREMENT OF SUBSTITUTE GOODS OR SERVICES; LOSS OF USE, DATA,
     23           * OR PROFITS; OR BUSINESS INTERRUPTION) HOWEVER CAUSED AND ON ANY THEORY OF
     24           * LIABILITY, WHETHER IN CONTRACT, STRICT LIABILITY, OR TORT (INCLUDING
     25           * NEGLIGENCE OR OTHERWISE) ARISING IN ANY WAY OUT OF THE USE OF THIS SOFTWARE,
     26           * EVEN IF ADVISED OF THE POSSIBILITY OF SUCH DAMAGE.
     27           * ----------------------------------------------------------------------------
     28           */
     29          
     30          /*----------------------------------------------------------------------------
     31           *        Headers
     32           *----------------------------------------------------------------------------*/
     33          
     34          #include <string.h>
     35          
     36          #include "board.h"
     37          #include "board_console.h"
     38          #include "serial/console.h"
     39          
     40          /*----------------------------------------------------------------------------
     41           *        Public Functions
     42           *----------------------------------------------------------------------------*/
     43          

   \                                 In section SOFTPACK, align 4, keep-with-next
     44          void board_cfg_console(uint32_t baudrate)
     45          {
   \                     board_cfg_console:
   \        0x0   0xE92D'5000        PUSH     {R12,LR}
   \        0x4   0xE24D'D028        SUB      SP,SP,#+40
     46          	struct _console_cfg console_cfg;
     47          
     48          	if (!baudrate) {
     49          #ifdef BOARD_CONSOLE_BAUDRATE
     50          		baudrate = BOARD_CONSOLE_BAUDRATE;
     51          #else
     52          		baudrate = 115200;
     53          #endif
     54          	}
     55          
     56          #ifdef BOARD_CONSOLE_ADDR
     57          	memset(&console_cfg, 0, sizeof(console_cfg));
     58          	console_cfg.addr = BOARD_CONSOLE_ADDR;
     59          	console_cfg.baudrate = baudrate;
     60          #  ifdef BOARD_CONSOLE_TX_PIN
     61          	const struct _pin tx_pin = BOARD_CONSOLE_TX_PIN;
     62          	console_cfg.tx_pin = tx_pin;
     63          #  endif
     64          #  ifdef BOARD_CONSOLE_RX_PIN
     65          	const struct _pin rx_pin = BOARD_CONSOLE_RX_PIN;
     66          	console_cfg.rx_pin = rx_pin;
     67          #  endif
     68          #else
     69          	get_romcode_console(&console_cfg);
   \        0x8   0xE1A0'000D        MOV      R0,SP
   \        0xC   0x....'....        BL       get_romcode_console
     70          #endif
     71          
     72          	console_configure(&console_cfg);
   \       0x10   0xE1A0'000D        MOV      R0,SP
   \       0x14   0x....'....        BL       console_configure
     73          }
   \       0x18   0xE28D'D02C        ADD      SP,SP,#+44
   \       0x1C   0xE8BD'8000        POP      {PC}             ;; return
     74          

   Maximum stack usage in bytes:

   .cstack Function
   ------- --------
      48   board_cfg_console
        48   -> console_configure
        48   -> get_romcode_console


   Section sizes:

   Bytes  Function/Label
   -----  --------------
      32  board_cfg_console

 
 32 bytes in section SOFTPACK
 
 32 bytes of CODE memory

Errors: none
Warnings: none
