###############################################################################
#
# IAR ANSI C/C++ Compiler V8.50.1.245/W32 for ARM         15/Jul/2020  06:35:21
# Copyright 1999-2020 IAR Systems AB.
#
#    Cpu mode             
#    Endian            =  little
#    Source file       =
#        C:\work\AtmelSoftPAck\atmel-software-package-2.17\arch\arm\mmu_cp15.c
#    Command line      =
#        -f C:\Users\c40450\AppData\Local\Temp\EWA808.tmp
#        (C:\work\AtmelSoftPAck\atmel-software-package-2.17\arch\arm\mmu_cp15.c
#        -D "SOFTPACK_VERSION=\"2.17\"" -D TRACE_LEVEL=5 -D VARIANT_SRAM -D
#        CONFIG_ARCH_ARMV7A -D CONFIG_ARCH_ARM -D CONFIG_SOC_SAMA5D2 -D
#        CONFIG_CHIP_SAMA5D27 -D CONFIG_PACKAGE_289PIN -D
#        CONFIG_BOARD_SAMA5D2_XPLAINED -D CONFIG_HAVE_AIC5 -D
#        CONFIG_HAVE_FLEXCOM -D CONFIG_HAVE_PIO4 -D CONFIG_HAVE_PIO4_SECURE -D
#        CONFIG_HAVE_NFC -D CONFIG_HAVE_PIT -D CONFIG_HAVE_SMC -D
#        CONFIG_HAVE_SMC_SCRAMBLING -D CONFIG_HAVE_GMAC_QUEUES -D
#        CONFIG_HAVE_MPDDRC -D CONFIG_HAVE_MPDDRC_DATA_PATH -D
#        CONFIG_HAVE_MPDDRC_IO_CALIBRATION -D CONFIG_HAVE_MPDDRC_DDR2 -D
#        CONFIG_HAVE_MPDDRC_LPDDR2 -D CONFIG_HAVE_MPDDRC_DDR3 -D
#        CONFIG_HAVE_MPDDRC_LPDDR3 -D CONFIG_HAVE_ADC_SETTLING_TIME -D
#        CONFIG_HAVE_ADC_DIFF_INPUT -D CONFIG_HAVE_ADC_SEQ_R2 -D
#        CONFIG_HAVE_PMC_FAST_STARTUP -D CONFIG_HAVE_PMC_GENERATED_CLOCKS -D
#        CONFIG_HAVE_PMC_AUDIO_CLOCK -D CONFIG_HAVE_PMC_PLLADIV2 -D
#        CONFIG_HAVE_PMC_H32MXDIV -D CONFIG_HAVE_PMC_UPLL_BIAS -D
#        CONFIG_HAVE_SCKC -D CONFIG_HAVE_PWMC_DMA -D
#        CONFIG_HAVE_PWMC_SPREAD_SPECTRUM -D CONFIG_HAVE_PWMC_EXTERNAL_TRIGGER
#        -D CONFIG_HAVE_PWMC_FAULT_PROT_HIZ -D CONFIG_HAVE_PWMC_STEPPER_MOTOR
#        -D CONFIG_HAVE_PWMC_CMP_UNIT -D CONFIG_HAVE_PWMC_SYNC_MODE -D
#        CONFIG_HAVE_PWMC_OOV -D CONFIG_HAVE_PWMC_FMODE -D CONFIG_HAVE_PWMC_WP
#        -D CONFIG_HAVE_PWMC_DTIME -D CONFIG_HAVE_PWMC_ELINE -D
#        CONFIG_HAVE_SFRBU -D CONFIG_HAVE_L2CC -D CONFIG_HAVE_SAIC -D
#        CONFIG_HAVE_XDMAC -D CONFIG_HAVE_XDMAC_DATA_WIDTH_DWORD -D
#        CONFIG_HAVE_SECUMOD -D CONFIG_HAVE_SFC -D CONFIG_HAVE_PWMC -D
#        CONFIG_HAVE_SECURE_MATRIX -D CONFIG_HAVE_DDR3_MT41K128M16 -D
#        CONFIG_HAVE_RSTC_CONFIGURABLE_USER_RESET -D CONFIG_HAVE_TC_FAULT_MODE
#        -D CONFIG_HAVE_TC_DMA_MODE -D CONFIG_HAVE_RTC_CALIBRATION -D
#        CONFIG_HAVE_RTC_MODE_PERSIAN -D CONFIG_HAVE_RTC_MODE_UTC -D
#        CONFIG_HAVE_RTC_TAMPER -D CONFIG_HAVE_SHDWC -D CONFIG_HAVE_TWI -D
#        CONFIG_HAVE_I2C_BUS -D CONFIG_HAVE_TWI_FIFO -D
#        CONFIG_HAVE_PMIC_ACT8945A -D CONFIG_HAVE_LED -D CONFIG_HAVE_MMU -D
#        CONFIG_HAVE_L1CACHE -D CONFIG_HAVE_L2CACHE -D CONFIG_HAVE_UART -D
#        CONFIG_HAVE_SERIALD_UART -D CONFIG_HAVE_USART -D
#        CONFIG_HAVE_USART_FIFO --preprocess
#        C:\work\AtmelSoftPAck\atmel-software-package-2.17\examples\getting_started\build\sama5d2-xplained\sram\List
#        -lC
#        C:\work\AtmelSoftPAck\atmel-software-package-2.17\examples\getting_started\build\sama5d2-xplained\sram\List
#        --diag_suppress Pa050 -o
#        C:\work\AtmelSoftPAck\atmel-software-package-2.17\examples\getting_started\build\sama5d2-xplained\sram\Obj
#        --debug --endian=little --cpu=Cortex-A5 -e --fpu=VFPv4_D16
#        --dlib_config "C:\Program Files (x86)\IAR Systems\Embedded Workbench
#        8.4\arm\inc\c\DLib_Config_Normal.h" -I
#        C:\work\AtmelSoftPAck\atmel-software-package-2.17\examples\getting_started\..\..\arch\
#        -I
#        C:\work\AtmelSoftPAck\atmel-software-package-2.17\examples\getting_started\..\..\utils\
#        -I
#        C:\work\AtmelSoftPAck\atmel-software-package-2.17\examples\getting_started\..\..\target\common\
#        -I
#        C:\work\AtmelSoftPAck\atmel-software-package-2.17\examples\getting_started\..\..\target\sama5d2\
#        -I
#        C:\work\AtmelSoftPAck\atmel-software-package-2.17\examples\getting_started\..\..\drivers\
#        -I
#        C:\work\AtmelSoftPAck\atmel-software-package-2.17\examples\getting_started\..\..\lib\
#        --section .text=SOFTPACK --cpu_mode arm -Oh)
#    Locale            =  C
#    List file         =
#        C:\work\AtmelSoftPAck\atmel-software-package-2.17\examples\getting_started\build\sama5d2-xplained\sram\List\mmu_cp15.lst
#    Object file       =
#        C:\work\AtmelSoftPAck\atmel-software-package-2.17\examples\getting_started\build\sama5d2-xplained\sram\Obj\mmu_cp15.o
#    Runtime model:       
#      __SystemLibrary =  DLib
#      __dlib_version  =  6
#
###############################################################################

C:\work\AtmelSoftPAck\atmel-software-package-2.17\arch\arm\mmu_cp15.c
      1          /* ----------------------------------------------------------------------------
      2           *         SAM Software Package License
      3           * ----------------------------------------------------------------------------
      4           * Copyright (c) 2015, Atmel Corporation
      5           *
      6           * All rights reserved.
      7           *
      8           * Redistribution and use in source and binary forms, with or without
      9           * modification, are permitted provided that the following conditions are met:
     10           *
     11           * - Redistributions of source code must retain the above copyright notice,
     12           * this list of conditions and the disclaimer below.
     13           *
     14           * Atmel's name may not be used to endorse or promote products derived from
     15           * this software without specific prior written permission.
     16           *
     17           * DISCLAIMER: THIS SOFTWARE IS PROVIDED BY ATMEL "AS IS" AND ANY EXPRESS OR
     18           * IMPLIED WARRANTIES, INCLUDING, BUT NOT LIMITED TO, THE IMPLIED WARRANTIES OF
     19           * MERCHANTABILITY, FITNESS FOR A PARTICULAR PURPOSE AND NON-INFRINGEMENT ARE
     20           * DISCLAIMED. IN NO EVENT SHALL ATMEL BE LIABLE FOR ANY DIRECT, INDIRECT,
     21           * INCIDENTAL, SPECIAL, EXEMPLARY, OR CONSEQUENTIAL DAMAGES (INCLUDING, BUT NOT
     22           * LIMITED TO, PROCUREMENT OF SUBSTITUTE GOODS OR SERVICES; LOSS OF USE, DATA,
     23           * OR PROFITS; OR BUSINESS INTERRUPTION) HOWEVER CAUSED AND ON ANY THEORY OF
     24           * LIABILITY, WHETHER IN CONTRACT, STRICT LIABILITY, OR TORT (INCLUDING
     25           * NEGLIGENCE OR OTHERWISE) ARISING IN ANY WAY OUT OF THE USE OF THIS SOFTWARE,
     26           * EVEN IF ADVISED OF THE POSSIBILITY OF SUCH DAMAGE.
     27           * ----------------------------------------------------------------------------
     28           */
     29          
     30          /*------------------------------------------------------------------------------ */
     31          /*         Headers                                                               */
     32          /*------------------------------------------------------------------------------ */
     33          
     34          #include "compiler.h"
     35          #include "barriers.h"
     36          
     37          #include "arm/cp15.h"
     38          #include "arm/mmu_cp15.h"
     39          
     40          #include "mm/l1cache.h"
     41          #include "mm/mmu.h"
     42          
     43          #include <assert.h>
     44          
     45          /*------------------------------------------------------------------------------ */
     46          /*         Exported functions                                                    */
     47          /*------------------------------------------------------------------------------ */
     48          

   \                                 In section SOFTPACK, align 4, keep-with-next
     49          void mmu_configure(void *tlb)
     50          {
   \                     mmu_configure:
   \        0x0   0xE92D'4010        PUSH     {R4,LR}
   \        0x4   0xE1A0'4000        MOV      R4,R0
     51          	assert(!mmu_is_enabled());
   \        0x8   0xEE11'0F10        mrc p15, 0, R0, c1, c0, 0
   \        0xC   0xE310'0001        TST      R0,#0x1
   \       0x10   0x0A00'0004        BEQ      ??mmu_configure_0
   \       0x14   0xE3A0'2033        MOV      R2,#+51
   \       0x18   0x....'....        LDR      R1,??DataTable1
   \       0x1C   0x....'....        ADR      R0,?_1
   \       0x20   0x....'....        BL       __aeabi_assert
   \       0x24   0x....'....        BL       __iar_EmptyStepPoint
     52          
     53          	/* Translation Table Base Register 0 */
     54          	cp15_write_ttbr0((unsigned int)tlb);
   \                     ??mmu_configure_0:
   \       0x28   0xEE02'4F10        mcr p15, 0, R4, c2, c0, 0
     55          
     56          	/* Domain Access Register */
     57          	/* only domain 15: access are not checked */
     58          	cp15_write_dacr(0xC0000000);
   \       0x2C   0xE3A0'04C0        MOV      R0,#-1073741824
   \       0x30   0xEE03'0F10        mcr p15, 0, R0, c3, c0, 0
     59          
     60          	dsb();
   \       0x34   0xF57F'F04F        dsb
     61          	isb();
   \       0x38   0xF57F'F06F        isb
     62          }
   \       0x3C   0xE8BD'8010        POP      {R4,PC}          ;; return
     63          

   \                                 In section SOFTPACK, align 4, keep-with-next
     64          bool mmu_is_enabled(void)
     65          {
     66          	return (cp15_read_sctlr() & CP15_SCTLR_M) != 0;
   \                     mmu_is_enabled:
   \        0x0   0xEE11'0F10        mrc p15, 0, R0, c1, c0, 0
   \        0x4   0xE200'0001        AND      R0,R0,#0x1
   \        0x8   0xE12F'FF1E        BX       LR               ;; return
     67          }
     68          

   \                                 In section SOFTPACK, align 4, keep-with-next
     69          void mmu_enable(void)
     70          {
     71          	uint32_t control;
     72          
     73          	control = cp15_read_sctlr();
   \                     mmu_enable:
   \        0x0   0xEE11'0F10        mrc p15, 0, R0, c1, c0, 0
     74          	if ((control & CP15_SCTLR_M) == 0)
   \        0x4   0xE310'0001        TST      R0,#0x1
   \        0x8   0x1A00'0001        BNE      ??mmu_enable_0
     75          		cp15_write_sctlr(control | CP15_SCTLR_M);
   \        0xC   0xE380'0001        ORR      R0,R0,#0x1
   \       0x10   0xEE01'0F10        mcr p15, 0, R0, c1, c0, 0
     76          }
   \                     ??mmu_enable_0:
   \       0x14   0xE12F'FF1E        BX       LR               ;; return
     77          

   \                                 In section SOFTPACK, align 4, keep-with-next
     78          void mmu_disable(void)
     79          {
   \                     mmu_disable:
   \        0x0   0xE92D'4010        PUSH     {R4,LR}
     80          	uint32_t control;
     81          
     82          	control = cp15_read_sctlr();
   \        0x4   0xEE11'4F10        mrc p15, 0, R4, c1, c0, 0
     83          	if (control & CP15_SCTLR_M) {
   \        0x8   0xE314'0001        TST      R4,#0x1
   \        0xC   0x0A00'0004        BEQ      ??mmu_disable_0
     84          		dcache_clean();
   \       0x10   0x....'....        BL       dcache_clean
     85          		control &= ~(CP15_SCTLR_M | CP15_SCTLR_C);
     86          		cp15_write_sctlr(control);
   \       0x14   0xE3C4'0005        BIC      R0,R4,#0x5
   \       0x18   0xEE01'0F10        mcr p15, 0, R0, c1, c0, 0
     87          		dcache_invalidate();
   \       0x1C   0xE8BD'4010        POP      {R4,LR}
   \       0x20   0x....'....        B        dcache_invalidate  ;; tailcall
     88          	}
     89          }
   \                     ??mmu_disable_0:
   \       0x24   0xE8BD'8010        POP      {R4,PC}          ;; return

   \                                 In section SOFTPACK, align 4, keep-with-next
   \                     ??DataTable1:
   \        0x0   0x....'....        DC32     ?_0

   \                                 In section SOFTPACK, align 4, keep-with-next
   \                     ?_1:
   \        0x0   0x21 0x6D          DC8 "!mmu_is_enabled()"

   \              0x6D 0x75    

   \              0x5F 0x69    

   \              0x73 0x5F    

   \              0x65 0x6E    

   \              0x61 0x62    

   \              0x6C 0x65    

   \              0x64 0x28    

   \              0x29 0x00
   \       0x12   0x00 0x00          DC8 0, 0

   \                                 In section .rodata, align 4
   \                     ?_0:
   \        0x0   0x43 0x3A          DC8 0x43, 0x3A, 0x5C, 0x77, 0x6F, 0x72, 0x6B, 0x5C

   \              0x5C 0x77    

   \              0x6F 0x72    

   \              0x6B 0x5C
   \        0x8   0x41 0x74          DC8 0x41, 0x74, 0x6D, 0x65, 0x6C, 0x53, 0x6F, 0x66

   \              0x6D 0x65    

   \              0x6C 0x53    

   \              0x6F 0x66
   \       0x10   0x74 0x50          DC8 0x74, 0x50, 0x41, 0x63, 0x6B, 0x5C, 0x61, 0x74

   \              0x41 0x63    

   \              0x6B 0x5C    

   \              0x61 0x74
   \       0x18   0x6D 0x65          DC8 0x6D, 0x65, 0x6C, 0x2D, 0x73, 0x6F, 0x66, 0x74

   \              0x6C 0x2D    

   \              0x73 0x6F    

   \              0x66 0x74
   \       0x20   0x77 0x61          DC8 0x77, 0x61, 0x72, 0x65, 0x2D, 0x70, 0x61, 0x63

   \              0x72 0x65    

   \              0x2D 0x70    

   \              0x61 0x63
   \       0x28   0x6B 0x61          DC8 0x6B, 0x61, 0x67, 0x65, 0x2D, 0x32, 0x2E, 0x31

   \              0x67 0x65    

   \              0x2D 0x32    

   \              0x2E 0x31
   \       0x30   0x37 0x5C          DC8 0x37, 0x5C, 0x61, 0x72, 0x63, 0x68, 0x5C, 0x61

   \              0x61 0x72    

   \              0x63 0x68    

   \              0x5C 0x61
   \       0x38   0x72 0x6D          DC8 0x72, 0x6D, 0x5C, 0x6D, 0x6D, 0x75, 0x5F, 0x63

   \              0x5C 0x6D    

   \              0x6D 0x75    

   \              0x5F 0x63
   \       0x40   0x70 0x31          DC8 0x70, 0x31, 0x35, 0x2E, 0x63, 0

   \              0x35 0x2E    

   \              0x63 0x00
   \       0x46   0x00 0x00          DC8 0, 0

   Maximum stack usage in bytes:

   .cstack Function
   ------- --------
       8   mmu_configure
         8   -> __aeabi_assert
         8   -> __iar_EmptyStepPoint
       8   mmu_disable
         8   -> dcache_clean
         0   -> dcache_invalidate
       0   mmu_enable
       0   mmu_is_enabled


   Section sizes:

   Bytes  Function/Label
   -----  --------------
       4  ??DataTable1
      72  ?_0
      20  ?_1
      64  mmu_configure
      40  mmu_disable
      24  mmu_enable
      12  mmu_is_enabled

 
  72 bytes in section .rodata
 164 bytes in section SOFTPACK
 
 164 bytes of CODE  memory
  72 bytes of CONST memory

Errors: none
Warnings: none
