###############################################################################
#
# IAR ANSI C/C++ Compiler V8.50.1.245/W32 for ARM         24/Nov/2020  13:57:06
# Copyright 1999-2020 IAR Systems AB.
#
#    Cpu mode             
#    Endian            =  little
#    Source file       =
#        C:\work\AtmelSoftPAck\atmel-software-package-2.17\target\common\board_timer.c
#    Command line      =
#        -f C:\Users\c40450\AppData\Local\Temp\EWEB27.tmp
#        (C:\work\AtmelSoftPAck\atmel-software-package-2.17\target\common\board_timer.c
#        -D "SOFTPACK_VERSION=\"2.17\"" -D TRACE_LEVEL=5 -D VARIANT_DDRAM -D
#        CONFIG_ARCH_ARMV7A -D CONFIG_ARCH_ARM -D CONFIG_SOC_SAMA5D4 -D
#        CONFIG_CHIP_SAMA5D44 -D CONFIG_BOARD_SAMA5D4_EK -D CONFIG_HAVE_AIC5 -D
#        CONFIG_HAVE_PIO3 -D CONFIG_HAVE_NFC -D CONFIG_HAVE_PIT -D
#        CONFIG_HAVE_SMC -D CONFIG_HAVE_SMC_SCRAMBLING -D CONFIG_HAVE_MPDDRC -D
#        CONFIG_HAVE_MPDDRC_DATA_PATH -D CONFIG_HAVE_MPDDRC_IO_CALIBRATION -D
#        CONFIG_HAVE_MPDDRC_DDR2 -D CONFIG_HAVE_MPDDRC_LPDDR2 -D
#        CONFIG_HAVE_ADC_LOW_RES -D CONFIG_HAVE_PMC_PLLADIV2 -D
#        CONFIG_HAVE_PMC_H32MXDIV -D CONFIG_HAVE_PMC_UPLL_BIAS -D
#        CONFIG_HAVE_SCKC -D CONFIG_HAVE_PWMC_SPREAD_SPECTRUM -D
#        CONFIG_HAVE_PWMC_FAULT_PROT_HIZ -D CONFIG_HAVE_PWMC_STEPPER_MOTOR -D
#        CONFIG_HAVE_PWMC_CMP_UNIT -D CONFIG_HAVE_PWMC_SYNC_MODE -D
#        CONFIG_HAVE_PWMC_OOV -D CONFIG_HAVE_PWMC_FMODE -D CONFIG_HAVE_PWMC_WP
#        -D CONFIG_HAVE_PWMC_DTIME -D CONFIG_HAVE_PWMC_ELINE -D
#        CONFIG_HAVE_L2CC -D CONFIG_HAVE_SAIC -D CONFIG_HAVE_XDMAC -D
#        CONFIG_HAVE_XDMAC_DATA_WIDTH_DWORD -D CONFIG_HAVE_SFC -D
#        CONFIG_HAVE_PWMC -D CONFIG_HAVE_SECURE_MATRIX -D
#        CONFIG_HAVE_DDR2_MT47H128M8 -D
#        CONFIG_HAVE_RSTC_CONFIGURABLE_USER_RESET -D
#        CONFIG_HAVE_RSTC_INDEPENDENT_RESET -D CONFIG_HAVE_TC_FAULT_MODE -D
#        CONFIG_HAVE_RTC_CALIBRATION -D CONFIG_HAVE_RTC_MODE_PERSIAN -D
#        CONFIG_HAVE_RTC_TAMPER -D CONFIG_HAVE_SHDWC -D CONFIG_HAVE_LED -D
#        CONFIG_HAVE_MMU -D CONFIG_HAVE_L1CACHE -D CONFIG_HAVE_L2CACHE -D
#        CONFIG_HAVE_DBGU -D CONFIG_HAVE_UART -D CONFIG_HAVE_USART -D
#        CONFIG_HAVE_USART_SPI_MODE -D CONFIG_HAVE_SERIALD_USART --preprocess
#        C:\work\AtmelSoftPAck\atmel-software-package-2.17\examples\getting_started\build\sama5d4-ek\ddram\List
#        -lC
#        C:\work\AtmelSoftPAck\atmel-software-package-2.17\examples\getting_started\build\sama5d4-ek\ddram\List
#        --diag_suppress Pa050 -o
#        C:\work\AtmelSoftPAck\atmel-software-package-2.17\examples\getting_started\build\sama5d4-ek\ddram\Obj
#        --debug --endian=little --cpu=Cortex-A5 -e --fpu=VFPv4_D16
#        --dlib_config "C:\Program Files (x86)\IAR Systems\Embedded Workbench
#        8.4\arm\inc\c\DLib_Config_Normal.h" -I
#        C:\work\AtmelSoftPAck\atmel-software-package-2.17\examples\getting_started\..\..\arch\
#        -I
#        C:\work\AtmelSoftPAck\atmel-software-package-2.17\examples\getting_started\..\..\utils\
#        -I
#        C:\work\AtmelSoftPAck\atmel-software-package-2.17\examples\getting_started\..\..\target\common\
#        -I
#        C:\work\AtmelSoftPAck\atmel-software-package-2.17\examples\getting_started\..\..\target\sama5d4\
#        -I
#        C:\work\AtmelSoftPAck\atmel-software-package-2.17\examples\getting_started\..\..\drivers\
#        -I
#        C:\work\AtmelSoftPAck\atmel-software-package-2.17\examples\getting_started\..\..\lib\
#        --section .text=SOFTPACK --cpu_mode arm -Oh)
#    Locale            =  C
#    List file         =
#        C:\work\AtmelSoftPAck\atmel-software-package-2.17\examples\getting_started\build\sama5d4-ek\ddram\List\board_timer.lst
#    Object file       =
#        C:\work\AtmelSoftPAck\atmel-software-package-2.17\examples\getting_started\build\sama5d4-ek\ddram\Obj\board_timer.o
#    Runtime model:       
#      __SystemLibrary =  DLib
#      __dlib_version  =  6
#
###############################################################################

C:\work\AtmelSoftPAck\atmel-software-package-2.17\target\common\board_timer.c
      1          /* ----------------------------------------------------------------------------
      2           *         SAM Software Package License
      3           * ----------------------------------------------------------------------------
      4           * Copyright (c) 2016, Atmel Corporation
      5           *
      6           * All rights reserved.
      7           *
      8           * Redistribution and use in source and binary forms, with or without
      9           * modification, are permitted provided that the following conditions are met:
     10           *
     11           * - Redistributions of source code must retain the above copyright notice,
     12           * this list of conditions and the disclaimer below.
     13           *
     14           * Atmel's name may not be used to endorse or promote products derived from
     15           * this software without specific prior written permission.
     16           *
     17           * DISCLAIMER: THIS SOFTWARE IS PROVIDED BY ATMEL "AS IS" AND ANY EXPRESS OR
     18           * IMPLIED WARRANTIES, INCLUDING, BUT NOT LIMITED TO, THE IMPLIED WARRANTIES OF
     19           * MERCHANTABILITY, FITNESS FOR A PARTICULAR PURPOSE AND NON-INFRINGEMENT ARE
     20           * DISCLAIMED. IN NO EVENT SHALL ATMEL BE LIABLE FOR ANY DIRECT, INDIRECT,
     21           * INCIDENTAL, SPECIAL, EXEMPLARY, OR CONSEQUENTIAL DAMAGES (INCLUDING, BUT NOT
     22           * LIMITED TO, PROCUREMENT OF SUBSTITUTE GOODS OR SERVICES; LOSS OF USE, DATA,
     23           * OR PROFITS; OR BUSINESS INTERRUPTION) HOWEVER CAUSED AND ON ANY THEORY OF
     24           * LIABILITY, WHETHER IN CONTRACT, STRICT LIABILITY, OR TORT (INCLUDING
     25           * NEGLIGENCE OR OTHERWISE) ARISING IN ANY WAY OUT OF THE USE OF THIS SOFTWARE,
     26           * EVEN IF ADVISED OF THE POSSIBILITY OF SUCH DAMAGE.
     27           * ----------------------------------------------------------------------------
     28           */
     29          
     30          /*----------------------------------------------------------------------------
     31           *        Headers
     32           *----------------------------------------------------------------------------*/
     33          
     34          #include "board_timer.h"
     35          #include "timer.h"
     36          
     37          /*----------------------------------------------------------------------------
     38           *        Exported functions
     39           *----------------------------------------------------------------------------*/
     40          

   \                                 In section SOFTPACK, align 4, keep-with-next
     41          void board_cfg_timer(void)
     42          {
     43          #ifdef BOARD_TIMER_CLOCK_SRC
     44          	timer_configure(BOARD_TIMER_TC, BOARD_TIMER_CHANNEL, BOARD_TIMER_CLOCK_SRC);
     45          #else
     46          	timer_configure(BOARD_TIMER_TC, BOARD_TIMER_CHANNEL, TC_CMR_TCCLKS_TIMER_CLOCK4);
   \                     board_cfg_timer:
   \        0x0   0xE3A0'04FC        MOV      R0,#-67108864
   \        0x4   0xE3A0'2003        MOV      R2,#+3
   \        0x8   0xE3A0'1000        MOV      R1,#+0
   \        0xC   0xE380'0B80        ORR      R0,R0,#0x20000
   \       0x10   0x....'....        B        timer_configure  ;; tailcall
     47          #endif
     48          }

   Maximum stack usage in bytes:

   .cstack Function
   ------- --------
       0   board_cfg_timer
         0   -> timer_configure


   Section sizes:

   Bytes  Function/Label
   -----  --------------
      20  board_cfg_timer

 
 20 bytes in section SOFTPACK
 
 20 bytes of CODE memory

Errors: none
Warnings: none
