###############################################################################
#
# IAR ANSI C/C++ Compiler V8.50.1.245/W32 for ARM         29/Oct/2020  16:00:29
# Copyright 1999-2020 IAR Systems AB.
#
#    Cpu mode             
#    Endian            =  little
#    Source file       =
#        C:\work\AtmelSoftPAck\atmel-software-package-2.17\target\common\board_console.c
#    Command line      =
#        -f C:\Users\c40450\AppData\Local\Temp\EW16AA.tmp
#        (C:\work\AtmelSoftPAck\atmel-software-package-2.17\target\common\board_console.c
#        -D "SOFTPACK_VERSION=\"2.17\"" -D TRACE_LEVEL=5 -D VARIANT_QSPI1 -D
#        CONFIG_ARCH_ARMV7A -D CONFIG_ARCH_ARM -D CONFIG_SOC_SAMA5D2 -D
#        CONFIG_CHIP_SAMA5D27 -D CONFIG_PACKAGE_289PIN -D
#        CONFIG_BOARD_SAMA5D27_SOM1_EK -D CONFIG_HAVE_AIC5 -D
#        CONFIG_HAVE_FLEXCOM -D CONFIG_HAVE_PIO4 -D CONFIG_HAVE_PIO4_SECURE -D
#        CONFIG_HAVE_NFC -D CONFIG_HAVE_PIT -D CONFIG_HAVE_SMC -D
#        CONFIG_HAVE_SMC_SCRAMBLING -D CONFIG_HAVE_GMAC_QUEUES -D
#        CONFIG_HAVE_MPDDRC -D CONFIG_HAVE_MPDDRC_DATA_PATH -D
#        CONFIG_HAVE_MPDDRC_IO_CALIBRATION -D CONFIG_HAVE_MPDDRC_DDR2 -D
#        CONFIG_HAVE_MPDDRC_LPDDR2 -D CONFIG_HAVE_MPDDRC_DDR3 -D
#        CONFIG_HAVE_MPDDRC_LPDDR3 -D CONFIG_HAVE_ADC_SETTLING_TIME -D
#        CONFIG_HAVE_ADC_DIFF_INPUT -D CONFIG_HAVE_ADC_SEQ_R2 -D
#        CONFIG_HAVE_PMC_FAST_STARTUP -D CONFIG_HAVE_PMC_GENERATED_CLOCKS -D
#        CONFIG_HAVE_PMC_AUDIO_CLOCK -D CONFIG_HAVE_PMC_PLLADIV2 -D
#        CONFIG_HAVE_PMC_H32MXDIV -D CONFIG_HAVE_PMC_UPLL_BIAS -D
#        CONFIG_HAVE_SCKC -D CONFIG_HAVE_PWMC_DMA -D
#        CONFIG_HAVE_PWMC_SPREAD_SPECTRUM -D CONFIG_HAVE_PWMC_EXTERNAL_TRIGGER
#        -D CONFIG_HAVE_PWMC_FAULT_PROT_HIZ -D CONFIG_HAVE_PWMC_STEPPER_MOTOR
#        -D CONFIG_HAVE_PWMC_CMP_UNIT -D CONFIG_HAVE_PWMC_SYNC_MODE -D
#        CONFIG_HAVE_PWMC_OOV -D CONFIG_HAVE_PWMC_FMODE -D CONFIG_HAVE_PWMC_WP
#        -D CONFIG_HAVE_PWMC_DTIME -D CONFIG_HAVE_PWMC_ELINE -D
#        CONFIG_HAVE_SFRBU -D CONFIG_HAVE_L2CC -D CONFIG_HAVE_SAIC -D
#        CONFIG_HAVE_XDMAC -D CONFIG_HAVE_XDMAC_DATA_WIDTH_DWORD -D
#        CONFIG_HAVE_SECUMOD -D CONFIG_HAVE_SFC -D CONFIG_HAVE_PWMC -D
#        CONFIG_HAVE_SECURE_MATRIX -D CONFIG_HAVE_DDR2_W971GG6SB -D
#        CONFIG_HAVE_RSTC_CONFIGURABLE_USER_RESET -D CONFIG_HAVE_TC_FAULT_MODE
#        -D CONFIG_HAVE_TC_DMA_MODE -D CONFIG_HAVE_RTC_CALIBRATION -D
#        CONFIG_HAVE_RTC_MODE_PERSIAN -D CONFIG_HAVE_RTC_MODE_UTC -D
#        CONFIG_HAVE_RTC_TAMPER -D CONFIG_HAVE_SHDWC -D CONFIG_HAVE_LED -D
#        CONFIG_HAVE_MMU -D CONFIG_HAVE_L1CACHE -D CONFIG_HAVE_L2CACHE -D
#        CONFIG_HAVE_UART -D CONFIG_HAVE_SERIALD_UART -D CONFIG_HAVE_USART -D
#        CONFIG_HAVE_USART_FIFO --preprocess
#        C:\work\AtmelSoftPAck\atmel-software-package-2.17\examples\getting_started\build\sama5d27-som1-ek\qspi1\List
#        -lC
#        C:\work\AtmelSoftPAck\atmel-software-package-2.17\examples\getting_started\build\sama5d27-som1-ek\qspi1\List
#        --diag_suppress Pa050 -o
#        C:\work\AtmelSoftPAck\atmel-software-package-2.17\examples\getting_started\build\sama5d27-som1-ek\qspi1\Obj
#        --debug --endian=little --cpu=Cortex-A5 -e --fpu=VFPv4_D16
#        --dlib_config "C:\Program Files (x86)\IAR Systems\Embedded Workbench
#        8.4\arm\inc\c\DLib_Config_Normal.h" -I
#        C:\work\AtmelSoftPAck\atmel-software-package-2.17\examples\getting_started\..\..\arch\
#        -I
#        C:\work\AtmelSoftPAck\atmel-software-package-2.17\examples\getting_started\..\..\utils\
#        -I
#        C:\work\AtmelSoftPAck\atmel-software-package-2.17\examples\getting_started\..\..\target\common\
#        -I
#        C:\work\AtmelSoftPAck\atmel-software-package-2.17\examples\getting_started\..\..\target\sama5d2\
#        -I
#        C:\work\AtmelSoftPAck\atmel-software-package-2.17\examples\getting_started\..\..\drivers\
#        -I
#        C:\work\AtmelSoftPAck\atmel-software-package-2.17\examples\getting_started\..\..\lib\
#        --section .text=SOFTPACK --cpu_mode arm -Oh)
#    Locale            =  C
#    List file         =
#        C:\work\AtmelSoftPAck\atmel-software-package-2.17\examples\getting_started\build\sama5d27-som1-ek\qspi1\List\board_console.lst
#    Object file       =
#        C:\work\AtmelSoftPAck\atmel-software-package-2.17\examples\getting_started\build\sama5d27-som1-ek\qspi1\Obj\board_console.o
#    Runtime model:       
#      __SystemLibrary =  DLib
#      __dlib_version  =  6
#
###############################################################################

C:\work\AtmelSoftPAck\atmel-software-package-2.17\target\common\board_console.c
      1          /* ----------------------------------------------------------------------------
      2           *         SAM Software Package License
      3           * ----------------------------------------------------------------------------
      4           * Copyright (c) 2017, Atmel Corporation
      5           *
      6           * All rights reserved.
      7           *
      8           * Redistribution and use in source and binary forms, with or without
      9           * modification, are permitted provided that the following conditions are met:
     10           *
     11           * - Redistributions of source code must retain the above copyright notice,
     12           * this list of conditions and the disclaimer below.
     13           *
     14           * Atmel's name may not be used to endorse or promote products derived from
     15           * this software without specific prior written permission.
     16           *
     17           * DISCLAIMER: THIS SOFTWARE IS PROVIDED BY ATMEL "AS IS" AND ANY EXPRESS OR
     18           * IMPLIED WARRANTIES, INCLUDING, BUT NOT LIMITED TO, THE IMPLIED WARRANTIES OF
     19           * MERCHANTABILITY, FITNESS FOR A PARTICULAR PURPOSE AND NON-INFRINGEMENT ARE
     20           * DISCLAIMED. IN NO EVENT SHALL ATMEL BE LIABLE FOR ANY DIRECT, INDIRECT,
     21           * INCIDENTAL, SPECIAL, EXEMPLARY, OR CONSEQUENTIAL DAMAGES (INCLUDING, BUT NOT
     22           * LIMITED TO, PROCUREMENT OF SUBSTITUTE GOODS OR SERVICES; LOSS OF USE, DATA,
     23           * OR PROFITS; OR BUSINESS INTERRUPTION) HOWEVER CAUSED AND ON ANY THEORY OF
     24           * LIABILITY, WHETHER IN CONTRACT, STRICT LIABILITY, OR TORT (INCLUDING
     25           * NEGLIGENCE OR OTHERWISE) ARISING IN ANY WAY OUT OF THE USE OF THIS SOFTWARE,
     26           * EVEN IF ADVISED OF THE POSSIBILITY OF SUCH DAMAGE.
     27           * ----------------------------------------------------------------------------
     28           */
     29          
     30          /*----------------------------------------------------------------------------
     31           *        Headers
     32           *----------------------------------------------------------------------------*/
     33          
     34          #include <string.h>
     35          
     36          #include "board.h"
     37          #include "board_console.h"
     38          #include "serial/console.h"
     39          
     40          /*----------------------------------------------------------------------------
     41           *        Public Functions
     42           *----------------------------------------------------------------------------*/
     43          

   \                                 In section SOFTPACK, align 4, keep-with-next
     44          void board_cfg_console(uint32_t baudrate)
     45          {
   \                     board_cfg_console:
   \        0x0   0xE92D'43F8        PUSH     {R3-R9,LR}
   \        0x4   0xE1B0'4000        MOVS     R4,R0
   \        0x8   0xE24D'D028        SUB      SP,SP,#+40
     46          	struct _console_cfg console_cfg;
     47          
     48          	if (!baudrate) {
     49          #ifdef BOARD_CONSOLE_BAUDRATE
     50          		baudrate = BOARD_CONSOLE_BAUDRATE;
   \        0xC   0x03A0'4B40        MOVEQ    R4,#+65536
     51          #else
     52          		baudrate = 115200;
     53          #endif
     54          	}
     55          
     56          #ifdef BOARD_CONSOLE_ADDR
     57          	memset(&console_cfg, 0, sizeof(console_cfg));
   \       0x10   0xE3A0'1028        MOV      R1,#+40
   \       0x14   0x0384'4CC2        ORREQ    R4,R4,#0xC200
   \       0x18   0xE1A0'000D        MOV      R0,SP
   \       0x1C   0x....'....        BL       __aeabi_memclr4
     58          	console_cfg.addr = BOARD_CONSOLE_ADDR;
   \       0x20   0xE3A0'04F8        MOV      R0,#-134217728
     59          	console_cfg.baudrate = baudrate;
   \       0x24   0xE58D'4004        STR      R4,[SP, #+4]
   \       0x28   0xE380'0B80        ORR      R0,R0,#0x20000
     60          #  ifdef BOARD_CONSOLE_TX_PIN
     61          	const struct _pin tx_pin = BOARD_CONSOLE_TX_PIN;
     62          	console_cfg.tx_pin = tx_pin;
     63          #  endif
     64          #  ifdef BOARD_CONSOLE_RX_PIN
     65          	const struct _pin rx_pin = BOARD_CONSOLE_RX_PIN;
     66          	console_cfg.rx_pin = rx_pin;
   \       0x2C   0x....'....        ADR      R3,`board_cfg_console::rx_pin`
   \       0x30   0xE58D'0000        STR      R0,[SP, #+0]
   \       0x34   0x....'....        ADR      R0,`board_cfg_console::tx_pin`
   \       0x38   0xE890'5030        LDM      R0,{R4,R5,R12,LR}
   \       0x3C   0xE893'03C0        LDM      R3,{R6-R9}
   \       0x40   0xE28D'1008        ADD      R1,SP,#+8
   \       0x44   0xE28D'2018        ADD      R2,SP,#+24
   \       0x48   0xE881'5030        STM      R1,{R4,R5,R12,LR}
   \       0x4C   0xE882'03C0        STM      R2,{R6-R9}
     67          #  endif
     68          #else
     69          	get_romcode_console(&console_cfg);
     70          #endif
     71          
     72          	console_configure(&console_cfg);
   \       0x50   0xE1A0'000D        MOV      R0,SP
   \       0x54   0x....'....        BL       console_configure
     73          }
   \       0x58   0xE28D'D02C        ADD      SP,SP,#+44
   \       0x5C   0xE8BD'83F0        POP      {R4-R9,PC}       ;; return

   \                                 In section SOFTPACK, align 4, keep-with-next
   \                     `board_cfg_console::tx_pin`:
   \        0x0   0x03 0x00          DC8 3, 0, 0, 0

   \              0x00 0x00
   \        0x4   0x0000'0008        DC32 8
   \        0x8   0x00 0x00          DC8 0, 0, 0, 0

   \              0x00 0x00
   \        0xC   0x0000'0000        DC32 0

   \                                 In section SOFTPACK, align 4, keep-with-next
   \                     `board_cfg_console::rx_pin`:
   \        0x0   0x03 0x00          DC8 3, 0, 0, 0

   \              0x00 0x00
   \        0x4   0x0000'0004        DC32 4
   \        0x8   0x00 0x00          DC8 0, 0, 0, 0

   \              0x00 0x00
   \        0xC   0x0000'0000        DC32 0
     74          

   Maximum stack usage in bytes:

   .cstack Function
   ------- --------
      72   board_cfg_console
        72   -> __aeabi_memclr4
        72   -> console_configure


   Section sizes:

   Bytes  Function/Label
   -----  --------------
      96  board_cfg_console
      16  rx_pin
      16  tx_pin

 
 128 bytes in section SOFTPACK
 
 128 bytes of CODE memory

Errors: none
Warnings: none
