###############################################################################
#
# IAR ANSI C/C++ Compiler V8.50.1.245/W32 for ARM         05/Jan/2021  12:18:31
# Copyright 1999-2020 IAR Systems AB.
#
#    Cpu mode             
#    Endian            =  little
#    Source file       =
#        C:\work\AtmelSoftPAck\atmel-software-package-2.17\utils\intmath.c
#    Command line      =
#        -f C:\Users\c40450\AppData\Local\Temp\EW9D5A.tmp
#        (C:\work\AtmelSoftPAck\atmel-software-package-2.17\utils\intmath.c -D
#        "SOFTPACK_VERSION=\"2.17\"" -D TRACE_LEVEL=5 -D VARIANT_SRAM -D
#        CONFIG_ARCH_ARMV5TE -D CONFIG_ARCH_ARM -D CONFIG_SOC_SAM9X60 -D
#        CONFIG_CHIP_SAM9X60 -D CONFIG_BOARD_SAM9X60_EK -D CONFIG_HAVE_AIC5 -D
#        CONFIG_HAVE_FLEXCOM -D CONFIG_HAVE_PIO3 -D CONFIG_HAVE_PIT -D
#        CONFIG_HAVE_SMC -D CONFIG_HAVE_SDRAMC -D CONFIG_HAVE_MPDDRC -D
#        CONFIG_HAVE_MPDDRC_DATA_PATH -D CONFIG_HAVE_MPDDRC_IO_CALIBRATION -D
#        CONFIG_HAVE_MPDDRC_DDR2 -D CONFIG_HAVE_ADC_LOW_RES -D
#        CONFIG_HAVE_PMC_FAST_STARTUP -D CONFIG_HAVE_PMC_GENERATED_CLOCKS -D
#        CONFIG_HAVE_SCKC -D CONFIG_HAVE_NFD0_ON_D16 -D CONFIG_HAVE_XDMAC -D
#        CONFIG_HAVE_PWMC -D CONFIG_HAVE_DDR2_W972GG6KB -D
#        CONFIG_HAVE_RSTC_EXTERNAL_RESET -D CONFIG_HAVE_RSTC_INDEPENDENT_RESET
#        -D CONFIG_HAVE_RTT -D CONFIG_HAVE_SHDWC -D CONFIG_HAVE_TWI -D
#        CONFIG_HAVE_I2C_BUS -D CONFIG_HAVE_LED -D CONFIG_HAVE_MMU -D
#        CONFIG_HAVE_L1CACHE -D CONFIG_HAVE_OTPC -D CONFIG_HAVE_DBGU -D
#        CONFIG_HAVE_SERIALD_DBGU -D CONFIG_HAVE_USART -D
#        CONFIG_HAVE_USART_FIFO -D CONFIG_HAVE_DWDT --preprocess
#        C:\work\AtmelSoftPAck\atmel-software-package-2.17\examples\low_power_mode\build\sam9x60-ek\sram\List
#        -lC
#        C:\work\AtmelSoftPAck\atmel-software-package-2.17\examples\low_power_mode\build\sam9x60-ek\sram\List
#        --diag_suppress Pa050 -o
#        C:\work\AtmelSoftPAck\atmel-software-package-2.17\examples\low_power_mode\build\sam9x60-ek\sram\Obj
#        --no_cse --no_unroll --no_inline --no_code_motion --no_tbaa
#        --no_clustering --no_scheduling --debug --endian=little
#        --cpu=ARM926EJ-S -e --fpu=None --dlib_config "C:\Program Files
#        (x86)\IAR Systems\Embedded Workbench
#        8.4\arm\inc\c\DLib_Config_Normal.h" -I
#        C:\work\AtmelSoftPAck\atmel-software-package-2.17\examples\low_power_mode\..\..\arch\
#        -I
#        C:\work\AtmelSoftPAck\atmel-software-package-2.17\examples\low_power_mode\..\..\utils\
#        -I
#        C:\work\AtmelSoftPAck\atmel-software-package-2.17\examples\low_power_mode\..\..\target\common\
#        -I
#        C:\work\AtmelSoftPAck\atmel-software-package-2.17\examples\low_power_mode\..\..\target\sam9x60\
#        -I
#        C:\work\AtmelSoftPAck\atmel-software-package-2.17\examples\low_power_mode\..\..\drivers\
#        -I
#        C:\work\AtmelSoftPAck\atmel-software-package-2.17\examples\low_power_mode\..\..\lib\
#        --section .text=SOFTPACK --cpu_mode arm -On)
#    Locale            =  C
#    List file         =
#        C:\work\AtmelSoftPAck\atmel-software-package-2.17\examples\low_power_mode\build\sam9x60-ek\sram\List\intmath.lst
#    Object file       =
#        C:\work\AtmelSoftPAck\atmel-software-package-2.17\examples\low_power_mode\build\sam9x60-ek\sram\Obj\intmath.o
#    Runtime model:       
#      __SystemLibrary =  DLib
#      __dlib_version  =  6
#
###############################################################################

C:\work\AtmelSoftPAck\atmel-software-package-2.17\utils\intmath.c
      1          #include "intmath.h"
      2          
      3          #ifndef HAVE_BSD_FLS

   \                                 In section SOFTPACK, align 4, keep-with-next
      4          int fls(int value)
      5          {
   \                     fls:
   \        0x0   0xE1B0'1000        MOVS     R1,R0
      6          	int i;
      7          
      8          	for (i = 31; i >= 0; i--)
   \        0x4   0xE3A0'201F        MOV      R2,#+31
   \                     ??fls_0:
   \        0x8   0xE352'0000        CMP      R2,#+0
   \        0xC   0x4A00'0006        BMI      ??fls_1
      9          		if (value & (1 << i))
   \       0x10   0xE3A0'0001        MOV      R0,#+1
   \       0x14   0xE110'0251        TST      R0,R1, ASR R2
   \       0x18   0x0A00'0001        BEQ      ??fls_2
     10          			return i + 1;
   \       0x1C   0xE292'0001        ADDS     R0,R2,#+1
   \       0x20   0xEA00'0002        B        ??fls_3
   \                     ??fls_2:
   \       0x24   0xE252'2001        SUBS     R2,R2,#+1
   \       0x28   0xEAFF'FFF6        B        ??fls_0
     11          
     12          	return 0;
   \                     ??fls_1:
   \       0x2C   0xE3A0'0000        MOV      R0,#+0
   \                     ??fls_3:
   \       0x30   0xE12F'FF1E        BX       LR               ;; return
     13          }
     14          #endif

   Maximum stack usage in bytes:

   .cstack Function
   ------- --------
       0   fls


   Section sizes:

   Bytes  Function/Label
   -----  --------------
      52  fls

 
 52 bytes in section SOFTPACK
 
 52 bytes of CODE memory

Errors: none
Warnings: none
