###############################################################################
#
# IAR ANSI C/C++ Compiler V8.50.1.245/W32 for ARM         08/Dec/2020  16:47:01
# Copyright 1999-2020 IAR Systems AB.
#
#    Cpu mode                        
#    Endian                       =  little
#    Source file                  =
#        C:\work\AtmelSoftPAck\atmel-software-package-2.17\target\sama5d3\board_sama5d3-ek.c
#    Command line                 =
#        -f C:\Users\c40450\AppData\Local\Temp\EW4074.tmp
#        (C:\work\AtmelSoftPAck\atmel-software-package-2.17\target\sama5d3\board_sama5d3-ek.c
#        -D "SOFTPACK_VERSION=\"2.17\"" -D TRACE_LEVEL=5 -D VARIANT_SRAM -D
#        CONFIG_ARCH_ARMV7A -D CONFIG_ARCH_ARM -D CONFIG_SOC_SAMA5D3 -D
#        CONFIG_CHIP_SAMA5D36 -D CONFIG_BOARD_SAMA5D3_EK -D CONFIG_HAVE_AIC5 -D
#        CONFIG_HAVE_PIO3 -D CONFIG_HAVE_NFC -D CONFIG_HAVE_PIT -D
#        CONFIG_HAVE_SMC -D CONFIG_HAVE_SMC_SCRAMBLING -D CONFIG_HAVE_MPDDRC -D
#        CONFIG_HAVE_MPDDRC_IO_CALIBRATION -D CONFIG_HAVE_MPDDRC_DDR2 -D
#        CONFIG_HAVE_MPDDRC_LPDDR2 -D CONFIG_HAVE_ADC_SETTLING_TIME -D
#        CONFIG_HAVE_ADC_INPUT_OFFSET -D CONFIG_HAVE_ADC_DIFF_INPUT -D
#        CONFIG_HAVE_ADC_SEQ_R2 -D CONFIG_HAVE_PMC_PLLADIV2 -D
#        CONFIG_HAVE_PMC_PLLA_CHARGE_PUMP -D CONFIG_HAVE_PMC_UPLL_BIAS -D
#        CONFIG_HAVE_PMC_PERIPH_DIV -D CONFIG_HAVE_SCKC -D
#        CONFIG_HAVE_PWMC_STEPPER_MOTOR -D CONFIG_HAVE_PWMC_CMP_UNIT -D
#        CONFIG_HAVE_PWMC_SYNC_MODE -D CONFIG_HAVE_PWMC_OOV -D
#        CONFIG_HAVE_PWMC_FMODE -D CONFIG_HAVE_PWMC_WP -D
#        CONFIG_HAVE_PWMC_DTIME -D CONFIG_HAVE_PWMC_ELINE -D CONFIG_HAVE_DMAC
#        -D CONFIG_HAVE_DMAC_DATA_WIDTH_DWORD -D CONFIG_HAVE_SMD -D
#        CONFIG_HAVE_PWMC -D CONFIG_HAVE_DDR2_MT47H128M16 -D
#        CONFIG_HAVE_RSTC_EXTERNAL_RESET -D CONFIG_HAVE_RSTC_INDEPENDENT_RESET
#        -D CONFIG_HAVE_TC_FAULT_MODE -D CONFIG_HAVE_AUDIO -D CONFIG_HAVE_SSC
#        -D CONFIG_HAVE_AUDIO_WM8904 -D CONFIG_HAVE_SHDWC -D CONFIG_HAVE_TWI -D
#        CONFIG_HAVE_I2C_BUS -D CONFIG_HAVE_MMU -D CONFIG_HAVE_L1CACHE -D
#        CONFIG_HAVE_DBGU -D CONFIG_HAVE_SERIALD_DBGU -D CONFIG_HAVE_UART -D
#        CONFIG_HAVE_USART --preprocess
#        C:\work\AtmelSoftPAck\atmel-software-package-2.17\examples\ssc_dma_audio\build\sama5d3-ek\sram\List
#        -lC
#        C:\work\AtmelSoftPAck\atmel-software-package-2.17\examples\ssc_dma_audio\build\sama5d3-ek\sram\List
#        --diag_suppress Pa050 -o
#        C:\work\AtmelSoftPAck\atmel-software-package-2.17\examples\ssc_dma_audio\build\sama5d3-ek\sram\Obj
#        --debug --endian=little --cpu=Cortex-A5 -e --fpu=VFPv4_D16
#        --dlib_config "C:\Program Files (x86)\IAR Systems\Embedded Workbench
#        8.4\arm\inc\c\DLib_Config_Normal.h" -I
#        C:\work\AtmelSoftPAck\atmel-software-package-2.17\examples\ssc_dma_audio\..\..\arch\
#        -I
#        C:\work\AtmelSoftPAck\atmel-software-package-2.17\examples\ssc_dma_audio\..\..\utils\
#        -I
#        C:\work\AtmelSoftPAck\atmel-software-package-2.17\examples\ssc_dma_audio\..\..\target\common\
#        -I
#        C:\work\AtmelSoftPAck\atmel-software-package-2.17\examples\ssc_dma_audio\..\..\target\sama5d3\
#        -I
#        C:\work\AtmelSoftPAck\atmel-software-package-2.17\examples\ssc_dma_audio\..\..\drivers\
#        -I
#        C:\work\AtmelSoftPAck\atmel-software-package-2.17\examples\ssc_dma_audio\..\..\lib\
#        --section .text=SOFTPACK --cpu_mode arm -Oh)
#    Locale                       =  C
#    List file                    =
#        C:\work\AtmelSoftPAck\atmel-software-package-2.17\examples\ssc_dma_audio\build\sama5d3-ek\sram\List\board_sama5d3-ek.lst
#    Object file                  =
#        C:\work\AtmelSoftPAck\atmel-software-package-2.17\examples\ssc_dma_audio\build\sama5d3-ek\sram\Obj\board_sama5d3-ek.o
#    Runtime model:                  
#      __SystemLibrary            =  DLib
#      __dlib_full_locale_support =  0
#      __dlib_version             =  6
#
###############################################################################

C:\work\AtmelSoftPAck\atmel-software-package-2.17\target\sama5d3\board_sama5d3-ek.c
      1          /* ----------------------------------------------------------------------------
      2           *         SAM Software Package License
      3           * ----------------------------------------------------------------------------
      4           * Copyright (c) 2016, Atmel Corporation
      5           *
      6           * All rights reserved.
      7           *
      8           * Redistribution and use in source and binary forms, with or without
      9           * modification, are permitted provided that the following conditions are met:
     10           *
     11           * - Redistributions of source code must retain the above copyright notice,
     12           * this list of conditions and the disclaimer below.
     13           *
     14           * Atmel's name may not be used to endorse or promote products derived from
     15           * this software without specific prior written permission.
     16           *
     17           * DISCLAIMER: THIS SOFTWARE IS PROVIDED BY ATMEL "AS IS" AND ANY EXPRESS OR
     18           * IMPLIED WARRANTIES, INCLUDING, BUT NOT LIMITED TO, THE IMPLIED WARRANTIES OF
     19           * MERCHANTABILITY, FITNESS FOR A PARTICULAR PURPOSE AND NON-INFRINGEMENT ARE
     20           * DISCLAIMED. IN NO EVENT SHALL ATMEL BE LIABLE FOR ANY DIRECT, INDIRECT,
     21           * INCIDENTAL, SPECIAL, EXEMPLARY, OR CONSEQUENTIAL DAMAGES (INCLUDING, BUT NOT
     22           * LIMITED TO, PROCUREMENT OF SUBSTITUTE GOODS OR SERVICES; LOSS OF USE, DATA,
     23           * OR PROFITS; OR BUSINESS INTERRUPTION) HOWEVER CAUSED AND ON ANY THEORY OF
     24           * LIABILITY, WHETHER IN CONTRACT, STRICT LIABILITY, OR TORT (INCLUDING
     25           * NEGLIGENCE OR OTHERWISE) ARISING IN ANY WAY OUT OF THE USE OF THIS SOFTWARE,
     26           * EVEN IF ADVISED OF THE POSSIBILITY OF SUCH DAMAGE.
     27           * ----------------------------------------------------------------------------
     28           */
     29          
     30           /*----------------------------------------------------------------------------
     31           *        Headers
     32           *----------------------------------------------------------------------------*/
     33          
     34          #include "chip.h"
     35          #include "board.h"
     36          #include "board_console.h"
     37          #include "board_audio.h"
     38          #include "board_eth.h"
     39          #include "board_can.h"
     40          #include "board_isi.h"
     41          #include "board_lcd.h"
     42          #include "board_led.h"
     43          #include "board_spi.h"
     44          #include "board_twi.h"
     45          #include "compiler.h"
     46          #include "dma/dma.h"
     47          
     48          #include "board_support.h"
     49          
     50          /*----------------------------------------------------------------------------
     51           *        Exported functions
     52           *----------------------------------------------------------------------------*/
     53          

   \                                 In section SOFTPACK, align 4
     54          WEAK void board_init(void)
     55          {
   \                     board_init:
   \        0x0   0xE92D'5000        PUSH     {R12,LR}
     56          #ifdef VARIANT_DDRAM
     57          	bool ddram = false;
     58          #else
     59          	bool ddram = true;
     60          #endif
     61          
     62          #ifdef VARIANT_SRAM
     63          	bool clocks = true;
     64          #else
     65          	bool clocks = false;
     66          #endif
     67          
     68          	/* Configure misc low-level stuff */
     69          	board_cfg_lowlevel(clocks, ddram, true);
   \        0x4   0xE3A0'2001        MOV      R2,#+1
   \        0x8   0xE3A0'1001        MOV      R1,#+1
   \        0xC   0xE3A0'0001        MOV      R0,#+1
   \       0x10   0x....'....        BL       board_cfg_lowlevel
     70          
     71          	/* Configure console */
     72          	board_cfg_console(0);
   \       0x14   0xE3A0'0000        MOV      R0,#+0
   \       0x18   0x....'....        BL       board_cfg_console
     73          
     74          	/* DMA Driver init */
     75          	dma_initialize(false);
   \       0x1C   0xE3A0'0000        MOV      R0,#+0
   \       0x20   0x....'....        BL       dma_initialize
     76          
     77          #ifdef CONFIG_HAVE_CAN_BUS
     78          	/* Configure CAN bus */
     79          	board_cfg_can_bus();
     80          #endif
     81          
     82          #ifdef CONFIG_HAVE_SPI_BUS
     83          	/* Configure SPI bus */
     84          	board_cfg_spi_bus();
     85          #endif
     86          
     87          #ifdef CONFIG_HAVE_SPI_NOR
     88          	/* Configure SPI NOR flash memory */
     89          	board_cfg_spi_flash();
     90          #endif
     91          
     92          #ifdef CONFIG_HAVE_I2C_BUS
     93          	/* Configure TWI bus */
     94          	board_cfg_twi_bus();
   \       0x24   0x....'....        BL       board_cfg_twi_bus
     95          
     96          	/* Configure PMIC */
     97          	board_cfg_pmic();
   \       0x28   0x....'....        BL       board_cfg_pmic
     98          #endif
     99          
    100          #ifdef CONFIG_HAVE_LED
    101          	/* Configure LEDs */
    102          	board_cfg_led();
    103          #endif
    104          
    105          #ifdef CONFIG_HAVE_ETH
    106          	board_cfg_net(0, NULL, true);
    107          	board_cfg_net(1, NULL, true);
    108          #endif
    109          
    110          #ifdef CONFIG_HAVE_LCDC
    111          	/* Configure LCD controller/display */
    112          	board_cfg_lcd();
    113          #endif
    114          
    115          #ifdef CONFIG_HAVE_ISI
    116          	/* Configure image sensor */
    117          	board_cfg_isi();
    118          #endif
    119          
    120          #ifdef CONFIG_HAVE_NAND_FLASH
    121          	/* Configure NAND flash */
    122          	board_cfg_nand_flash();
    123          #endif
    124          
    125          #ifdef CONFIG_HAVE_SSC
    126          	board_cfg_ssc();
   \       0x2C   0xE8BD'4001        POP      {R0,LR}
   \       0x30   0x....'....        B        board_cfg_ssc    ;; tailcall
    127          #endif
    128          }

   Maximum stack usage in bytes:

   .cstack Function
   ------- --------
       8   board_init
         8   -> board_cfg_console
         8   -> board_cfg_lowlevel
         8   -> board_cfg_pmic
         0   -> board_cfg_ssc
         8   -> board_cfg_twi_bus
         8   -> dma_initialize


   Section sizes:

   Bytes  Function/Label
   -----  --------------
      52  board_init

 
 52 bytes in section SOFTPACK
 
 0 bytes of CODE memory (+ 52 bytes shared)

Errors: none
Warnings: none
