###############################################################################
#
# IAR ANSI C/C++ Compiler V8.50.1.245/W32 for ARM         01/Dec/2020  16:42:59
# Copyright 1999-2020 IAR Systems AB.
#
#    Cpu mode             
#    Endian            =  little
#    Source file       =
#        C:\work\AtmelSoftPAck\atmel-software-package-2.17\drivers\peripherals\shdwc.c
#    Command line      =
#        -f C:\Users\c40450\AppData\Local\Temp\EW8334.tmp
#        (C:\work\AtmelSoftPAck\atmel-software-package-2.17\drivers\peripherals\shdwc.c
#        -D "SOFTPACK_VERSION=\"2.17\"" -D TRACE_LEVEL=5 -D VARIANT_DDRAM -D
#        CONFIG_ARCH_ARMV7A -D CONFIG_ARCH_ARM -D CONFIG_SOC_SAMA5D2 -D
#        CONFIG_CHIP_SAMA5D27 -D CONFIG_PACKAGE_289PIN -D
#        CONFIG_BOARD_SAMA5D2_XPLAINED -D CONFIG_HAVE_AIC5 -D
#        CONFIG_HAVE_FLEXCOM -D CONFIG_HAVE_PIO4 -D CONFIG_HAVE_PIO4_SECURE -D
#        CONFIG_HAVE_NFC -D CONFIG_HAVE_PIT -D CONFIG_HAVE_SMC -D
#        CONFIG_HAVE_SMC_SCRAMBLING -D CONFIG_HAVE_GMAC_QUEUES -D
#        CONFIG_HAVE_MPDDRC -D CONFIG_HAVE_MPDDRC_DATA_PATH -D
#        CONFIG_HAVE_MPDDRC_IO_CALIBRATION -D CONFIG_HAVE_MPDDRC_DDR2 -D
#        CONFIG_HAVE_MPDDRC_LPDDR2 -D CONFIG_HAVE_MPDDRC_DDR3 -D
#        CONFIG_HAVE_MPDDRC_LPDDR3 -D CONFIG_HAVE_ADC_SETTLING_TIME -D
#        CONFIG_HAVE_ADC_DIFF_INPUT -D CONFIG_HAVE_ADC_SEQ_R2 -D
#        CONFIG_HAVE_PMC_FAST_STARTUP -D CONFIG_HAVE_PMC_GENERATED_CLOCKS -D
#        CONFIG_HAVE_PMC_AUDIO_CLOCK -D CONFIG_HAVE_PMC_PLLADIV2 -D
#        CONFIG_HAVE_PMC_H32MXDIV -D CONFIG_HAVE_PMC_UPLL_BIAS -D
#        CONFIG_HAVE_SCKC -D CONFIG_HAVE_PWMC_DMA -D
#        CONFIG_HAVE_PWMC_SPREAD_SPECTRUM -D CONFIG_HAVE_PWMC_EXTERNAL_TRIGGER
#        -D CONFIG_HAVE_PWMC_FAULT_PROT_HIZ -D CONFIG_HAVE_PWMC_STEPPER_MOTOR
#        -D CONFIG_HAVE_PWMC_CMP_UNIT -D CONFIG_HAVE_PWMC_SYNC_MODE -D
#        CONFIG_HAVE_PWMC_OOV -D CONFIG_HAVE_PWMC_FMODE -D CONFIG_HAVE_PWMC_WP
#        -D CONFIG_HAVE_PWMC_DTIME -D CONFIG_HAVE_PWMC_ELINE -D
#        CONFIG_HAVE_SFRBU -D CONFIG_HAVE_L2CC -D CONFIG_HAVE_SAIC -D
#        CONFIG_HAVE_XDMAC -D CONFIG_HAVE_XDMAC_DATA_WIDTH_DWORD -D
#        CONFIG_HAVE_SECUMOD -D CONFIG_HAVE_SFC -D CONFIG_HAVE_PWMC -D
#        CONFIG_HAVE_SECURE_MATRIX -D CONFIG_HAVE_DDR3_MT41K128M16 -D
#        CONFIG_HAVE_RSTC_CONFIGURABLE_USER_RESET -D CONFIG_HAVE_TC_FAULT_MODE
#        -D CONFIG_HAVE_TC_DMA_MODE -D CONFIG_HAVE_RTC_CALIBRATION -D
#        CONFIG_HAVE_RTC_MODE_PERSIAN -D CONFIG_HAVE_RTC_MODE_UTC -D
#        CONFIG_HAVE_RTC_TAMPER -D CONFIG_HAVE_AUDIO -D
#        CONFIG_HAVE_AUDIO_WM8731 -D CONFIG_HAVE_SSC -D CONFIG_HAVE_CLASSD -D
#        CONFIG_HAVE_PDMIC -D CONFIG_HAVE_SHDWC -D CONFIG_HAVE_SPI -D
#        CONFIG_HAVE_SPI_FIFO -D CONFIG_HAVE_MMU -D CONFIG_HAVE_L1CACHE -D
#        CONFIG_HAVE_L2CACHE -D CONFIG_HAVE_SPI_BUS -D CONFIG_HAVE_UART -D
#        CONFIG_HAVE_SERIALD_UART -D CONFIG_HAVE_USART -D
#        CONFIG_HAVE_USART_FIFO -D CONFIG_HAVE_I2C_BUS --preprocess
#        C:\work\AtmelSoftPAck\atmel-software-package-2.17\examples\ssc_dma_audio\build\sama5d2-xplained\ddram\List
#        -lC
#        C:\work\AtmelSoftPAck\atmel-software-package-2.17\examples\ssc_dma_audio\build\sama5d2-xplained\ddram\List
#        --diag_suppress Pa050 -o
#        C:\work\AtmelSoftPAck\atmel-software-package-2.17\examples\ssc_dma_audio\build\sama5d2-xplained\ddram\Obj
#        --debug --endian=little --cpu=Cortex-A5 -e --fpu=VFPv4_D16
#        --dlib_config "C:\Program Files (x86)\IAR Systems\Embedded Workbench
#        8.4\arm\inc\c\DLib_Config_Normal.h" -I
#        C:\work\AtmelSoftPAck\atmel-software-package-2.17\examples\ssc_dma_audio\..\..\arch\
#        -I
#        C:\work\AtmelSoftPAck\atmel-software-package-2.17\examples\ssc_dma_audio\..\..\utils\
#        -I
#        C:\work\AtmelSoftPAck\atmel-software-package-2.17\examples\ssc_dma_audio\..\..\target\common\
#        -I
#        C:\work\AtmelSoftPAck\atmel-software-package-2.17\examples\ssc_dma_audio\..\..\target\sama5d2\
#        -I
#        C:\work\AtmelSoftPAck\atmel-software-package-2.17\examples\ssc_dma_audio\..\..\drivers\
#        -I
#        C:\work\AtmelSoftPAck\atmel-software-package-2.17\examples\ssc_dma_audio\..\..\lib\
#        --section .text=SOFTPACK --cpu_mode arm -Oh)
#    Locale            =  C
#    List file         =
#        C:\work\AtmelSoftPAck\atmel-software-package-2.17\examples\ssc_dma_audio\build\sama5d2-xplained\ddram\List\shdwc.lst
#    Object file       =
#        C:\work\AtmelSoftPAck\atmel-software-package-2.17\examples\ssc_dma_audio\build\sama5d2-xplained\ddram\Obj\shdwc.o
#    Runtime model:       
#      __SystemLibrary =  DLib
#      __dlib_version  =  6
#
###############################################################################

C:\work\AtmelSoftPAck\atmel-software-package-2.17\drivers\peripherals\shdwc.c
      1          /* ----------------------------------------------------------------------------
      2           *         SAM Software Package License
      3           * ----------------------------------------------------------------------------
      4           * Copyright (c) 2015, Atmel Corporation
      5           *
      6           * All rights reserved.
      7           *
      8           * Redistribution and use in source and binary forms, with or without
      9           * modification, are permitted provided that the following conditions are met:
     10           *
     11           * - Redistributions of source code must retain the above copyright notice,
     12           * this list of conditions and the disclaimer below.
     13           *
     14           * Atmel's name may not be used to endorse or promote products derived from
     15           * this software without specific prior written permission.
     16           *
     17           * DISCLAIMER: THIS SOFTWARE IS PROVIDED BY ATMEL "AS IS" AND ANY EXPRESS OR
     18           * IMPLIED WARRANTIES, INCLUDING, BUT NOT LIMITED TO, THE IMPLIED WARRANTIES OF
     19           * MERCHANTABILITY, FITNESS FOR A PARTICULAR PURPOSE AND NON-INFRINGEMENT ARE
     20           * DISCLAIMED. IN NO EVENT SHALL ATMEL BE LIABLE FOR ANY DIRECT, INDIRECT,
     21           * INCIDENTAL, SPECIAL, EXEMPLARY, OR CONSEQUENTIAL DAMAGES (INCLUDING, BUT NOT
     22           * LIMITED TO, PROCUREMENT OF SUBSTITUTE GOODS OR SERVICES; LOSS OF USE, DATA,
     23           * OR PROFITS; OR BUSINESS INTERRUPTION) HOWEVER CAUSED AND ON ANY THEORY OF
     24           * LIABILITY, WHETHER IN CONTRACT, STRICT LIABILITY, OR TORT (INCLUDING
     25           * NEGLIGENCE OR OTHERWISE) ARISING IN ANY WAY OUT OF THE USE OF THIS SOFTWARE,
     26           * EVEN IF ADVISED OF THE POSSIBILITY OF SUCH DAMAGE.
     27           * ----------------------------------------------------------------------------
     28           */
     29          
     30          /*----------------------------------------------------------------------------
     31           *        Headers
     32           *----------------------------------------------------------------------------*/
     33          
     34          #include "chip.h"
     35          #include "peripherals/shdwc.h"
     36          #include <stdint.h>
     37          
     38          /*----------------------------------------------------------------------------
     39           *        Local Defines
     40           *----------------------------------------------------------------------------*/
     41          
     42          struct _bitfield_shdwc_cfgr {
     43          	uint32_t
     44          		lpdbcen0: 1,
     45          		lpdbcen1: 1,
     46          		rfu2_7:   6,
     47          		lpdbc:    3,
     48          		rfu10_15: 5,
     49          		rttwken:  1,
     50          		rtcwken:  1,
     51          		accwken:  1,
     52          		rxlpwken: 1,
     53          		rfu20_23: 4,
     54          		wkupdbc:  3,
     55          		rfu26_31: 5;
     56          };
     57          
     58          union _shdwc_cfg {
     59          	struct _bitfield_shdwc_cfgr bfield;
     60          	uint32_t uint32_value;
     61          };
     62          
     63          /*----------------------------------------------------------------------------
     64           *        Exported functions
     65           *----------------------------------------------------------------------------*/
     66          
     67          #ifdef CONFIG_SOC_SAMA5D2

   \                                 In section SOFTPACK, align 4, keep-with-next
     68          void shdwc_configure_wakeup_mode(uint32_t config)
     69          {
     70          	union _shdwc_cfg cfg;
     71          
     72          	cfg.uint32_value = SHDWC->SHDW_MR;
   \                     shdwc_configure_wakeup_mode:
   \        0x0   0x....'....        LDR      R1,??DataTable5  ;; 0xf8048014
     73          
     74          	cfg.bfield.lpdbcen0 = (config & SHDW_MR_LPDBCEN0_ENABLE) ? 1 : 0;
   \        0x4   0xE200'3001        AND      R3,R0,#0x1
     75          	cfg.bfield.lpdbcen1 = (config & SHDW_MR_LPDBCEN1_ENABLE) ? 1 : 0;
     76          	cfg.bfield.lpdbc = (config & SHDW_MR_LPDBC_Msk) >> SHDW_MR_LPDBC_Pos;
   \        0x8   0xE3E0'C002        MVN      R12,#+2
   \        0xC   0xE591'2000        LDR      R2,[R1, #+0]
   \       0x10   0xE310'0002        TST      R0,#0x2
   \       0x14   0xE3CC'CE70        BIC      R12,R12,#0x700
   \       0x18   0xE1A0'20A2        LSR      R2,R2,#+1
   \       0x1C   0xE183'2082        ORR      R2,R3,R2, LSL #+1
   \       0x20   0x13A0'3002        MOVNE    R3,#+2
   \       0x24   0x03A0'3000        MOVEQ    R3,#+0
     77          	cfg.bfield.rttwken = (config & SHDW_MR_RTTWKEN) ? 1 : 0;
   \       0x28   0xE310'0B40        TST      R0,#0x10000
   \       0x2C   0xE00C'2002        AND      R2,R12,R2
     78          	cfg.bfield.rtcwken = (config & SHDW_MR_RTCWKEN) ? 1 : 0;
     79          	cfg.bfield.accwken = (config & SHDW_MR_ACCWKEN) ? 1 : 0;
     80          	cfg.bfield.rxlpwken = (config & SHDW_MR_RXLPWKEN) ? 1 : 0;
     81          	cfg.bfield.wkupdbc = (config & SHDW_MR_WKUPDBC_Msk) >> SHDW_MR_WKUPDBC_Pos;
     82          
     83          	SHDWC->SHDW_MR = cfg.uint32_value;
   \       0x30   0xE3E0'C640        MVN      R12,#+67108864
   \       0x34   0xE183'2002        ORR      R2,R3,R2
   \       0x38   0xE200'3E70        AND      R3,R0,#0x700
   \       0x3C   0xE183'2002        ORR      R2,R3,R2
   \       0x40   0x13A0'3B40        MOVNE    R3,#+65536
   \       0x44   0x03A0'3000        MOVEQ    R3,#+0
   \       0x48   0xE3C2'2B40        BIC      R2,R2,#0x10000
   \       0x4C   0xE183'2002        ORR      R2,R3,R2
   \       0x50   0xE310'0B80        TST      R0,#0x20000
   \       0x54   0x13A0'3B80        MOVNE    R3,#+131072
   \       0x58   0xE3C2'2B80        BIC      R2,R2,#0x20000
   \       0x5C   0x03A0'3000        MOVEQ    R3,#+0
   \       0x60   0xE310'0A40        TST      R0,#0x40000
   \       0x64   0xE183'2002        ORR      R2,R3,R2
   \       0x68   0x13A0'3A40        MOVNE    R3,#+262144
   \       0x6C   0x03A0'3000        MOVEQ    R3,#+0
   \       0x70   0xE3C2'2A40        BIC      R2,R2,#0x40000
   \       0x74   0xE183'2002        ORR      R2,R3,R2
   \       0x78   0xE310'0A80        TST      R0,#0x80000
   \       0x7C   0xE3CC'C7C2        BIC      R12,R12,#0x3080000
   \       0x80   0x13A0'3A80        MOVNE    R3,#+524288
   \       0x84   0x03A0'3000        MOVEQ    R3,#+0
   \       0x88   0xE00C'2002        AND      R2,R12,R2
   \       0x8C   0xE183'2002        ORR      R2,R3,R2
   \       0x90   0xE200'0670        AND      R0,R0,#0x7000000
   \       0x94   0xE180'0002        ORR      R0,R0,R2
   \       0x98   0x....'....        B        ?Subroutine0
     84          }

   \                                 In section SOFTPACK, align 4, keep-with-next
   \                     ?Subroutine0:
   \        0x0   0xE581'0000        STR      R0,[R1, #+0]
   \        0x4   0xE12F'FF1E        BX       LR               ;; return
     85          

   \                                 In section SOFTPACK, align 4, keep-with-next
     86          void shdwc_set_wakeup_input(uint32_t input_enable, uint32_t input_type)
     87          {
     88          	uint32_t wuir = (input_enable & 0x0000FFFF) | (input_type & 0xFFFF0000);
     89          
     90          	SHDWC->SHDW_WUIR = wuir;
   \                     shdwc_set_wakeup_input:
   \        0x0   0xE680'0011        PKHBT    R0,R0,R1
   \        0x4   0x....'....        LDR      R1,??DataTable5_1  ;; 0xf804801c
   \        0x8                      REQUIRE ?Subroutine0
   \        0x8                      ;; // Fall through to label ?Subroutine0
     91          }
     92          

   \                                 In section SOFTPACK, align 4, keep-with-next
     93          void shdwc_set_wakeup_debounce(uint32_t debounce)
     94          {
     95          	SHDWC->SHDW_MR = (SHDWC->SHDW_MR & ~SHDW_MR_WKUPDBC_Msk)
     96          	               | (debounce & SHDW_MR_WKUPDBC_Msk);
   \                     shdwc_set_wakeup_debounce:
   \        0x0   0x....'....        LDR      R1,??DataTable5  ;; 0xf8048014
   \        0x4   0xE200'0670        AND      R0,R0,#0x7000000
   \        0x8   0xE591'2000        LDR      R2,[R1, #+0]
   \        0xC   0xE3C2'3670        BIC      R3,R2,#0x7000000
   \       0x10   0xE180'0003        ORR      R0,R0,R3
   \       0x14   0x....'....        B        ?Subroutine0
     97          }
     98          #endif
     99          

   \                                 In section SOFTPACK, align 4, keep-with-next
    100          void shdwc_configure_wakeup(void)
    101          {
    102          #ifdef CONFIG_SOC_SAMA5D2
    103                 shdwc_set_wakeup_input(SHDW_WUIR_WKUPEN0_ENABLE, SHDW_WUIR_WKUPT0_LOW);
   \                     shdwc_configure_wakeup:
   \        0x0   0x....'....        LDR      R0,??DataTable5  ;; 0xf8048014
   \        0x4   0xE3A0'1001        MOV      R1,#+1
    104                 shdwc_configure_wakeup_mode(0);
   \        0x8   0x....'....        LDR      R2,??DataTable5_2  ;; 0xf8f0f8fc
   \        0xC   0xE580'1008        STR      R1,[R0, #+8]
   \       0x10   0xE590'1000        LDR      R1,[R0, #+0]
   \       0x14   0xE002'2001        AND      R2,R2,R1
   \       0x18   0xE580'2000        STR      R2,[R0, #+0]
    105          #elif defined(CONFIG_SOC_SAMA5D3) || defined(CONFIG_SOC_SAMA5D4) || defined(CONFIG_SOC_SAM9XX5)
    106                 SHDWC->SHDW_MR = SHDW_MR_WKMODE0_FALLING_EDGE | SHDW_MR_CPTWK0(0x8);
    107          #elif defined(CONFIG_SOC_SAM9X60)
    108                 SHDWC->SHDW_WUIR = SHDW_WUIR_WKUPEN0 | SHDW_WUIR_WKUPT0_LOW;
    109          #endif
    110          }
   \       0x1C   0xE12F'FF1E        BX       LR               ;; return
    111          

   \                                 In section SOFTPACK, align 4, keep-with-next
    112          void shdwc_do_shutdown(void)
    113          {
    114          	SHDWC->SHDW_CR = SHDW_CR_KEY_PASSWD | SHDW_CR_SHDW;
   \                     shdwc_do_shutdown:
   \        0x0   0xE3A0'0001        MOV      R0,#+1
   \        0x4   0x....'....        LDR      R1,??DataTable5_3  ;; 0xf8048010
   \        0x8   0xE380'04A5        ORR      R0,R0,#0xA5000000
   \        0xC   0x....'....        B        ?Subroutine0
    115          }
    116          

   \                                 In section SOFTPACK, align 4, keep-with-next
    117          uint32_t shdwc_get_status(void)
    118          {
    119          	return SHDWC->SHDW_SR;
   \                     shdwc_get_status:
   \        0x0   0x....'....        LDR      R0,??DataTable5_4  ;; 0xf8048018
   \        0x4   0xE590'0000        LDR      R0,[R0, #+0]
   \        0x8   0xE12F'FF1E        BX       LR               ;; return
    120          }

   \                                 In section SOFTPACK, align 4, keep-with-next
   \                     ??DataTable5:
   \        0x0   0xF804'8014        DC32     0xf8048014

   \                                 In section SOFTPACK, align 4, keep-with-next
   \                     ??DataTable5_1:
   \        0x0   0xF804'801C        DC32     0xf804801c

   \                                 In section SOFTPACK, align 4, keep-with-next
   \                     ??DataTable5_2:
   \        0x0   0xF8F0'F8FC        DC32     0xf8f0f8fc

   \                                 In section SOFTPACK, align 4, keep-with-next
   \                     ??DataTable5_3:
   \        0x0   0xF804'8010        DC32     0xf8048010

   \                                 In section SOFTPACK, align 4, keep-with-next
   \                     ??DataTable5_4:
   \        0x0   0xF804'8018        DC32     0xf8048018

   Maximum stack usage in bytes:

   .cstack Function
   ------- --------
       0   shdwc_configure_wakeup
       0   shdwc_configure_wakeup_mode
       0   shdwc_do_shutdown
       0   shdwc_get_status
       0   shdwc_set_wakeup_debounce
       0   shdwc_set_wakeup_input


   Section sizes:

   Bytes  Function/Label
   -----  --------------
       4  ??DataTable5
       4  ??DataTable5_1
       4  ??DataTable5_2
       4  ??DataTable5_3
       4  ??DataTable5_4
       8  ?Subroutine0
      32  shdwc_configure_wakeup
     156  shdwc_configure_wakeup_mode
      16  shdwc_do_shutdown
      12  shdwc_get_status
      24  shdwc_set_wakeup_debounce
       8  shdwc_set_wakeup_input

 
 276 bytes in section SOFTPACK
 
 276 bytes of CODE memory

Errors: none
Warnings: none
