###############################################################################
#
# IAR ANSI C/C++ Compiler V8.50.1.245/W32 for ARM         29/Oct/2020  16:00:12
# Copyright 1999-2020 IAR Systems AB.
#
#    Cpu mode             
#    Endian            =  little
#    Source file       =
#        C:\work\AtmelSoftPAck\atmel-software-package-2.17\drivers\mm\cache.c
#    Command line      =
#        -f C:\Users\c40450\AppData\Local\Temp\EWD355.tmp
#        (C:\work\AtmelSoftPAck\atmel-software-package-2.17\drivers\mm\cache.c
#        -D "SOFTPACK_VERSION=\"2.17\"" -D TRACE_LEVEL=5 -D VARIANT_QSPI0 -D
#        CONFIG_ARCH_ARMV7A -D CONFIG_ARCH_ARM -D CONFIG_SOC_SAMA5D2 -D
#        CONFIG_CHIP_SAMA5D27 -D CONFIG_PACKAGE_289PIN -D
#        CONFIG_BOARD_SAMA5D27_SOM1_EK -D CONFIG_HAVE_AIC5 -D
#        CONFIG_HAVE_FLEXCOM -D CONFIG_HAVE_PIO4 -D CONFIG_HAVE_PIO4_SECURE -D
#        CONFIG_HAVE_NFC -D CONFIG_HAVE_PIT -D CONFIG_HAVE_SMC -D
#        CONFIG_HAVE_SMC_SCRAMBLING -D CONFIG_HAVE_GMAC_QUEUES -D
#        CONFIG_HAVE_MPDDRC -D CONFIG_HAVE_MPDDRC_DATA_PATH -D
#        CONFIG_HAVE_MPDDRC_IO_CALIBRATION -D CONFIG_HAVE_MPDDRC_DDR2 -D
#        CONFIG_HAVE_MPDDRC_LPDDR2 -D CONFIG_HAVE_MPDDRC_DDR3 -D
#        CONFIG_HAVE_MPDDRC_LPDDR3 -D CONFIG_HAVE_ADC_SETTLING_TIME -D
#        CONFIG_HAVE_ADC_DIFF_INPUT -D CONFIG_HAVE_ADC_SEQ_R2 -D
#        CONFIG_HAVE_PMC_FAST_STARTUP -D CONFIG_HAVE_PMC_GENERATED_CLOCKS -D
#        CONFIG_HAVE_PMC_AUDIO_CLOCK -D CONFIG_HAVE_PMC_PLLADIV2 -D
#        CONFIG_HAVE_PMC_H32MXDIV -D CONFIG_HAVE_PMC_UPLL_BIAS -D
#        CONFIG_HAVE_SCKC -D CONFIG_HAVE_PWMC_DMA -D
#        CONFIG_HAVE_PWMC_SPREAD_SPECTRUM -D CONFIG_HAVE_PWMC_EXTERNAL_TRIGGER
#        -D CONFIG_HAVE_PWMC_FAULT_PROT_HIZ -D CONFIG_HAVE_PWMC_STEPPER_MOTOR
#        -D CONFIG_HAVE_PWMC_CMP_UNIT -D CONFIG_HAVE_PWMC_SYNC_MODE -D
#        CONFIG_HAVE_PWMC_OOV -D CONFIG_HAVE_PWMC_FMODE -D CONFIG_HAVE_PWMC_WP
#        -D CONFIG_HAVE_PWMC_DTIME -D CONFIG_HAVE_PWMC_ELINE -D
#        CONFIG_HAVE_SFRBU -D CONFIG_HAVE_L2CC -D CONFIG_HAVE_SAIC -D
#        CONFIG_HAVE_XDMAC -D CONFIG_HAVE_XDMAC_DATA_WIDTH_DWORD -D
#        CONFIG_HAVE_SECUMOD -D CONFIG_HAVE_SFC -D CONFIG_HAVE_PWMC -D
#        CONFIG_HAVE_SECURE_MATRIX -D CONFIG_HAVE_DDR2_W971GG6SB -D
#        CONFIG_HAVE_RSTC_CONFIGURABLE_USER_RESET -D CONFIG_HAVE_TC_FAULT_MODE
#        -D CONFIG_HAVE_TC_DMA_MODE -D CONFIG_HAVE_RTC_CALIBRATION -D
#        CONFIG_HAVE_RTC_MODE_PERSIAN -D CONFIG_HAVE_RTC_MODE_UTC -D
#        CONFIG_HAVE_RTC_TAMPER -D CONFIG_HAVE_SHDWC -D CONFIG_HAVE_LED -D
#        CONFIG_HAVE_MMU -D CONFIG_HAVE_L1CACHE -D CONFIG_HAVE_L2CACHE -D
#        CONFIG_HAVE_UART -D CONFIG_HAVE_SERIALD_UART -D CONFIG_HAVE_USART -D
#        CONFIG_HAVE_USART_FIFO --preprocess
#        C:\work\AtmelSoftPAck\atmel-software-package-2.17\examples\getting_started\build\sama5d27-som1-ek\qspi0\List
#        -lC
#        C:\work\AtmelSoftPAck\atmel-software-package-2.17\examples\getting_started\build\sama5d27-som1-ek\qspi0\List
#        --diag_suppress Pa050 -o
#        C:\work\AtmelSoftPAck\atmel-software-package-2.17\examples\getting_started\build\sama5d27-som1-ek\qspi0\Obj
#        --debug --endian=little --cpu=Cortex-A5 -e --fpu=VFPv4_D16
#        --dlib_config "C:\Program Files (x86)\IAR Systems\Embedded Workbench
#        8.4\arm\inc\c\DLib_Config_Normal.h" -I
#        C:\work\AtmelSoftPAck\atmel-software-package-2.17\examples\getting_started\..\..\arch\
#        -I
#        C:\work\AtmelSoftPAck\atmel-software-package-2.17\examples\getting_started\..\..\utils\
#        -I
#        C:\work\AtmelSoftPAck\atmel-software-package-2.17\examples\getting_started\..\..\target\common\
#        -I
#        C:\work\AtmelSoftPAck\atmel-software-package-2.17\examples\getting_started\..\..\target\sama5d2\
#        -I
#        C:\work\AtmelSoftPAck\atmel-software-package-2.17\examples\getting_started\..\..\drivers\
#        -I
#        C:\work\AtmelSoftPAck\atmel-software-package-2.17\examples\getting_started\..\..\lib\
#        --section .text=SOFTPACK --cpu_mode arm -Oh)
#    Locale            =  C
#    List file         =
#        C:\work\AtmelSoftPAck\atmel-software-package-2.17\examples\getting_started\build\sama5d27-som1-ek\qspi0\List\cache.lst
#    Object file       =
#        C:\work\AtmelSoftPAck\atmel-software-package-2.17\examples\getting_started\build\sama5d27-som1-ek\qspi0\Obj\cache.o
#    Runtime model:       
#      __SystemLibrary =  DLib
#      __dlib_version  =  6
#
###############################################################################

C:\work\AtmelSoftPAck\atmel-software-package-2.17\drivers\mm\cache.c
      1          /* ----------------------------------------------------------------------------
      2           *         SAM Software Package License
      3           * ----------------------------------------------------------------------------
      4           * Copyright (c) 2016, Atmel Corporation
      5           *
      6           * All rights reserved.
      7           *
      8           * Redistribution and use in source and binary forms, with or without
      9           * modification, are permitted provided that the following conditions are met:
     10           *
     11           * - Redistributions of source code must retain the above copyright notice,
     12           * this list of conditions and the disclaimer below.
     13           *
     14           * Atmel's name may not be used to endorse or promote products derived from
     15           * this software without specific prior written permission.
     16           *
     17           * DISCLAIMER: THIS SOFTWARE IS PROVIDED BY ATMEL "AS IS" AND ANY EXPRESS OR
     18           * IMPLIED WARRANTIES, INCLUDING, BUT NOT LIMITED TO, THE IMPLIED WARRANTIES OF
     19           * MERCHANTABILITY, FITNESS FOR A PARTICULAR PURPOSE AND NON-INFRINGEMENT ARE
     20           * DISCLAIMED. IN NO EVENT SHALL ATMEL BE LIABLE FOR ANY DIRECT, INDIRECT,
     21           * INCIDENTAL, SPECIAL, EXEMPLARY, OR CONSEQUENTIAL DAMAGES (INCLUDING, BUT NOT
     22           * LIMITED TO, PROCUREMENT OF SUBSTITUTE GOODS OR SERVICES; LOSS OF USE, DATA,
     23           * OR PROFITS; OR BUSINESS INTERRUPTION) HOWEVER CAUSED AND ON ANY THEORY OF
     24           * LIABILITY, WHETHER IN CONTRACT, STRICT LIABILITY, OR TORT (INCLUDING
     25           * NEGLIGENCE OR OTHERWISE) ARISING IN ANY WAY OUT OF THE USE OF THIS SOFTWARE,
     26           * EVEN IF ADVISED OF THE POSSIBILITY OF SUCH DAMAGE.
     27           * ----------------------------------------------------------------------------
     28           */
     29          
     30          /** \file */
     31          
     32          /*----------------------------------------------------------------------------
     33           *        Headers
     34           *----------------------------------------------------------------------------*/
     35          
     36          #include "mm/cache.h"
     37          #include "mm/l1cache.h"
     38          #include "mm/l2cache.h"
     39          
     40          /*----------------------------------------------------------------------------
     41           *        Functions
     42           *----------------------------------------------------------------------------*/
     43          

   \                                 In section SOFTPACK, align 4, keep-with-next
     44          void cache_invalidate_region(void *start, uint32_t length)
     45          {
   \                     cache_invalidate_region:
   \        0x0   0xE92D'4038        PUSH     {R3-R5,LR}
   \        0x4   0xE1A0'4000        MOV      R4,R0
     46          	uint32_t start_addr = (uint32_t)start;
     47          	uint32_t end_addr = start_addr + length;
   \        0x8   0xE081'5004        ADD      R5,R1,R4
     48          
     49          #ifdef CONFIG_HAVE_L1CACHE
     50          	if (dcache_is_enabled()) {
   \        0xC   0x....'....        BL       dcache_is_enabled
   \       0x10   0xE350'0000        CMP      R0,#+0
   \       0x14   0x0A00'0009        BEQ      ??cache_invalidate_region_0
     51          		dcache_invalidate_region(start_addr, end_addr);
   \       0x18   0xE1A0'1005        MOV      R1,R5
   \       0x1C   0xE1A0'0004        MOV      R0,R4
   \       0x20   0x....'....        BL       dcache_invalidate_region
     52          #ifdef CONFIG_HAVE_L2CACHE
     53          		if (l2cache_is_enabled())
   \       0x24   0x....'....        BL       l2cache_is_enabled
   \       0x28   0xE350'0000        CMP      R0,#+0
   \       0x2C   0x0A00'0003        BEQ      ??cache_invalidate_region_0
     54          			l2cache_invalidate_region(start_addr, end_addr);
   \       0x30   0xE1A0'1005        MOV      R1,R5
   \       0x34   0xE1A0'0004        MOV      R0,R4
   \       0x38   0xE8BD'4034        POP      {R2,R4,R5,LR}
   \       0x3C   0x....'....        B        l2cache_invalidate_region  ;; tailcall
     55          #endif /* CONFIG_HAVE_L2CACHE */
     56          	}
     57          #endif /* CONFIG_HAVE_L1CACHE */
     58          }
   \                     ??cache_invalidate_region_0:
   \       0x40   0xE8BD'8031        POP      {R0,R4,R5,PC}    ;; return
     59          

   \                                 In section SOFTPACK, align 4, keep-with-next
     60          void cache_clean_region(const void *start, uint32_t length)
     61          {
   \                     cache_clean_region:
   \        0x0   0xE92D'4038        PUSH     {R3-R5,LR}
   \        0x4   0xE1A0'4000        MOV      R4,R0
     62          	uint32_t start_addr = (uint32_t)start;
     63          	uint32_t end_addr = start_addr + length;
   \        0x8   0xE081'5004        ADD      R5,R1,R4
     64          
     65          #ifdef CONFIG_HAVE_L1CACHE
     66          	if (dcache_is_enabled()) {
   \        0xC   0x....'....        BL       dcache_is_enabled
   \       0x10   0xE350'0000        CMP      R0,#+0
   \       0x14   0x0A00'0009        BEQ      ??cache_clean_region_0
     67          		dcache_clean_region(start_addr, end_addr);
   \       0x18   0xE1A0'1005        MOV      R1,R5
   \       0x1C   0xE1A0'0004        MOV      R0,R4
   \       0x20   0x....'....        BL       dcache_clean_region
     68          #ifdef CONFIG_HAVE_L2CACHE
     69          		if (l2cache_is_enabled())
   \       0x24   0x....'....        BL       l2cache_is_enabled
   \       0x28   0xE350'0000        CMP      R0,#+0
   \       0x2C   0x0A00'0003        BEQ      ??cache_clean_region_0
     70          			l2cache_clean_region(start_addr, end_addr);
   \       0x30   0xE1A0'1005        MOV      R1,R5
   \       0x34   0xE1A0'0004        MOV      R0,R4
   \       0x38   0xE8BD'4034        POP      {R2,R4,R5,LR}
   \       0x3C   0x....'....        B        l2cache_clean_region  ;; tailcall
     71          #endif /* CONFIG_HAVE_L2CACHE */
     72          	}
     73          #endif /* CONFIG_HAVE_L1CACHE */
     74          }
   \                     ??cache_clean_region_0:
   \       0x40   0xE8BD'8031        POP      {R0,R4,R5,PC}    ;; return

   Maximum stack usage in bytes:

   .cstack Function
   ------- --------
      16   cache_clean_region
        16   -> dcache_clean_region
        16   -> dcache_is_enabled
         0   -> l2cache_clean_region
        16   -> l2cache_is_enabled
      16   cache_invalidate_region
        16   -> dcache_invalidate_region
        16   -> dcache_is_enabled
         0   -> l2cache_invalidate_region
        16   -> l2cache_is_enabled


   Section sizes:

   Bytes  Function/Label
   -----  --------------
      68  cache_clean_region
      68  cache_invalidate_region

 
 136 bytes in section SOFTPACK
 
 136 bytes of CODE memory

Errors: none
Warnings: none
