###############################################################################
#
# IAR ANSI C/C++ Compiler V8.50.1.245/W32 for ARM         26/May/2020  11:35:28
# Copyright 1999-2020 IAR Systems AB.
#
#    Cpu mode             
#    Endian            =  little
#    Source file       =
#        C:\work\AtmelSoftPAck\atmel-software-package-2.17\utils\intmath.c
#    Command line      =
#        -f C:\Users\c40450\AppData\Local\Temp\EW9C62.tmp
#        (C:\work\AtmelSoftPAck\atmel-software-package-2.17\utils\intmath.c -D
#        "SOFTPACK_VERSION=\"2.17\"" -D TRACE_LEVEL=5 -D VARIANT_SRAM -D
#        CONFIG_ARCH_ARMV5TE -D CONFIG_ARCH_ARM -D CONFIG_SOC_SAM9X60 -D
#        CONFIG_CHIP_SAM9X60 -D CONFIG_BOARD_SAM9X60_EK -D CONFIG_HAVE_AIC5 -D
#        CONFIG_HAVE_FLEXCOM -D CONFIG_HAVE_PIO3 -D CONFIG_HAVE_PIT -D
#        CONFIG_HAVE_SMC -D CONFIG_HAVE_SDRAMC -D CONFIG_HAVE_MPDDRC -D
#        CONFIG_HAVE_MPDDRC_DATA_PATH -D CONFIG_HAVE_MPDDRC_IO_CALIBRATION -D
#        CONFIG_HAVE_MPDDRC_DDR2 -D CONFIG_HAVE_ADC_LOW_RES -D
#        CONFIG_HAVE_PMC_FAST_STARTUP -D CONFIG_HAVE_PMC_GENERATED_CLOCKS -D
#        CONFIG_HAVE_SCKC -D CONFIG_HAVE_NFD0_ON_D16 -D CONFIG_HAVE_XDMAC -D
#        CONFIG_HAVE_PWMC -D CONFIG_HAVE_DDR2_W972GG6KB -D
#        CONFIG_HAVE_RSTC_EXTERNAL_RESET -D CONFIG_HAVE_RSTC_INDEPENDENT_RESET
#        -D CONFIG_HAVE_RTT -D CONFIG_HAVE_SHDWC -D CONFIG_HAVE_LED -D
#        CONFIG_HAVE_MMU -D CONFIG_HAVE_L1CACHE -D CONFIG_HAVE_OTPC -D
#        CONFIG_HAVE_DBGU -D CONFIG_HAVE_SERIALD_DBGU -D CONFIG_HAVE_USART -D
#        CONFIG_HAVE_USART_FIFO -D CONFIG_HAVE_DWDT --preprocess
#        C:\work\AtmelSoftPAck\atmel-software-package-2.17\examples\pwm\build\sam9x60-ek\sram\List
#        -lC
#        C:\work\AtmelSoftPAck\atmel-software-package-2.17\examples\pwm\build\sam9x60-ek\sram\List
#        --diag_suppress Pa050 -o
#        C:\work\AtmelSoftPAck\atmel-software-package-2.17\examples\pwm\build\sam9x60-ek\sram\Obj
#        --debug --endian=little --cpu=ARM926EJ-S -e --fpu=None --dlib_config
#        "C:\Program Files (x86)\IAR Systems\Embedded Workbench
#        8.4\arm\inc\c\DLib_Config_Normal.h" -I
#        C:\work\AtmelSoftPAck\atmel-software-package-2.17\examples\pwm\..\..\arch\
#        -I
#        C:\work\AtmelSoftPAck\atmel-software-package-2.17\examples\pwm\..\..\utils\
#        -I
#        C:\work\AtmelSoftPAck\atmel-software-package-2.17\examples\pwm\..\..\target\common\
#        -I
#        C:\work\AtmelSoftPAck\atmel-software-package-2.17\examples\pwm\..\..\target\sam9x60\
#        -I
#        C:\work\AtmelSoftPAck\atmel-software-package-2.17\examples\pwm\..\..\drivers\
#        -I
#        C:\work\AtmelSoftPAck\atmel-software-package-2.17\examples\pwm\..\..\lib\
#        --section .text=SOFTPACK --cpu_mode arm -Oh)
#    Locale            =  C
#    List file         =
#        C:\work\AtmelSoftPAck\atmel-software-package-2.17\examples\pwm\build\sam9x60-ek\sram\List\intmath.lst
#    Object file       =
#        C:\work\AtmelSoftPAck\atmel-software-package-2.17\examples\pwm\build\sam9x60-ek\sram\Obj\intmath.o
#    Runtime model:       
#      __SystemLibrary =  DLib
#      __dlib_version  =  6
#
###############################################################################

C:\work\AtmelSoftPAck\atmel-software-package-2.17\utils\intmath.c
      1          #include "intmath.h"
      2          
      3          #ifndef HAVE_BSD_FLS

   \                                 In section SOFTPACK, align 4, keep-with-next
      4          int fls(int value)
      5          {
      6          	int i;
      7          
      8          	for (i = 31; i >= 0; i--)
   \                     fls:
   \        0x0   0xE3A0'101F        MOV      R1,#+31
   \        0x4   0xE3A0'2001        MOV      R2,#+1
      9          		if (value & (1 << i))
   \                     ??fls_0:
   \        0x8   0xE112'0150        TST      R2,R0, ASR R1
   \        0xC   0x1A00'0003        BNE      ??fls_1
   \       0x10   0xE251'1001        SUBS     R1,R1,#+1
   \       0x14   0x5AFF'FFFB        BPL      ??fls_0
     10          			return i + 1;
     11          
     12          	return 0;
   \       0x18   0xE3A0'0000        MOV      R0,#+0
   \       0x1C   0xE12F'FF1E        BX       LR
   \                     ??fls_1:
   \       0x20   0xE281'0001        ADD      R0,R1,#+1
   \       0x24   0xE12F'FF1E        BX       LR               ;; return
     13          }
     14          #endif

   Maximum stack usage in bytes:

   .cstack Function
   ------- --------
       0   fls


   Section sizes:

   Bytes  Function/Label
   -----  --------------
      40  fls

 
 40 bytes in section SOFTPACK
 
 40 bytes of CODE memory

Errors: none
Warnings: none
