###############################################################################
#
# IAR ANSI C/C++ Compiler V8.50.1.245/W32 for ARM         23/Nov/2020  15:08:18
# Copyright 1999-2020 IAR Systems AB.
#
#    Cpu mode             
#    Endian            =  little
#    Source file       =
#        C:\work\AtmelSoftPAck\atmel-software-package-2.17\target\common\board_audio.c
#    Command line      =
#        -f C:\Users\c40450\AppData\Local\Temp\EWBC5E.tmp
#        (C:\work\AtmelSoftPAck\atmel-software-package-2.17\target\common\board_audio.c
#        -D "SOFTPACK_VERSION=\"2.17\"" -D TRACE_LEVEL=5 -D VARIANT_DDRAM -D
#        CONFIG_ARCH_ARMV5TE -D CONFIG_ARCH_ARM -D CONFIG_SOC_SAM9X60 -D
#        CONFIG_CHIP_SAM9X60 -D CONFIG_BOARD_SAM9X60_EK -D CONFIG_HAVE_AIC5 -D
#        CONFIG_HAVE_FLEXCOM -D CONFIG_HAVE_PIO3 -D CONFIG_HAVE_PIT -D
#        CONFIG_HAVE_SMC -D CONFIG_HAVE_SDRAMC -D CONFIG_HAVE_MPDDRC -D
#        CONFIG_HAVE_MPDDRC_DATA_PATH -D CONFIG_HAVE_MPDDRC_IO_CALIBRATION -D
#        CONFIG_HAVE_MPDDRC_DDR2 -D CONFIG_HAVE_ADC_LOW_RES -D
#        CONFIG_HAVE_PMC_FAST_STARTUP -D CONFIG_HAVE_PMC_GENERATED_CLOCKS -D
#        CONFIG_HAVE_SCKC -D CONFIG_HAVE_NFD0_ON_D16 -D CONFIG_HAVE_XDMAC -D
#        CONFIG_HAVE_PWMC -D CONFIG_HAVE_DDR2_W972GG6KB -D
#        CONFIG_HAVE_RSTC_EXTERNAL_RESET -D CONFIG_HAVE_RSTC_INDEPENDENT_RESET
#        -D CONFIG_HAVE_RTT -D CONFIG_HAVE_AUDIO -D CONFIG_HAVE_SSC -D
#        CONFIG_HAVE_CLASSD -D CONFIG_HAVE_SHDWC -D CONFIG_HAVE_MMU -D
#        CONFIG_HAVE_L1CACHE -D CONFIG_HAVE_OTPC -D CONFIG_HAVE_DBGU -D
#        CONFIG_HAVE_SERIALD_DBGU -D CONFIG_HAVE_USART -D
#        CONFIG_HAVE_USART_FIFO -D CONFIG_HAVE_DWDT --preprocess
#        C:\work\AtmelSoftPAck\atmel-software-package-2.17\examples\classd\build\sam9x60-ek\ddram\List
#        -lC
#        C:\work\AtmelSoftPAck\atmel-software-package-2.17\examples\classd\build\sam9x60-ek\ddram\List
#        --diag_suppress Pa050 -o
#        C:\work\AtmelSoftPAck\atmel-software-package-2.17\examples\classd\build\sam9x60-ek\ddram\Obj
#        --debug --endian=little --cpu=ARM926EJ-S -e --fpu=None --dlib_config
#        "C:\Program Files (x86)\IAR Systems\Embedded Workbench
#        8.4\arm\inc\c\DLib_Config_Normal.h" -I
#        C:\work\AtmelSoftPAck\atmel-software-package-2.17\examples\classd\..\..\arch\
#        -I
#        C:\work\AtmelSoftPAck\atmel-software-package-2.17\examples\classd\..\..\utils\
#        -I
#        C:\work\AtmelSoftPAck\atmel-software-package-2.17\examples\classd\..\..\target\common\
#        -I
#        C:\work\AtmelSoftPAck\atmel-software-package-2.17\examples\classd\..\..\target\sam9x60\
#        -I
#        C:\work\AtmelSoftPAck\atmel-software-package-2.17\examples\classd\..\..\drivers\
#        -I
#        C:\work\AtmelSoftPAck\atmel-software-package-2.17\examples\classd\..\..\lib\
#        --section .text=SOFTPACK --cpu_mode arm -Oh)
#    Locale            =  C
#    List file         =
#        C:\work\AtmelSoftPAck\atmel-software-package-2.17\examples\classd\build\sam9x60-ek\ddram\List\board_audio.lst
#    Object file       =
#        C:\work\AtmelSoftPAck\atmel-software-package-2.17\examples\classd\build\sam9x60-ek\ddram\Obj\board_audio.o
#    Runtime model:       
#      __SystemLibrary =  DLib
#      __dlib_version  =  6
#
###############################################################################

C:\work\AtmelSoftPAck\atmel-software-package-2.17\target\common\board_audio.c
      1          /* ----------------------------------------------------------------------------
      2           *         SAM Software Package License
      3           * ----------------------------------------------------------------------------
      4           * Copyright (c) 2016, Atmel Corporation
      5           *
      6           * All rights reserved.
      7           *
      8           * Redistribution and use in source and binary forms, with or without
      9           * modification, are permitted provided that the following conditions are met:
     10           *
     11           * - Redistributions of source code must retain the above copyright notice,
     12           * this list of conditions and the disclaimer below.
     13           *
     14           * Atmel's name may not be used to endorse or promote products derived from
     15           * this software without specific prior written permission.
     16           *
     17           * DISCLAIMER: THIS SOFTWARE IS PROVIDED BY ATMEL "AS IS" AND ANY EXPRESS OR
     18           * IMPLIED WARRANTIES, INCLUDING, BUT NOT LIMITED TO, THE IMPLIED WARRANTIES OF
     19           * MERCHANTABILITY, FITNESS FOR A PARTICULAR PURPOSE AND NON-INFRINGEMENT ARE
     20           * DISCLAIMED. IN NO EVENT SHALL ATMEL BE LIABLE FOR ANY DIRECT, INDIRECT,
     21           * INCIDENTAL, SPECIAL, EXEMPLARY, OR CONSEQUENTIAL DAMAGES (INCLUDING, BUT NOT
     22           * LIMITED TO, PROCUREMENT OF SUBSTITUTE GOODS OR SERVICES; LOSS OF USE, DATA,
     23           * OR PROFITS; OR BUSINESS INTERRUPTION) HOWEVER CAUSED AND ON ANY THEORY OF
     24           * LIABILITY, WHETHER IN CONTRACT, STRICT LIABILITY, OR TORT (INCLUDING
     25           * NEGLIGENCE OR OTHERWISE) ARISING IN ANY WAY OUT OF THE USE OF THIS SOFTWARE,
     26           * EVEN IF ADVISED OF THE POSSIBILITY OF SUCH DAMAGE.
     27           * ----------------------------------------------------------------------------
     28           */
     29          
     30          /*----------------------------------------------------------------------------
     31           *        Headers
     32           *----------------------------------------------------------------------------*/
     33          
     34          #include "board.h"
     35          #include "board_audio.h"
     36          
     37          #include "gpio/pio.h"
     38          
     39          #include "peripherals/pmc.h"
     40          
     41          /*----------------------------------------------------------------------------
     42           *        Public Functions
     43           *----------------------------------------------------------------------------*/
     44          
     45          #ifdef CONFIG_HAVE_PDMIC
     46          void board_cfg_pdmic(void)
     47          {
     48          #ifdef BOARD_PDMIC0_PINS
     49          	const struct _pin pins_pdmic[] = BOARD_PDMIC0_PINS;
     50          	pio_configure(pins_pdmic, ARRAY_SIZE(pins_pdmic));
     51          #endif
     52          }
     53          #endif
     54          
     55          #ifdef CONFIG_HAVE_CLASSD

   \                                 In section SOFTPACK, align 4, keep-with-next
     56          void board_cfg_classd(void)
     57          {
     58          #ifdef BOARD_CLASSD0_PINS
     59          	const struct _pin pins_classd[] = BOARD_CLASSD0_PINS;
     60          	pio_configure(pins_classd, ARRAY_SIZE(pins_classd));
   \                     board_cfg_classd:
   \        0x0   0xE3A0'1004        MOV      R1,#+4
   \        0x4   0x....'....        LDR      R0,??DataTable1
   \        0x8   0x....'....        B        pio_configure    ;; tailcall
     61          #endif
     62          }

   \                                 In section .rodata, align 4
   \                     `board_cfg_classd::pins_classd`:
   \        0x0   0x00 0x00          DC8 0, 0, 0, 0

   \              0x00 0x00
   \        0x4   0x0100'0000        DC32 16'777'216
   \        0x8   0x02 0x00          DC8 2, 0, 0, 0

   \              0x00 0x00
   \        0xC   0x0000'0000        DC32 0
   \       0x10   0x00 0x00          DC8 0, 0, 0, 0

   \              0x00 0x00
   \       0x14   0x0200'0000        DC32 33'554'432
   \       0x18   0x02 0x00          DC8 2, 0, 0, 0

   \              0x00 0x00
   \       0x1C   0x0000'0000        DC32 0
   \       0x20   0x00 0x00          DC8 0, 0, 0, 0

   \              0x00 0x00
   \       0x24   0x0400'0000        DC32 67'108'864
   \       0x28   0x02 0x00          DC8 2, 0, 0, 0

   \              0x00 0x00
   \       0x2C   0x0000'0000        DC32 0
   \       0x30   0x00 0x00          DC8 0, 0, 0, 0

   \              0x00 0x00
   \       0x34   0x0800'0000        DC32 134'217'728
   \       0x38   0x02 0x00          DC8 2, 0, 0, 0

   \              0x00 0x00
   \       0x3C   0x0000'0000        DC32 0
     63          #endif
     64          
     65          #ifdef CONFIG_HAVE_SSC

   \                                 In section SOFTPACK, align 4, keep-with-next
     66          void board_cfg_ssc(void)
     67          {
     68          #ifdef BOARD_SSC0_PINS
     69          	const struct _pin pins_ssc0[] = BOARD_SSC0_PINS;
     70          	pio_configure(pins_ssc0, ARRAY_SIZE(pins_ssc0));
   \                     board_cfg_ssc:
   \        0x0   0xE3A0'1001        MOV      R1,#+1
   \        0x4   0x....'....        ADR      R0,`board_cfg_ssc::pins_ssc0`
   \        0x8   0x....'....        B        pio_configure    ;; tailcall
     71          #endif
     72          #ifdef BOARD_SSC1_PINS
     73          	const struct _pin pins_ssc1[] = BOARD_SSC1_PINS;
     74          	pio_configure(pins_ssc1, ARRAY_SIZE(pins_ssc1));
     75          #endif
     76          }

   \                                 In section SOFTPACK, align 4, keep-with-next
   \                     `board_cfg_ssc::pins_ssc0`:
   \        0x0   0x00 0x00          DC8 0, 0, 0, 0

   \              0x00 0x00
   \        0x4   0x3F00'0000        DC32 1'056'964'608
   \        0x8   0x01 0x00          DC8 1, 0, 0, 0

   \              0x00 0x00
   \        0xC   0x0000'0000        DC32 0

   \                                 In section SOFTPACK, align 4, keep-with-next
   \                     ??DataTable1:
   \        0x0   0x....'....        DC32     `board_cfg_classd::pins_classd`
     77          #endif /* CONFIG_HAVE_SSC */

   Maximum stack usage in bytes:

   .cstack Function
   ------- --------
       0   board_cfg_classd
         0   -> pio_configure
       0   board_cfg_ssc
         0   -> pio_configure


   Section sizes:

   Bytes  Function/Label
   -----  --------------
       4  ??DataTable1
      12  board_cfg_classd
      12  board_cfg_ssc
      64  pins_classd
      16  pins_ssc0

 
 64 bytes in section .rodata
 44 bytes in section SOFTPACK
 
 44 bytes of CODE  memory
 64 bytes of CONST memory

Errors: none
Warnings: none
