###############################################################################
#
# IAR ANSI C/C++ Compiler V8.50.1.245/W32 for ARM         08/Dec/2020  16:30:43
# Copyright 1999-2020 IAR Systems AB.
#
#    Cpu mode             
#    Endian            =  little
#    Source file       =
#        C:\work\AtmelSoftPAck\atmel-software-package-2.17\target\common\board_audio.c
#    Command line      =
#        -f C:\Users\c40450\AppData\Local\Temp\EW5281.tmp
#        (C:\work\AtmelSoftPAck\atmel-software-package-2.17\target\common\board_audio.c
#        -D "SOFTPACK_VERSION=\"2.17\"" -D TRACE_LEVEL=5 -D VARIANT_DDRAM -D
#        CONFIG_ARCH_ARMV7A -D CONFIG_ARCH_ARM -D CONFIG_SOC_SAMA5D2 -D
#        CONFIG_CHIP_SAMA5D27 -D CONFIG_PACKAGE_289PIN -D
#        CONFIG_BOARD_SAMA5D2_XPLAINED -D CONFIG_HAVE_AIC5 -D
#        CONFIG_HAVE_FLEXCOM -D CONFIG_HAVE_PIO4 -D CONFIG_HAVE_PIO4_SECURE -D
#        CONFIG_HAVE_NFC -D CONFIG_HAVE_PIT -D CONFIG_HAVE_SMC -D
#        CONFIG_HAVE_SMC_SCRAMBLING -D CONFIG_HAVE_GMAC_QUEUES -D
#        CONFIG_HAVE_MPDDRC -D CONFIG_HAVE_MPDDRC_DATA_PATH -D
#        CONFIG_HAVE_MPDDRC_IO_CALIBRATION -D CONFIG_HAVE_MPDDRC_DDR2 -D
#        CONFIG_HAVE_MPDDRC_LPDDR2 -D CONFIG_HAVE_MPDDRC_DDR3 -D
#        CONFIG_HAVE_MPDDRC_LPDDR3 -D CONFIG_HAVE_ADC_SETTLING_TIME -D
#        CONFIG_HAVE_ADC_DIFF_INPUT -D CONFIG_HAVE_ADC_SEQ_R2 -D
#        CONFIG_HAVE_PMC_FAST_STARTUP -D CONFIG_HAVE_PMC_GENERATED_CLOCKS -D
#        CONFIG_HAVE_PMC_AUDIO_CLOCK -D CONFIG_HAVE_PMC_PLLADIV2 -D
#        CONFIG_HAVE_PMC_H32MXDIV -D CONFIG_HAVE_PMC_UPLL_BIAS -D
#        CONFIG_HAVE_SCKC -D CONFIG_HAVE_PWMC_DMA -D
#        CONFIG_HAVE_PWMC_SPREAD_SPECTRUM -D CONFIG_HAVE_PWMC_EXTERNAL_TRIGGER
#        -D CONFIG_HAVE_PWMC_FAULT_PROT_HIZ -D CONFIG_HAVE_PWMC_STEPPER_MOTOR
#        -D CONFIG_HAVE_PWMC_CMP_UNIT -D CONFIG_HAVE_PWMC_SYNC_MODE -D
#        CONFIG_HAVE_PWMC_OOV -D CONFIG_HAVE_PWMC_FMODE -D CONFIG_HAVE_PWMC_WP
#        -D CONFIG_HAVE_PWMC_DTIME -D CONFIG_HAVE_PWMC_ELINE -D
#        CONFIG_HAVE_SFRBU -D CONFIG_HAVE_L2CC -D CONFIG_HAVE_SAIC -D
#        CONFIG_HAVE_XDMAC -D CONFIG_HAVE_XDMAC_DATA_WIDTH_DWORD -D
#        CONFIG_HAVE_SECUMOD -D CONFIG_HAVE_SFC -D CONFIG_HAVE_PWMC -D
#        CONFIG_HAVE_SECURE_MATRIX -D CONFIG_HAVE_DDR3_MT41K128M16 -D
#        CONFIG_HAVE_RSTC_CONFIGURABLE_USER_RESET -D CONFIG_HAVE_TC_FAULT_MODE
#        -D CONFIG_HAVE_TC_DMA_MODE -D CONFIG_HAVE_RTC_CALIBRATION -D
#        CONFIG_HAVE_RTC_MODE_PERSIAN -D CONFIG_HAVE_RTC_MODE_UTC -D
#        CONFIG_HAVE_RTC_TAMPER -D CONFIG_HAVE_AUDIO -D CONFIG_HAVE_SSC -D
#        CONFIG_HAVE_CLASSD -D CONFIG_HAVE_PDMIC -D CONFIG_HAVE_AUDIO_AD1934 -D
#        CONFIG_HAVE_SHDWC -D CONFIG_HAVE_SPI -D CONFIG_HAVE_SPI_FIFO -D
#        CONFIG_HAVE_MMU -D CONFIG_HAVE_L1CACHE -D CONFIG_HAVE_L2CACHE -D
#        CONFIG_HAVE_SPI_BUS -D CONFIG_HAVE_UART -D CONFIG_HAVE_SERIALD_UART -D
#        CONFIG_HAVE_USART -D CONFIG_HAVE_USART_FIFO --preprocess
#        C:\work\AtmelSoftPAck\atmel-software-package-2.17\examples\classd\build\sama5d2-xplained\ddram\List
#        -lC
#        C:\work\AtmelSoftPAck\atmel-software-package-2.17\examples\classd\build\sama5d2-xplained\ddram\List
#        --diag_suppress Pa050 -o
#        C:\work\AtmelSoftPAck\atmel-software-package-2.17\examples\classd\build\sama5d2-xplained\ddram\Obj
#        --no_cse --no_unroll --no_inline --no_code_motion --no_tbaa
#        --no_clustering --no_scheduling --debug --endian=little
#        --cpu=Cortex-A5 -e --fpu=VFPv4_D16 --dlib_config "C:\Program Files
#        (x86)\IAR Systems\Embedded Workbench
#        8.4\arm\inc\c\DLib_Config_Normal.h" -I
#        C:\work\AtmelSoftPAck\atmel-software-package-2.17\examples\classd\..\..\arch\
#        -I
#        C:\work\AtmelSoftPAck\atmel-software-package-2.17\examples\classd\..\..\utils\
#        -I
#        C:\work\AtmelSoftPAck\atmel-software-package-2.17\examples\classd\..\..\target\common\
#        -I
#        C:\work\AtmelSoftPAck\atmel-software-package-2.17\examples\classd\..\..\target\sama5d2\
#        -I
#        C:\work\AtmelSoftPAck\atmel-software-package-2.17\examples\classd\..\..\drivers\
#        -I
#        C:\work\AtmelSoftPAck\atmel-software-package-2.17\examples\classd\..\..\lib\
#        --section .text=SOFTPACK --cpu_mode arm -On)
#    Locale            =  C
#    List file         =
#        C:\work\AtmelSoftPAck\atmel-software-package-2.17\examples\classd\build\sama5d2-xplained\ddram\List\board_audio.lst
#    Object file       =
#        C:\work\AtmelSoftPAck\atmel-software-package-2.17\examples\classd\build\sama5d2-xplained\ddram\Obj\board_audio.o
#    Runtime model:       
#      __SystemLibrary =  DLib
#      __dlib_version  =  6
#
###############################################################################

C:\work\AtmelSoftPAck\atmel-software-package-2.17\target\common\board_audio.c
      1          /* ----------------------------------------------------------------------------
      2           *         SAM Software Package License
      3           * ----------------------------------------------------------------------------
      4           * Copyright (c) 2016, Atmel Corporation
      5           *
      6           * All rights reserved.
      7           *
      8           * Redistribution and use in source and binary forms, with or without
      9           * modification, are permitted provided that the following conditions are met:
     10           *
     11           * - Redistributions of source code must retain the above copyright notice,
     12           * this list of conditions and the disclaimer below.
     13           *
     14           * Atmel's name may not be used to endorse or promote products derived from
     15           * this software without specific prior written permission.
     16           *
     17           * DISCLAIMER: THIS SOFTWARE IS PROVIDED BY ATMEL "AS IS" AND ANY EXPRESS OR
     18           * IMPLIED WARRANTIES, INCLUDING, BUT NOT LIMITED TO, THE IMPLIED WARRANTIES OF
     19           * MERCHANTABILITY, FITNESS FOR A PARTICULAR PURPOSE AND NON-INFRINGEMENT ARE
     20           * DISCLAIMED. IN NO EVENT SHALL ATMEL BE LIABLE FOR ANY DIRECT, INDIRECT,
     21           * INCIDENTAL, SPECIAL, EXEMPLARY, OR CONSEQUENTIAL DAMAGES (INCLUDING, BUT NOT
     22           * LIMITED TO, PROCUREMENT OF SUBSTITUTE GOODS OR SERVICES; LOSS OF USE, DATA,
     23           * OR PROFITS; OR BUSINESS INTERRUPTION) HOWEVER CAUSED AND ON ANY THEORY OF
     24           * LIABILITY, WHETHER IN CONTRACT, STRICT LIABILITY, OR TORT (INCLUDING
     25           * NEGLIGENCE OR OTHERWISE) ARISING IN ANY WAY OUT OF THE USE OF THIS SOFTWARE,
     26           * EVEN IF ADVISED OF THE POSSIBILITY OF SUCH DAMAGE.
     27           * ----------------------------------------------------------------------------
     28           */
     29          
     30          /*----------------------------------------------------------------------------
     31           *        Headers
     32           *----------------------------------------------------------------------------*/
     33          
     34          #include "board.h"
     35          #include "board_audio.h"
     36          
     37          #include "gpio/pio.h"
     38          
     39          #include "peripherals/pmc.h"
     40          
     41          /*----------------------------------------------------------------------------
     42           *        Public Functions
     43           *----------------------------------------------------------------------------*/
     44          
     45          #ifdef CONFIG_HAVE_PDMIC

   \                                 In section SOFTPACK, align 4, keep-with-next
     46          void board_cfg_pdmic(void)
     47          {
   \                     board_cfg_pdmic:
   \        0x0   0xE92D'5F00        PUSH     {R8-R12,LR}
     48          #ifdef BOARD_PDMIC0_PINS
     49          	const struct _pin pins_pdmic[] = BOARD_PDMIC0_PINS;
   \        0x4   0xE1B0'000D        MOVS     R0,SP
   \        0x8   0x....'....        LDR      R1,??DataTable2
   \        0xC   0xE3A0'2010        MOV      R2,#+16
   \       0x10   0x....'....        BL       __aeabi_memcpy4
     50          	pio_configure(pins_pdmic, ARRAY_SIZE(pins_pdmic));
   \       0x14   0xE3A0'1001        MOV      R1,#+1
   \       0x18   0xE1B0'000D        MOVS     R0,SP
   \       0x1C   0x....'....        BL       pio_configure
     51          #endif
     52          }
   \       0x20   0xE28D'D014        ADD      SP,SP,#+20
   \       0x24   0xE8BD'8000        POP      {PC}             ;; return
     53          #endif
     54          
     55          #ifdef CONFIG_HAVE_CLASSD

   \                                 In section SOFTPACK, align 4, keep-with-next
     56          void board_cfg_classd(void)
     57          {
   \                     board_cfg_classd:
   \        0x0   0xE92D'5000        PUSH     {R12,LR}
   \        0x4   0xE24D'D040        SUB      SP,SP,#+64
     58          #ifdef BOARD_CLASSD0_PINS
     59          	const struct _pin pins_classd[] = BOARD_CLASSD0_PINS;
   \        0x8   0xE1B0'000D        MOVS     R0,SP
   \        0xC   0x....'....        LDR      R1,??DataTable2_1
   \       0x10   0xE3A0'2040        MOV      R2,#+64
   \       0x14   0x....'....        BL       __aeabi_memcpy4
     60          	pio_configure(pins_classd, ARRAY_SIZE(pins_classd));
   \       0x18   0xE3A0'1004        MOV      R1,#+4
   \       0x1C   0xE1B0'000D        MOVS     R0,SP
   \       0x20   0x....'....        BL       pio_configure
     61          #endif
     62          }
   \       0x24   0xE28D'D044        ADD      SP,SP,#+68
   \       0x28   0xE8BD'8000        POP      {PC}             ;; return
     63          #endif
     64          
     65          #ifdef CONFIG_HAVE_I2SC 
     66          void board_cfg_i2sc(void)
     67          {
     68          #ifdef BOARD_I2SC0_PINS 
     69          	const struct _pin pins_i2sc0[] = BOARD_I2SC0_PINS;
     70          	pio_configure(pins_i2sc0, ARRAY_SIZE(pins_i2sc0));
     71          #endif
     72          }
     73          #endif
     74          
     75          #ifdef CONFIG_HAVE_SSC  

   \                                 In section SOFTPACK, align 4, keep-with-next
     76          void board_cfg_ssc(void)
     77          {
   \                     board_cfg_ssc:
   \        0x0   0xE92D'5000        PUSH     {R12,LR}
   \        0x4   0xE24D'D020        SUB      SP,SP,#+32
     78          #ifdef BOARD_SSC0_PINS
     79          	const struct _pin pins_ssc0[] = BOARD_SSC0_PINS;
   \        0x8   0xE28D'0010        ADD      R0,SP,#+16
   \        0xC   0x....'....        LDR      R1,??DataTable2_2
   \       0x10   0xE3A0'2010        MOV      R2,#+16
   \       0x14   0x....'....        BL       __aeabi_memcpy4
     80          	pio_configure(pins_ssc0, ARRAY_SIZE(pins_ssc0));
   \       0x18   0xE3A0'1001        MOV      R1,#+1
   \       0x1C   0xE28D'0010        ADD      R0,SP,#+16
   \       0x20   0x....'....        BL       pio_configure
     81          #endif
     82          #ifdef BOARD_SSC1_PINS
     83          	const struct _pin pins_ssc1[] = BOARD_SSC1_PINS;
   \       0x24   0xE1B0'000D        MOVS     R0,SP
   \       0x28   0x....'....        LDR      R1,??DataTable2_3
   \       0x2C   0xE3A0'2010        MOV      R2,#+16
   \       0x30   0x....'....        BL       __aeabi_memcpy4
     84          	pio_configure(pins_ssc1, ARRAY_SIZE(pins_ssc1));
   \       0x34   0xE3A0'1001        MOV      R1,#+1
   \       0x38   0xE1B0'000D        MOVS     R0,SP
   \       0x3C   0x....'....        BL       pio_configure
     85          #endif
     86          }
   \       0x40   0xE28D'D024        ADD      SP,SP,#+36
   \       0x44   0xE8BD'8000        POP      {PC}             ;; return

   \                                 In section SOFTPACK, align 4, keep-with-next
   \                     ??DataTable2:
   \        0x0   0x....'....        DC32     ?_0

   \                                 In section SOFTPACK, align 4, keep-with-next
   \                     ??DataTable2_1:
   \        0x0   0x....'....        DC32     ?_1

   \                                 In section SOFTPACK, align 4, keep-with-next
   \                     ??DataTable2_2:
   \        0x0   0x....'....        DC32     ?_2

   \                                 In section SOFTPACK, align 4, keep-with-next
   \                     ??DataTable2_3:
   \        0x0   0x....'....        DC32     ?_3

   \                                 In section .rodata, align 4
   \                     ?_0:
   \        0x0   0x01 0x00          DC8 1, 0, 0, 0

   \              0x00 0x00
   \        0x4   0x0C00'0000        DC32 201'326'592
   \        0x8   0x03 0x00          DC8 3, 0, 0, 0

   \              0x00 0x00
   \        0xC   0x0000'0000        DC32 0

   \                                 In section .rodata, align 4
   \                     ?_1:
   \        0x0   0x01 0x00          DC8 1, 0, 0, 0

   \              0x00 0x00
   \        0x4   0x0000'0002        DC32 2
   \        0x8   0x05 0x00          DC8 5, 0, 0, 0

   \              0x00 0x00
   \        0xC   0x0000'0000        DC32 0
   \       0x10   0x01 0x00          DC8 1, 0, 0, 0

   \              0x00 0x00
   \       0x14   0x0000'0004        DC32 4
   \       0x18   0x05 0x00          DC8 5, 0, 0, 0

   \              0x00 0x00
   \       0x1C   0x0000'0000        DC32 0
   \       0x20   0x01 0x00          DC8 1, 0, 0, 0

   \              0x00 0x00
   \       0x24   0x0000'0008        DC32 8
   \       0x28   0x05 0x00          DC8 5, 0, 0, 0

   \              0x00 0x00
   \       0x2C   0x0000'0000        DC32 0
   \       0x30   0x01 0x00          DC8 1, 0, 0, 0

   \              0x00 0x00
   \       0x34   0x0000'0010        DC32 16
   \       0x38   0x05 0x00          DC8 5, 0, 0, 0

   \              0x00 0x00
   \       0x3C   0x0000'0000        DC32 0

   \                                 In section .rodata, align 4
   \                     ?_2:
   \        0x0   0x02 0x00          DC8 2, 0, 0, 0

   \              0x00 0x00
   \        0x4   0x03F0'0000        DC32 66'060'288
   \        0x8   0x02 0x00          DC8 2, 0, 0, 0

   \              0x00 0x00
   \        0xC   0x0000'0000        DC32 0

   \                                 In section .rodata, align 4
   \                     ?_3:
   \        0x0   0x00 0x00          DC8 0, 0, 0, 0

   \              0x00 0x00
   \        0x4   0x000F'C000        DC32 1'032'192
   \        0x8   0x01 0x00          DC8 1, 0, 0, 0

   \              0x00 0x00
   \        0xC   0x0000'0000        DC32 0
     87          #endif /* CONFIG_HAVE_SSC */

   Maximum stack usage in bytes:

   .cstack Function
   ------- --------
      72   board_cfg_classd
        72   -> __aeabi_memcpy4
        72   -> pio_configure
      24   board_cfg_pdmic
        24   -> __aeabi_memcpy4
        24   -> pio_configure
      40   board_cfg_ssc
        40   -> __aeabi_memcpy4
        40   -> pio_configure


   Section sizes:

   Bytes  Function/Label
   -----  --------------
       4  ??DataTable2
       4  ??DataTable2_1
       4  ??DataTable2_2
       4  ??DataTable2_3
      16  ?_0
      64  ?_1
      16  ?_2
      16  ?_3
      44  board_cfg_classd
      40  board_cfg_pdmic
      72  board_cfg_ssc

 
 112 bytes in section .rodata
 172 bytes in section SOFTPACK
 
 172 bytes of CODE  memory
 112 bytes of CONST memory

Errors: none
Warnings: none
